<?xml version="1.0" encoding="UTF-8"?>
<testsuite xmlns:xsi="http://www.w3.org/2001/XMLSchema-instance" xsi:noNamespaceSchemaLocation="https://maven.apache.org/surefire/maven-surefire-plugin/xsd/surefire-test-report-3.0.xsd" version="3.0" name="com.example.DeliveryApp.repository.RegUsuRepositoryTest" time="3.425" tests="2" errors="0" skipped="0" failures="0">
  <properties>
    <property name="java.specification.version" value="21"/>
    <property name="sun.jnu.encoding" value="UTF-8"/>
    <property name="java.class.path" value="/Users/pablojavier/Documents/Study/Entregas Examen /Ejemplos/deliveryapp/target/test-classes:/Users/pablojavier/Documents/Study/Entregas Examen /Ejemplos/deliveryapp/target/classes:/Users/pablojavier/.m2/repository/org/springframework/boot/spring-boot-starter-web/3.2.4/spring-boot-starter-web-3.2.4.jar:/Users/pablojavier/.m2/repository/org/springframework/boot/spring-boot-starter/3.2.4/spring-boot-starter-3.2.4.jar:/Users/pablojavier/.m2/repository/org/springframework/boot/spring-boot-starter-logging/3.2.4/spring-boot-starter-logging-3.2.4.jar:/Users/pablojavier/.m2/repository/ch/qos/logback/logback-classic/1.4.14/logback-classic-1.4.14.jar:/Users/pablojavier/.m2/repository/ch/qos/logback/logback-core/1.4.14/logback-core-1.4.14.jar:/Users/pablojavier/.m2/repository/org/apache/logging/log4j/log4j-to-slf4j/2.21.1/log4j-to-slf4j-2.21.1.jar:/Users/pablojavier/.m2/repository/org/apache/logging/log4j/log4j-api/2.21.1/log4j-api-2.21.1.jar:/Users/pablojavier/.m2/repository/org/slf4j/jul-to-slf4j/2.0.12/jul-to-slf4j-2.0.12.jar:/Users/pablojavier/.m2/repository/jakarta/annotation/jakarta.annotation-api/2.1.1/jakarta.annotation-api-2.1.1.jar:/Users/pablojavier/.m2/repository/org/yaml/snakeyaml/2.2/snakeyaml-2.2.jar:/Users/pablojavier/.m2/repository/org/springframework/boot/spring-boot-starter-json/3.2.4/spring-boot-starter-json-3.2.4.jar:/Users/pablojavier/.m2/repository/com/fasterxml/jackson/core/jackson-databind/2.15.4/jackson-databind-2.15.4.jar:/Users/pablojavier/.m2/repository/com/fasterxml/jackson/core/jackson-annotations/2.15.4/jackson-annotations-2.15.4.jar:/Users/pablojavier/.m2/repository/com/fasterxml/jackson/core/jackson-core/2.15.4/jackson-core-2.15.4.jar:/Users/pablojavier/.m2/repository/com/fasterxml/jackson/datatype/jackson-datatype-jdk8/2.15.4/jackson-datatype-jdk8-2.15.4.jar:/Users/pablojavier/.m2/repository/com/fasterxml/jackson/datatype/jackson-datatype-jsr310/2.15.4/jackson-datatype-jsr310-2.15.4.jar:/Users/pablojavier/.m2/repository/com/fasterxml/jackson/module/jackson-module-parameter-names/2.15.4/jackson-module-parameter-names-2.15.4.jar:/Users/pablojavier/.m2/repository/org/springframework/boot/spring-boot-starter-tomcat/3.2.4/spring-boot-starter-tomcat-3.2.4.jar:/Users/pablojavier/.m2/repository/org/apache/tomcat/embed/tomcat-embed-core/10.1.19/tomcat-embed-core-10.1.19.jar:/Users/pablojavier/.m2/repository/org/apache/tomcat/embed/tomcat-embed-websocket/10.1.19/tomcat-embed-websocket-10.1.19.jar:/Users/pablojavier/.m2/repository/org/springframework/spring-web/6.1.5/spring-web-6.1.5.jar:/Users/pablojavier/.m2/repository/org/springframework/spring-beans/6.1.5/spring-beans-6.1.5.jar:/Users/pablojavier/.m2/repository/org/springframework/spring-webmvc/6.1.5/spring-webmvc-6.1.5.jar:/Users/pablojavier/.m2/repository/org/springframework/spring-aop/6.1.5/spring-aop-6.1.5.jar:/Users/pablojavier/.m2/repository/org/springframework/spring-context/6.1.5/spring-context-6.1.5.jar:/Users/pablojavier/.m2/repository/org/springframework/spring-expression/6.1.5/spring-expression-6.1.5.jar:/Users/pablojavier/.m2/repository/org/springframework/boot/spring-boot-devtools/3.2.4/spring-boot-devtools-3.2.4.jar:/Users/pablojavier/.m2/repository/org/springframework/boot/spring-boot/3.2.4/spring-boot-3.2.4.jar:/Users/pablojavier/.m2/repository/org/springframework/boot/spring-boot-autoconfigure/3.2.4/spring-boot-autoconfigure-3.2.4.jar:/Users/pablojavier/.m2/repository/org/projectlombok/lombok/1.18.30/lombok-1.18.30.jar:/Users/pablojavier/.m2/repository/org/springframework/boot/spring-boot-starter-test/3.2.4/spring-boot-starter-test-3.2.4.jar:/Users/pablojavier/.m2/repository/org/springframework/boot/spring-boot-test/3.2.4/spring-boot-test-3.2.4.jar:/Users/pablojavier/.m2/repository/org/springframework/boot/spring-boot-test-autoconfigure/3.2.4/spring-boot-test-autoconfigure-3.2.4.jar:/Users/pablojavier/.m2/repository/com/jayway/jsonpath/json-path/2.9.0/json-path-2.9.0.jar:/Users/pablojavier/.m2/repository/org/slf4j/slf4j-api/2.0.12/slf4j-api-2.0.12.jar:/Users/pablojavier/.m2/repository/jakarta/xml/bind/jakarta.xml.bind-api/4.0.2/jakarta.xml.bind-api-4.0.2.jar:/Users/pablojavier/.m2/repository/jakarta/activation/jakarta.activation-api/2.1.3/jakarta.activation-api-2.1.3.jar:/Users/pablojavier/.m2/repository/net/minidev/json-smart/2.5.0/json-smart-2.5.0.jar:/Users/pablojavier/.m2/repository/net/minidev/accessors-smart/2.5.0/accessors-smart-2.5.0.jar:/Users/pablojavier/.m2/repository/org/ow2/asm/asm/9.3/asm-9.3.jar:/Users/pablojavier/.m2/repository/org/assertj/assertj-core/3.24.2/assertj-core-3.24.2.jar:/Users/pablojavier/.m2/repository/net/bytebuddy/byte-buddy/1.14.12/byte-buddy-1.14.12.jar:/Users/pablojavier/.m2/repository/org/awaitility/awaitility/4.2.0/awaitility-4.2.0.jar:/Users/pablojavier/.m2/repository/org/hamcrest/hamcrest/2.2/hamcrest-2.2.jar:/Users/pablojavier/.m2/repository/org/junit/jupiter/junit-jupiter/5.10.2/junit-jupiter-5.10.2.jar:/Users/pablojavier/.m2/repository/org/junit/jupiter/junit-jupiter-api/5.10.2/junit-jupiter-api-5.10.2.jar:/Users/pablojavier/.m2/repository/org/opentest4j/opentest4j/1.3.0/opentest4j-1.3.0.jar:/Users/pablojavier/.m2/repository/org/junit/platform/junit-platform-commons/1.10.2/junit-platform-commons-1.10.2.jar:/Users/pablojavier/.m2/repository/org/apiguardian/apiguardian-api/1.1.2/apiguardian-api-1.1.2.jar:/Users/pablojavier/.m2/repository/org/junit/jupiter/junit-jupiter-params/5.10.2/junit-jupiter-params-5.10.2.jar:/Users/pablojavier/.m2/repository/org/junit/jupiter/junit-jupiter-engine/5.10.2/junit-jupiter-engine-5.10.2.jar:/Users/pablojavier/.m2/repository/org/junit/platform/junit-platform-engine/1.10.2/junit-platform-engine-1.10.2.jar:/Users/pablojavier/.m2/repository/org/mockito/mockito-core/5.7.0/mockito-core-5.7.0.jar:/Users/pablojavier/.m2/repository/net/bytebuddy/byte-buddy-agent/1.14.12/byte-buddy-agent-1.14.12.jar:/Users/pablojavier/.m2/repository/org/objenesis/objenesis/3.3/objenesis-3.3.jar:/Users/pablojavier/.m2/repository/org/mockito/mockito-junit-jupiter/5.7.0/mockito-junit-jupiter-5.7.0.jar:/Users/pablojavier/.m2/repository/org/skyscreamer/jsonassert/1.5.1/jsonassert-1.5.1.jar:/Users/pablojavier/.m2/repository/com/vaadin/external/google/android-json/0.0.20131108.vaadin1/android-json-0.0.20131108.vaadin1.jar:/Users/pablojavier/.m2/repository/org/springframework/spring-core/6.1.5/spring-core-6.1.5.jar:/Users/pablojavier/.m2/repository/org/springframework/spring-jcl/6.1.5/spring-jcl-6.1.5.jar:/Users/pablojavier/.m2/repository/org/springframework/spring-test/6.1.5/spring-test-6.1.5.jar:/Users/pablojavier/.m2/repository/org/xmlunit/xmlunit-core/2.9.1/xmlunit-core-2.9.1.jar:/Users/pablojavier/.m2/repository/org/springframework/boot/spring-boot-starter-data-jpa/3.2.4/spring-boot-starter-data-jpa-3.2.4.jar:/Users/pablojavier/.m2/repository/org/springframework/boot/spring-boot-starter-aop/3.2.4/spring-boot-starter-aop-3.2.4.jar:/Users/pablojavier/.m2/repository/org/aspectj/aspectjweaver/1.9.21/aspectjweaver-1.9.21.jar:/Users/pablojavier/.m2/repository/org/springframework/boot/spring-boot-starter-jdbc/3.2.4/spring-boot-starter-jdbc-3.2.4.jar:/Users/pablojavier/.m2/repository/com/zaxxer/HikariCP/5.0.1/HikariCP-5.0.1.jar:/Users/pablojavier/.m2/repository/org/springframework/spring-jdbc/6.1.5/spring-jdbc-6.1.5.jar:/Users/pablojavier/.m2/repository/org/hibernate/orm/hibernate-core/6.4.4.Final/hibernate-core-6.4.4.Final.jar:/Users/pablojavier/.m2/repository/jakarta/persistence/jakarta.persistence-api/3.1.0/jakarta.persistence-api-3.1.0.jar:/Users/pablojavier/.m2/repository/jakarta/transaction/jakarta.transaction-api/2.0.1/jakarta.transaction-api-2.0.1.jar:/Users/pablojavier/.m2/repository/org/jboss/logging/jboss-logging/3.5.3.Final/jboss-logging-3.5.3.Final.jar:/Users/pablojavier/.m2/repository/org/hibernate/common/hibernate-commons-annotations/6.0.6.Final/hibernate-commons-annotations-6.0.6.Final.jar:/Users/pablojavier/.m2/repository/io/smallrye/jandex/3.1.2/jandex-3.1.2.jar:/Users/pablojavier/.m2/repository/com/fasterxml/classmate/1.6.0/classmate-1.6.0.jar:/Users/pablojavier/.m2/repository/org/glassfish/jaxb/jaxb-runtime/4.0.5/jaxb-runtime-4.0.5.jar:/Users/pablojavier/.m2/repository/org/glassfish/jaxb/jaxb-core/4.0.5/jaxb-core-4.0.5.jar:/Users/pablojavier/.m2/repository/org/eclipse/angus/angus-activation/2.0.2/angus-activation-2.0.2.jar:/Users/pablojavier/.m2/repository/org/glassfish/jaxb/txw2/4.0.5/txw2-4.0.5.jar:/Users/pablojavier/.m2/repository/com/sun/istack/istack-commons-runtime/4.1.2/istack-commons-runtime-4.1.2.jar:/Users/pablojavier/.m2/repository/jakarta/inject/jakarta.inject-api/2.0.1/jakarta.inject-api-2.0.1.jar:/Users/pablojavier/.m2/repository/org/antlr/antlr4-runtime/4.13.0/antlr4-runtime-4.13.0.jar:/Users/pablojavier/.m2/repository/org/springframework/data/spring-data-jpa/3.2.4/spring-data-jpa-3.2.4.jar:/Users/pablojavier/.m2/repository/org/springframework/data/spring-data-commons/3.2.4/spring-data-commons-3.2.4.jar:/Users/pablojavier/.m2/repository/org/springframework/spring-orm/6.1.5/spring-orm-6.1.5.jar:/Users/pablojavier/.m2/repository/org/springframework/spring-tx/6.1.5/spring-tx-6.1.5.jar:/Users/pablojavier/.m2/repository/org/springframework/spring-aspects/6.1.5/spring-aspects-6.1.5.jar:/Users/pablojavier/.m2/repository/com/oracle/database/jdbc/ojdbc11/21.9.0.0/ojdbc11-21.9.0.0.jar:/Users/pablojavier/.m2/repository/com/oracle/database/security/oraclepki/21.5.0.0/oraclepki-21.5.0.0.jar:/Users/pablojavier/.m2/repository/com/oracle/database/security/osdt_cert/21.5.0.0/osdt_cert-21.5.0.0.jar:/Users/pablojavier/.m2/repository/com/oracle/database/security/osdt_core/21.5.0.0/osdt_core-21.5.0.0.jar:/Users/pablojavier/.m2/repository/org/springframework/boot/spring-boot-starter-validation/3.2.4/spring-boot-starter-validation-3.2.4.jar:/Users/pablojavier/.m2/repository/org/apache/tomcat/embed/tomcat-embed-el/10.1.19/tomcat-embed-el-10.1.19.jar:/Users/pablojavier/.m2/repository/org/hibernate/validator/hibernate-validator/8.0.1.Final/hibernate-validator-8.0.1.Final.jar:/Users/pablojavier/.m2/repository/jakarta/validation/jakarta.validation-api/3.0.2/jakarta.validation-api-3.0.2.jar:/Users/pablojavier/.m2/repository/org/springframework/boot/spring-boot-starter-actuator/3.2.4/spring-boot-starter-actuator-3.2.4.jar:/Users/pablojavier/.m2/repository/org/springframework/boot/spring-boot-actuator-autoconfigure/3.2.4/spring-boot-actuator-autoconfigure-3.2.4.jar:/Users/pablojavier/.m2/repository/org/springframework/boot/spring-boot-actuator/3.2.4/spring-boot-actuator-3.2.4.jar:/Users/pablojavier/.m2/repository/io/micrometer/micrometer-observation/1.12.4/micrometer-observation-1.12.4.jar:/Users/pablojavier/.m2/repository/io/micrometer/micrometer-commons/1.12.4/micrometer-commons-1.12.4.jar:/Users/pablojavier/.m2/repository/io/micrometer/micrometer-jakarta9/1.12.4/micrometer-jakarta9-1.12.4.jar:/Users/pablojavier/.m2/repository/io/micrometer/micrometer-core/1.12.4/micrometer-core-1.12.4.jar:/Users/pablojavier/.m2/repository/org/hdrhistogram/HdrHistogram/2.1.12/HdrHistogram-2.1.12.jar:/Users/pablojavier/.m2/repository/org/latencyutils/LatencyUtils/2.0.3/LatencyUtils-2.0.3.jar:/Users/pablojavier/.m2/repository/org/springframework/boot/spring-boot-starter-hateoas/3.2.4/spring-boot-starter-hateoas-3.2.4.jar:/Users/pablojavier/.m2/repository/org/springframework/hateoas/spring-hateoas/2.2.1/spring-hateoas-2.2.1.jar:/Users/pablojavier/.m2/repository/org/springframework/plugin/spring-plugin-core/3.0.0/spring-plugin-core-3.0.0.jar:"/>
    <property name="java.vm.vendor" value="Oracle Corporation"/>
    <property name="sun.arch.data.model" value="64"/>
    <property name="java.vendor.url" value="https://java.oracle.com/"/>
    <property name="user.timezone" value="America/Santiago"/>
    <property name="org.jboss.logging.provider" value="slf4j"/>
    <property name="os.name" value="Mac OS X"/>
    <property name="java.vm.specification.version" value="21"/>
    <property name="sun.java.launcher" value="SUN_STANDARD"/>
    <property name="user.country" value="CL"/>
    <property name="sun.boot.library.path" value="/Library/Java/JavaVirtualMachines/jdk-21.jdk/Contents/Home/lib"/>
    <property name="sun.java.command" value="/Users/pablojavier/Documents/Study/Entregas Examen /Ejemplos/deliveryapp/target/surefire/surefirebooter-20240505022622520_3.jar /Users/pablojavier/Documents/Study/Entregas Examen /Ejemplos/deliveryapp/target/surefire 2024-05-05T02-26-22_477-jvmRun1 surefire-20240505022622520_1tmp surefire_0-20240505022622520_2tmp"/>
    <property name="http.nonProxyHosts" value="local|*.local|169.254/16|*.169.254/16"/>
    <property name="jdk.debug" value="release"/>
    <property name="surefire.test.class.path" value="/Users/pablojavier/Documents/Study/Entregas Examen /Ejemplos/deliveryapp/target/test-classes:/Users/pablojavier/Documents/Study/Entregas Examen /Ejemplos/deliveryapp/target/classes:/Users/pablojavier/.m2/repository/org/springframework/boot/spring-boot-starter-web/3.2.4/spring-boot-starter-web-3.2.4.jar:/Users/pablojavier/.m2/repository/org/springframework/boot/spring-boot-starter/3.2.4/spring-boot-starter-3.2.4.jar:/Users/pablojavier/.m2/repository/org/springframework/boot/spring-boot-starter-logging/3.2.4/spring-boot-starter-logging-3.2.4.jar:/Users/pablojavier/.m2/repository/ch/qos/logback/logback-classic/1.4.14/logback-classic-1.4.14.jar:/Users/pablojavier/.m2/repository/ch/qos/logback/logback-core/1.4.14/logback-core-1.4.14.jar:/Users/pablojavier/.m2/repository/org/apache/logging/log4j/log4j-to-slf4j/2.21.1/log4j-to-slf4j-2.21.1.jar:/Users/pablojavier/.m2/repository/org/apache/logging/log4j/log4j-api/2.21.1/log4j-api-2.21.1.jar:/Users/pablojavier/.m2/repository/org/slf4j/jul-to-slf4j/2.0.12/jul-to-slf4j-2.0.12.jar:/Users/pablojavier/.m2/repository/jakarta/annotation/jakarta.annotation-api/2.1.1/jakarta.annotation-api-2.1.1.jar:/Users/pablojavier/.m2/repository/org/yaml/snakeyaml/2.2/snakeyaml-2.2.jar:/Users/pablojavier/.m2/repository/org/springframework/boot/spring-boot-starter-json/3.2.4/spring-boot-starter-json-3.2.4.jar:/Users/pablojavier/.m2/repository/com/fasterxml/jackson/core/jackson-databind/2.15.4/jackson-databind-2.15.4.jar:/Users/pablojavier/.m2/repository/com/fasterxml/jackson/core/jackson-annotations/2.15.4/jackson-annotations-2.15.4.jar:/Users/pablojavier/.m2/repository/com/fasterxml/jackson/core/jackson-core/2.15.4/jackson-core-2.15.4.jar:/Users/pablojavier/.m2/repository/com/fasterxml/jackson/datatype/jackson-datatype-jdk8/2.15.4/jackson-datatype-jdk8-2.15.4.jar:/Users/pablojavier/.m2/repository/com/fasterxml/jackson/datatype/jackson-datatype-jsr310/2.15.4/jackson-datatype-jsr310-2.15.4.jar:/Users/pablojavier/.m2/repository/com/fasterxml/jackson/module/jackson-module-parameter-names/2.15.4/jackson-module-parameter-names-2.15.4.jar:/Users/pablojavier/.m2/repository/org/springframework/boot/spring-boot-starter-tomcat/3.2.4/spring-boot-starter-tomcat-3.2.4.jar:/Users/pablojavier/.m2/repository/org/apache/tomcat/embed/tomcat-embed-core/10.1.19/tomcat-embed-core-10.1.19.jar:/Users/pablojavier/.m2/repository/org/apache/tomcat/embed/tomcat-embed-websocket/10.1.19/tomcat-embed-websocket-10.1.19.jar:/Users/pablojavier/.m2/repository/org/springframework/spring-web/6.1.5/spring-web-6.1.5.jar:/Users/pablojavier/.m2/repository/org/springframework/spring-beans/6.1.5/spring-beans-6.1.5.jar:/Users/pablojavier/.m2/repository/org/springframework/spring-webmvc/6.1.5/spring-webmvc-6.1.5.jar:/Users/pablojavier/.m2/repository/org/springframework/spring-aop/6.1.5/spring-aop-6.1.5.jar:/Users/pablojavier/.m2/repository/org/springframework/spring-context/6.1.5/spring-context-6.1.5.jar:/Users/pablojavier/.m2/repository/org/springframework/spring-expression/6.1.5/spring-expression-6.1.5.jar:/Users/pablojavier/.m2/repository/org/springframework/boot/spring-boot-devtools/3.2.4/spring-boot-devtools-3.2.4.jar:/Users/pablojavier/.m2/repository/org/springframework/boot/spring-boot/3.2.4/spring-boot-3.2.4.jar:/Users/pablojavier/.m2/repository/org/springframework/boot/spring-boot-autoconfigure/3.2.4/spring-boot-autoconfigure-3.2.4.jar:/Users/pablojavier/.m2/repository/org/projectlombok/lombok/1.18.30/lombok-1.18.30.jar:/Users/pablojavier/.m2/repository/org/springframework/boot/spring-boot-starter-test/3.2.4/spring-boot-starter-test-3.2.4.jar:/Users/pablojavier/.m2/repository/org/springframework/boot/spring-boot-test/3.2.4/spring-boot-test-3.2.4.jar:/Users/pablojavier/.m2/repository/org/springframework/boot/spring-boot-test-autoconfigure/3.2.4/spring-boot-test-autoconfigure-3.2.4.jar:/Users/pablojavier/.m2/repository/com/jayway/jsonpath/json-path/2.9.0/json-path-2.9.0.jar:/Users/pablojavier/.m2/repository/org/slf4j/slf4j-api/2.0.12/slf4j-api-2.0.12.jar:/Users/pablojavier/.m2/repository/jakarta/xml/bind/jakarta.xml.bind-api/4.0.2/jakarta.xml.bind-api-4.0.2.jar:/Users/pablojavier/.m2/repository/jakarta/activation/jakarta.activation-api/2.1.3/jakarta.activation-api-2.1.3.jar:/Users/pablojavier/.m2/repository/net/minidev/json-smart/2.5.0/json-smart-2.5.0.jar:/Users/pablojavier/.m2/repository/net/minidev/accessors-smart/2.5.0/accessors-smart-2.5.0.jar:/Users/pablojavier/.m2/repository/org/ow2/asm/asm/9.3/asm-9.3.jar:/Users/pablojavier/.m2/repository/org/assertj/assertj-core/3.24.2/assertj-core-3.24.2.jar:/Users/pablojavier/.m2/repository/net/bytebuddy/byte-buddy/1.14.12/byte-buddy-1.14.12.jar:/Users/pablojavier/.m2/repository/org/awaitility/awaitility/4.2.0/awaitility-4.2.0.jar:/Users/pablojavier/.m2/repository/org/hamcrest/hamcrest/2.2/hamcrest-2.2.jar:/Users/pablojavier/.m2/repository/org/junit/jupiter/junit-jupiter/5.10.2/junit-jupiter-5.10.2.jar:/Users/pablojavier/.m2/repository/org/junit/jupiter/junit-jupiter-api/5.10.2/junit-jupiter-api-5.10.2.jar:/Users/pablojavier/.m2/repository/org/opentest4j/opentest4j/1.3.0/opentest4j-1.3.0.jar:/Users/pablojavier/.m2/repository/org/junit/platform/junit-platform-commons/1.10.2/junit-platform-commons-1.10.2.jar:/Users/pablojavier/.m2/repository/org/apiguardian/apiguardian-api/1.1.2/apiguardian-api-1.1.2.jar:/Users/pablojavier/.m2/repository/org/junit/jupiter/junit-jupiter-params/5.10.2/junit-jupiter-params-5.10.2.jar:/Users/pablojavier/.m2/repository/org/junit/jupiter/junit-jupiter-engine/5.10.2/junit-jupiter-engine-5.10.2.jar:/Users/pablojavier/.m2/repository/org/junit/platform/junit-platform-engine/1.10.2/junit-platform-engine-1.10.2.jar:/Users/pablojavier/.m2/repository/org/mockito/mockito-core/5.7.0/mockito-core-5.7.0.jar:/Users/pablojavier/.m2/repository/net/bytebuddy/byte-buddy-agent/1.14.12/byte-buddy-agent-1.14.12.jar:/Users/pablojavier/.m2/repository/org/objenesis/objenesis/3.3/objenesis-3.3.jar:/Users/pablojavier/.m2/repository/org/mockito/mockito-junit-jupiter/5.7.0/mockito-junit-jupiter-5.7.0.jar:/Users/pablojavier/.m2/repository/org/skyscreamer/jsonassert/1.5.1/jsonassert-1.5.1.jar:/Users/pablojavier/.m2/repository/com/vaadin/external/google/android-json/0.0.20131108.vaadin1/android-json-0.0.20131108.vaadin1.jar:/Users/pablojavier/.m2/repository/org/springframework/spring-core/6.1.5/spring-core-6.1.5.jar:/Users/pablojavier/.m2/repository/org/springframework/spring-jcl/6.1.5/spring-jcl-6.1.5.jar:/Users/pablojavier/.m2/repository/org/springframework/spring-test/6.1.5/spring-test-6.1.5.jar:/Users/pablojavier/.m2/repository/org/xmlunit/xmlunit-core/2.9.1/xmlunit-core-2.9.1.jar:/Users/pablojavier/.m2/repository/org/springframework/boot/spring-boot-starter-data-jpa/3.2.4/spring-boot-starter-data-jpa-3.2.4.jar:/Users/pablojavier/.m2/repository/org/springframework/boot/spring-boot-starter-aop/3.2.4/spring-boot-starter-aop-3.2.4.jar:/Users/pablojavier/.m2/repository/org/aspectj/aspectjweaver/1.9.21/aspectjweaver-1.9.21.jar:/Users/pablojavier/.m2/repository/org/springframework/boot/spring-boot-starter-jdbc/3.2.4/spring-boot-starter-jdbc-3.2.4.jar:/Users/pablojavier/.m2/repository/com/zaxxer/HikariCP/5.0.1/HikariCP-5.0.1.jar:/Users/pablojavier/.m2/repository/org/springframework/spring-jdbc/6.1.5/spring-jdbc-6.1.5.jar:/Users/pablojavier/.m2/repository/org/hibernate/orm/hibernate-core/6.4.4.Final/hibernate-core-6.4.4.Final.jar:/Users/pablojavier/.m2/repository/jakarta/persistence/jakarta.persistence-api/3.1.0/jakarta.persistence-api-3.1.0.jar:/Users/pablojavier/.m2/repository/jakarta/transaction/jakarta.transaction-api/2.0.1/jakarta.transaction-api-2.0.1.jar:/Users/pablojavier/.m2/repository/org/jboss/logging/jboss-logging/3.5.3.Final/jboss-logging-3.5.3.Final.jar:/Users/pablojavier/.m2/repository/org/hibernate/common/hibernate-commons-annotations/6.0.6.Final/hibernate-commons-annotations-6.0.6.Final.jar:/Users/pablojavier/.m2/repository/io/smallrye/jandex/3.1.2/jandex-3.1.2.jar:/Users/pablojavier/.m2/repository/com/fasterxml/classmate/1.6.0/classmate-1.6.0.jar:/Users/pablojavier/.m2/repository/org/glassfish/jaxb/jaxb-runtime/4.0.5/jaxb-runtime-4.0.5.jar:/Users/pablojavier/.m2/repository/org/glassfish/jaxb/jaxb-core/4.0.5/jaxb-core-4.0.5.jar:/Users/pablojavier/.m2/repository/org/eclipse/angus/angus-activation/2.0.2/angus-activation-2.0.2.jar:/Users/pablojavier/.m2/repository/org/glassfish/jaxb/txw2/4.0.5/txw2-4.0.5.jar:/Users/pablojavier/.m2/repository/com/sun/istack/istack-commons-runtime/4.1.2/istack-commons-runtime-4.1.2.jar:/Users/pablojavier/.m2/repository/jakarta/inject/jakarta.inject-api/2.0.1/jakarta.inject-api-2.0.1.jar:/Users/pablojavier/.m2/repository/org/antlr/antlr4-runtime/4.13.0/antlr4-runtime-4.13.0.jar:/Users/pablojavier/.m2/repository/org/springframework/data/spring-data-jpa/3.2.4/spring-data-jpa-3.2.4.jar:/Users/pablojavier/.m2/repository/org/springframework/data/spring-data-commons/3.2.4/spring-data-commons-3.2.4.jar:/Users/pablojavier/.m2/repository/org/springframework/spring-orm/6.1.5/spring-orm-6.1.5.jar:/Users/pablojavier/.m2/repository/org/springframework/spring-tx/6.1.5/spring-tx-6.1.5.jar:/Users/pablojavier/.m2/repository/org/springframework/spring-aspects/6.1.5/spring-aspects-6.1.5.jar:/Users/pablojavier/.m2/repository/com/oracle/database/jdbc/ojdbc11/21.9.0.0/ojdbc11-21.9.0.0.jar:/Users/pablojavier/.m2/repository/com/oracle/database/security/oraclepki/21.5.0.0/oraclepki-21.5.0.0.jar:/Users/pablojavier/.m2/repository/com/oracle/database/security/osdt_cert/21.5.0.0/osdt_cert-21.5.0.0.jar:/Users/pablojavier/.m2/repository/com/oracle/database/security/osdt_core/21.5.0.0/osdt_core-21.5.0.0.jar:/Users/pablojavier/.m2/repository/org/springframework/boot/spring-boot-starter-validation/3.2.4/spring-boot-starter-validation-3.2.4.jar:/Users/pablojavier/.m2/repository/org/apache/tomcat/embed/tomcat-embed-el/10.1.19/tomcat-embed-el-10.1.19.jar:/Users/pablojavier/.m2/repository/org/hibernate/validator/hibernate-validator/8.0.1.Final/hibernate-validator-8.0.1.Final.jar:/Users/pablojavier/.m2/repository/jakarta/validation/jakarta.validation-api/3.0.2/jakarta.validation-api-3.0.2.jar:/Users/pablojavier/.m2/repository/org/springframework/boot/spring-boot-starter-actuator/3.2.4/spring-boot-starter-actuator-3.2.4.jar:/Users/pablojavier/.m2/repository/org/springframework/boot/spring-boot-actuator-autoconfigure/3.2.4/spring-boot-actuator-autoconfigure-3.2.4.jar:/Users/pablojavier/.m2/repository/org/springframework/boot/spring-boot-actuator/3.2.4/spring-boot-actuator-3.2.4.jar:/Users/pablojavier/.m2/repository/io/micrometer/micrometer-observation/1.12.4/micrometer-observation-1.12.4.jar:/Users/pablojavier/.m2/repository/io/micrometer/micrometer-commons/1.12.4/micrometer-commons-1.12.4.jar:/Users/pablojavier/.m2/repository/io/micrometer/micrometer-jakarta9/1.12.4/micrometer-jakarta9-1.12.4.jar:/Users/pablojavier/.m2/repository/io/micrometer/micrometer-core/1.12.4/micrometer-core-1.12.4.jar:/Users/pablojavier/.m2/repository/org/hdrhistogram/HdrHistogram/2.1.12/HdrHistogram-2.1.12.jar:/Users/pablojavier/.m2/repository/org/latencyutils/LatencyUtils/2.0.3/LatencyUtils-2.0.3.jar:/Users/pablojavier/.m2/repository/org/springframework/boot/spring-boot-starter-hateoas/3.2.4/spring-boot-starter-hateoas-3.2.4.jar:/Users/pablojavier/.m2/repository/org/springframework/hateoas/spring-hateoas/2.2.1/spring-hateoas-2.2.1.jar:/Users/pablojavier/.m2/repository/org/springframework/plugin/spring-plugin-core/3.0.0/spring-plugin-core-3.0.0.jar:"/>
    <property name="sun.cpu.endian" value="little"/>
    <property name="user.home" value="/Users/pablojavier"/>
    <property name="user.language" value="en"/>
    <property name="java.specification.vendor" value="Oracle Corporation"/>
    <property name="java.version.date" value="2024-01-16"/>
    <property name="java.home" value="/Library/Java/JavaVirtualMachines/jdk-21.jdk/Contents/Home"/>
    <property name="file.separator" value="/"/>
    <property name="basedir" value="/Users/pablojavier/Documents/Study/Entregas Examen /Ejemplos/deliveryapp"/>
    <property name="java.vm.compressedOopsMode" value="Zero based"/>
    <property name="line.separator" value="&#10;"/>
    <property name="java.vm.specification.vendor" value="Oracle Corporation"/>
    <property name="java.specification.name" value="Java Platform API Specification"/>
    <property name="FILE_LOG_CHARSET" value="UTF-8"/>
    <property name="java.awt.headless" value="true"/>
    <property name="apple.awt.application.name" value="ForkedBooter"/>
    <property name="surefire.real.class.path" value="/Users/pablojavier/Documents/Study/Entregas Examen /Ejemplos/deliveryapp/target/surefire/surefirebooter-20240505022622520_3.jar"/>
    <property name="sun.management.compiler" value="HotSpot 64-Bit Tiered Compilers"/>
    <property name="ftp.nonProxyHosts" value="local|*.local|169.254/16|*.169.254/16"/>
    <property name="java.runtime.version" value="21.0.2+13-LTS-58"/>
    <property name="user.name" value="pablojavier"/>
    <property name="stdout.encoding" value="UTF-8"/>
    <property name="path.separator" value=":"/>
    <property name="os.version" value="14.2.1"/>
    <property name="java.runtime.name" value="Java(TM) SE Runtime Environment"/>
    <property name="file.encoding" value="UTF-8"/>
    <property name="java.vm.name" value="Java HotSpot(TM) 64-Bit Server VM"/>
    <property name="localRepository" value="/Users/pablojavier/.m2/repository"/>
    <property name="java.vendor.url.bug" value="https://bugreport.java.com/bugreport/"/>
    <property name="java.io.tmpdir" value="/var/folders/j1/vg3fpdtd5f14w_x707zrzmy80000gn/T/"/>
    <property name="com.zaxxer.hikari.pool_number" value="1"/>
    <property name="java.version" value="21.0.2"/>
    <property name="user.dir" value="/Users/pablojavier/Documents/Study/Entregas Examen /Ejemplos/deliveryapp"/>
    <property name="os.arch" value="aarch64"/>
    <property name="java.vm.specification.name" value="Java Virtual Machine Specification"/>
    <property name="PID" value="14250"/>
    <property name="CONSOLE_LOG_CHARSET" value="UTF-8"/>
    <property name="native.encoding" value="UTF-8"/>
    <property name="java.library.path" value="/Users/pablojavier/Library/Java/Extensions:/Library/Java/Extensions:/Network/Library/Java/Extensions:/System/Library/Java/Extensions:/usr/lib/java:."/>
    <property name="java.vm.info" value="mixed mode, sharing"/>
    <property name="stderr.encoding" value="UTF-8"/>
    <property name="java.vendor" value="Oracle Corporation"/>
    <property name="java.vm.version" value="21.0.2+13-LTS-58"/>
    <property name="sun.io.unicode.encoding" value="UnicodeBig"/>
    <property name="socksNonProxyHosts" value="local|*.local|169.254/16|*.169.254/16"/>
    <property name="java.class.version" value="65.0"/>
    <property name="LOGGED_APPLICATION_NAME" value="[deliveryapp] "/>
  </properties>
  <testcase name="buscarUsuarioPorUsernameTest" classname="com.example.DeliveryApp.repository.RegUsuRepositoryTest" time="0.511">
    <system-out><![CDATA[02:26:22.904 [main] INFO org.springframework.test.context.support.AnnotationConfigContextLoaderUtils -- Could not detect default configuration classes for test class [com.example.DeliveryApp.repository.RegUsuRepositoryTest]: RegUsuRepositoryTest does not declare any static, non-private, non-final, nested classes annotated with @Configuration.
02:26:22.959 [main] INFO org.springframework.boot.test.context.SpringBootTestContextBootstrapper -- Found @SpringBootConfiguration com.example.DeliveryApp.DeliveryApp for test class com.example.DeliveryApp.repository.RegUsuRepositoryTest
02:26:22.992 [main] INFO org.springframework.boot.devtools.restart.RestartApplicationListener -- Restart disabled due to context in which it is running

  .   ____          _            __ _ _
 /\\ / ___'_ __ _ _(_)_ __  __ _ \ \ \ \
( ( )\___ | '_ | '_| | '_ \/ _` | \ \ \ \
 \\/  ___)| |_)| | | | | || (_| |  ) ) ) )
  '  |____| .__|_| |_|_| |_\__, | / / / /
 =========|_|==============|___/=/_/_/_/
 :: Spring Boot ::                (v3.2.4)

2024-05-05T02:26:23.118-04:00 DEBUG 14250 --- [deliveryapp] [kground-preinit] o.h.v.i.xml.config.ValidationXmlParser   : Trying to load META-INF/validation.xml for XML based Validator configuration.
2024-05-05T02:26:23.120-04:00 DEBUG 14250 --- [deliveryapp] [kground-preinit] o.h.v.i.xml.config.ResourceLoaderHelper  : Trying to load META-INF/validation.xml via TCCL
2024-05-05T02:26:23.120-04:00 DEBUG 14250 --- [deliveryapp] [kground-preinit] o.h.v.i.xml.config.ResourceLoaderHelper  : Trying to load META-INF/validation.xml via Hibernate Validator's class loader
2024-05-05T02:26:23.120-04:00 DEBUG 14250 --- [deliveryapp] [kground-preinit] o.h.v.i.xml.config.ValidationXmlParser   : No META-INF/validation.xml found. Using annotation based configuration only.
2024-05-05T02:26:23.122-04:00 DEBUG 14250 --- [deliveryapp] [kground-preinit] o.h.v.i.e.resolver.TraversableResolvers  : Found jakarta.persistence.Persistence on classpath containing 'getPersistenceUtil'. Assuming JPA 2 environment. Trying to instantiate JPA aware TraversableResolver
2024-05-05T02:26:23.123-04:00 DEBUG 14250 --- [deliveryapp] [kground-preinit] o.h.v.i.e.resolver.TraversableResolvers  : Instantiated JPA aware TraversableResolver of type org.hibernate.validator.internal.engine.resolver.JPATraversableResolver.
2024-05-05T02:26:23.133-04:00  INFO 14250 --- [deliveryapp] [           main] c.e.D.repository.RegUsuRepositoryTest    : Starting RegUsuRepositoryTest using Java 21.0.2 with PID 14250 (started by pablojavier in /Users/pablojavier/Documents/Study/Entregas Examen /Ejemplos/deliveryapp)
2024-05-05T02:26:23.134-04:00  INFO 14250 --- [deliveryapp] [           main] c.e.D.repository.RegUsuRepositoryTest    : No active profile set, falling back to 1 default profile: "default"
2024-05-05T02:26:23.134-04:00 DEBUG 14250 --- [deliveryapp] [           main] o.s.boot.SpringApplication               : Loading source class com.example.DeliveryApp.DeliveryApp
2024-05-05T02:26:23.138-04:00 DEBUG 14250 --- [deliveryapp] [kground-preinit] .h.v.m.ResourceBundleMessageInterpolator : Loaded expression factory via original TCCL
2024-05-05T02:26:23.141-04:00 DEBUG 14250 --- [deliveryapp] [           main] s.c.a.AnnotationConfigApplicationContext : Refreshing org.springframework.context.annotation.AnnotationConfigApplicationContext@58a55449
2024-05-05T02:26:23.147-04:00 DEBUG 14250 --- [deliveryapp] [           main] o.s.b.f.s.DefaultListableBeanFactory     : Creating shared instance of singleton bean 'org.springframework.context.annotation.internalConfigurationAnnotationProcessor'
2024-05-05T02:26:23.152-04:00 DEBUG 14250 --- [deliveryapp] [           main] o.s.b.f.s.DefaultListableBeanFactory     : Creating shared instance of singleton bean 'org.springframework.boot.autoconfigure.internalCachingMetadataReaderFactory'
2024-05-05T02:26:23.176-04:00 DEBUG 14250 --- [deliveryapp] [kground-preinit] .i.e.ValidatorFactoryConfigurationHelper : HV000252: Using org.hibernate.validator.internal.engine.DefaultPropertyNodeNameProvider as property node name provider.
2024-05-05T02:26:23.179-04:00 DEBUG 14250 --- [deliveryapp] [kground-preinit] .i.e.ValidatorFactoryConfigurationHelper : HV000234: Using org.hibernate.validator.messageinterpolation.ResourceBundleMessageInterpolator as ValidatorFactory-scoped message interpolator.
2024-05-05T02:26:23.179-04:00 DEBUG 14250 --- [deliveryapp] [kground-preinit] .i.e.ValidatorFactoryConfigurationHelper : HV000234: Using org.hibernate.validator.internal.engine.resolver.JPATraversableResolver as ValidatorFactory-scoped traversable resolver.
2024-05-05T02:26:23.179-04:00 DEBUG 14250 --- [deliveryapp] [kground-preinit] .i.e.ValidatorFactoryConfigurationHelper : HV000234: Using org.hibernate.validator.internal.util.ExecutableParameterNameProvider as ValidatorFactory-scoped parameter name provider.
2024-05-05T02:26:23.179-04:00 DEBUG 14250 --- [deliveryapp] [kground-preinit] .i.e.ValidatorFactoryConfigurationHelper : HV000234: Using org.hibernate.validator.internal.engine.DefaultClockProvider as ValidatorFactory-scoped clock provider.
2024-05-05T02:26:23.179-04:00 DEBUG 14250 --- [deliveryapp] [kground-preinit] .i.e.ValidatorFactoryConfigurationHelper : HV000234: Using org.hibernate.validator.internal.engine.scripting.DefaultScriptEvaluatorFactory as ValidatorFactory-scoped script evaluator factory.
2024-05-05T02:26:23.315-04:00  INFO 14250 --- [deliveryapp] [           main] .s.d.r.c.RepositoryConfigurationDelegate : Bootstrapping Spring Data JPA repositories in DEFAULT mode.
2024-05-05T02:26:23.318-04:00 DEBUG 14250 --- [deliveryapp] [           main] o.s.b.f.s.DefaultListableBeanFactory     : Creating shared instance of singleton bean 'org.springframework.boot.autoconfigure.AutoConfigurationPackages'
2024-05-05T02:26:23.322-04:00 DEBUG 14250 --- [deliveryapp] [           main] o.s.b.a.AutoConfigurationPackages        : @EnableAutoConfiguration was declared on a class in the package 'com.example.DeliveryApp'. Automatic @Repository and @Entity scanning is enabled.
2024-05-05T02:26:23.323-04:00 DEBUG 14250 --- [deliveryapp] [           main] .s.d.r.c.RepositoryConfigurationDelegate : Scanning for JPA repositories in packages com.example.DeliveryApp.
2024-05-05T02:26:23.329-04:00 DEBUG 14250 --- [deliveryapp] [           main] o.s.d.r.c.RepositoryComponentProvider    : Identified candidate component class: file [/Users/pablojavier/Documents/Study/Entregas Examen /Ejemplos/deliveryapp/target/classes/com/example/DeliveryApp/repository/DespachoRepository.class]
2024-05-05T02:26:23.329-04:00 DEBUG 14250 --- [deliveryapp] [           main] o.s.d.r.c.RepositoryComponentProvider    : Identified candidate component class: file [/Users/pablojavier/Documents/Study/Entregas Examen /Ejemplos/deliveryapp/target/classes/com/example/DeliveryApp/repository/RolRepository.class]
2024-05-05T02:26:23.329-04:00 DEBUG 14250 --- [deliveryapp] [           main] o.s.d.r.c.RepositoryComponentProvider    : Identified candidate component class: file [/Users/pablojavier/Documents/Study/Entregas Examen /Ejemplos/deliveryapp/target/classes/com/example/DeliveryApp/repository/UsuariosRepository.class]
2024-05-05T02:26:23.350-04:00  INFO 14250 --- [deliveryapp] [           main] .s.d.r.c.RepositoryConfigurationDelegate : Finished Spring Data repository scanning in 25 ms. Found 3 JPA repository interfaces.
2024-05-05T02:26:23.374-04:00 DEBUG 14250 --- [deliveryapp] [           main] o.s.b.f.s.DefaultListableBeanFactory     : Creating shared instance of singleton bean 'org.springframework.boot.test.context.ImportsContextCustomizer$ImportsCleanupPostProcessor'
2024-05-05T02:26:23.400-04:00 DEBUG 14250 --- [deliveryapp] [           main] o.s.b.f.s.DefaultListableBeanFactory     : Creating shared instance of singleton bean 'org.springframework.boot.test.mock.mockito.MockitoPostProcessor'
2024-05-05T02:26:23.401-04:00 DEBUG 14250 --- [deliveryapp] [           main] o.s.b.f.s.DefaultListableBeanFactory     : Creating shared instance of singleton bean 'emBeanDefinitionRegistrarPostProcessor'
2024-05-05T02:26:23.401-04:00 DEBUG 14250 --- [deliveryapp] [           main] o.s.b.f.s.DefaultListableBeanFactory     : Creating shared instance of singleton bean 'org.springframework.boot.sql.init.dependency.DatabaseInitializationDependencyConfigurer$DependsOnDatabaseInitializationPostProcessor'
2024-05-05T02:26:23.412-04:00 DEBUG 14250 --- [deliveryapp] [           main] o.s.b.f.s.DefaultListableBeanFactory     : Creating shared instance of singleton bean 'org.springframework.context.event.internalEventListenerProcessor'
2024-05-05T02:26:23.413-04:00 DEBUG 14250 --- [deliveryapp] [           main] o.s.b.f.s.DefaultListableBeanFactory     : Creating shared instance of singleton bean 'org.springframework.context.event.internalEventListenerFactory'
2024-05-05T02:26:23.413-04:00 DEBUG 14250 --- [deliveryapp] [           main] o.s.b.f.s.DefaultListableBeanFactory     : Creating shared instance of singleton bean 'org.springframework.transaction.config.internalTransactionalEventListenerFactory'
2024-05-05T02:26:23.414-04:00 DEBUG 14250 --- [deliveryapp] [           main] o.s.b.f.s.DefaultListableBeanFactory     : Creating shared instance of singleton bean 'org.springframework.context.annotation.internalAutowiredAnnotationProcessor'
2024-05-05T02:26:23.415-04:00 DEBUG 14250 --- [deliveryapp] [           main] o.s.b.f.s.DefaultListableBeanFactory     : Creating shared instance of singleton bean 'org.springframework.context.annotation.internalCommonAnnotationProcessor'
2024-05-05T02:26:23.416-04:00 DEBUG 14250 --- [deliveryapp] [           main] o.s.b.f.s.DefaultListableBeanFactory     : Creating shared instance of singleton bean 'org.springframework.context.annotation.internalPersistenceAnnotationProcessor'
2024-05-05T02:26:23.416-04:00 DEBUG 14250 --- [deliveryapp] [           main] o.s.b.f.s.DefaultListableBeanFactory     : Creating shared instance of singleton bean 'org.springframework.boot.test.mock.mockito.MockitoPostProcessor$SpyPostProcessor'
2024-05-05T02:26:23.417-04:00 DEBUG 14250 --- [deliveryapp] [           main] o.s.b.f.s.DefaultListableBeanFactory     : Creating shared instance of singleton bean 'jdbcConnectionDetailsHikariBeanPostProcessor'
2024-05-05T02:26:23.418-04:00 DEBUG 14250 --- [deliveryapp] [           main] o.s.b.f.s.DefaultListableBeanFactory     : Creating shared instance of singleton bean 'org.springframework.boot.context.properties.ConfigurationPropertiesBindingPostProcessor'
2024-05-05T02:26:23.419-04:00 DEBUG 14250 --- [deliveryapp] [           main] o.s.b.f.s.DefaultListableBeanFactory     : Creating shared instance of singleton bean 'org.springframework.boot.context.internalConfigurationPropertiesBinder'
2024-05-05T02:26:23.420-04:00 DEBUG 14250 --- [deliveryapp] [           main] o.s.b.f.s.DefaultListableBeanFactory     : Creating shared instance of singleton bean 'org.springframework.aop.config.internalAutoProxyCreator'
2024-05-05T02:26:23.426-04:00 DEBUG 14250 --- [deliveryapp] [           main] o.s.b.f.s.DefaultListableBeanFactory     : Creating shared instance of singleton bean 'dataSourceScriptDatabaseInitializer'
2024-05-05T02:26:23.427-04:00 DEBUG 14250 --- [deliveryapp] [           main] o.s.b.f.s.DefaultListableBeanFactory     : Creating shared instance of singleton bean 'org.springframework.boot.autoconfigure.sql.init.DataSourceInitializationConfiguration'
2024-05-05T02:26:23.428-04:00 DEBUG 14250 --- [deliveryapp] [           main] o.s.b.f.s.DefaultListableBeanFactory     : Creating shared instance of singleton bean 'org.springframework.transaction.config.internalTransactionAdvisor'
2024-05-05T02:26:23.428-04:00 DEBUG 14250 --- [deliveryapp] [           main] o.s.b.f.s.DefaultListableBeanFactory     : Creating shared instance of singleton bean 'org.springframework.transaction.annotation.ProxyTransactionManagementConfiguration'
2024-05-05T02:26:23.436-04:00 DEBUG 14250 --- [deliveryapp] [           main] o.s.b.f.s.DefaultListableBeanFactory     : Creating shared instance of singleton bean 'transactionAttributeSource'
2024-05-05T02:26:23.436-04:00 DEBUG 14250 --- [deliveryapp] [           main] o.s.b.f.s.DefaultListableBeanFactory     : Creating shared instance of singleton bean 'transactionInterceptor'
2024-05-05T02:26:23.437-04:00 DEBUG 14250 --- [deliveryapp] [           main] o.s.b.f.s.DefaultListableBeanFactory     : Autowiring by type from bean name 'transactionInterceptor' via factory method to bean named 'transactionAttributeSource'
2024-05-05T02:26:23.439-04:00 DEBUG 14250 --- [deliveryapp] [           main] o.s.b.f.s.DefaultListableBeanFactory     : Autowiring by type from bean name 'org.springframework.transaction.config.internalTransactionAdvisor' via factory method to bean named 'transactionAttributeSource'
2024-05-05T02:26:23.439-04:00 DEBUG 14250 --- [deliveryapp] [           main] o.s.b.f.s.DefaultListableBeanFactory     : Autowiring by type from bean name 'org.springframework.transaction.config.internalTransactionAdvisor' via factory method to bean named 'transactionInterceptor'
2024-05-05T02:26:23.442-04:00 DEBUG 14250 --- [deliveryapp] [           main] o.s.b.f.s.DefaultListableBeanFactory     : Creating shared instance of singleton bean 'dataSource'
2024-05-05T02:26:23.442-04:00 DEBUG 14250 --- [deliveryapp] [           main] o.s.b.f.s.DefaultListableBeanFactory     : Creating shared instance of singleton bean 'org.springframework.boot.autoconfigure.jdbc.DataSourceConfiguration$Hikari'
2024-05-05T02:26:23.443-04:00 DEBUG 14250 --- [deliveryapp] [           main] o.s.b.f.s.DefaultListableBeanFactory     : Creating shared instance of singleton bean 'spring.datasource-org.springframework.boot.autoconfigure.jdbc.DataSourceProperties'
2024-05-05T02:26:23.444-04:00 DEBUG 14250 --- [deliveryapp] [           main] o.s.b.f.s.DefaultListableBeanFactory     : Creating shared instance of singleton bean 'org.springframework.boot.context.properties.BoundConfigurationProperties'
2024-05-05T02:26:23.454-04:00 DEBUG 14250 --- [deliveryapp] [           main] o.s.b.f.s.DefaultListableBeanFactory     : Creating shared instance of singleton bean 'jdbcConnectionDetails'
2024-05-05T02:26:23.454-04:00 DEBUG 14250 --- [deliveryapp] [           main] o.s.b.f.s.DefaultListableBeanFactory     : Creating shared instance of singleton bean 'org.springframework.boot.autoconfigure.jdbc.DataSourceAutoConfiguration$PooledDataSourceConfiguration'
2024-05-05T02:26:23.454-04:00 DEBUG 14250 --- [deliveryapp] [           main] o.s.b.f.s.DefaultListableBeanFactory     : Autowiring by type from bean name 'jdbcConnectionDetails' via factory method to bean named 'spring.datasource-org.springframework.boot.autoconfigure.jdbc.DataSourceProperties'
2024-05-05T02:26:23.455-04:00 DEBUG 14250 --- [deliveryapp] [           main] o.s.b.f.s.DefaultListableBeanFactory     : Autowiring by type from bean name 'dataSource' via factory method to bean named 'spring.datasource-org.springframework.boot.autoconfigure.jdbc.DataSourceProperties'
2024-05-05T02:26:23.455-04:00 DEBUG 14250 --- [deliveryapp] [           main] o.s.b.f.s.DefaultListableBeanFactory     : Autowiring by type from bean name 'dataSource' via factory method to bean named 'jdbcConnectionDetails'
2024-05-05T02:26:23.548-04:00 DEBUG 14250 --- [deliveryapp] [           main] o.s.b.f.s.DefaultListableBeanFactory     : Creating shared instance of singleton bean 'spring.sql.init-org.springframework.boot.autoconfigure.sql.init.SqlInitializationProperties'
2024-05-05T02:26:23.549-04:00 DEBUG 14250 --- [deliveryapp] [           main] o.s.b.f.s.DefaultListableBeanFactory     : Autowiring by type from bean name 'dataSourceScriptDatabaseInitializer' via factory method to bean named 'dataSource'
2024-05-05T02:26:23.550-04:00 DEBUG 14250 --- [deliveryapp] [           main] o.s.b.f.s.DefaultListableBeanFactory     : Autowiring by type from bean name 'dataSourceScriptDatabaseInitializer' via factory method to bean named 'spring.sql.init-org.springframework.boot.autoconfigure.sql.init.SqlInitializationProperties'
2024-05-05T02:26:23.552-04:00 DEBUG 14250 --- [deliveryapp] [           main] o.s.b.f.s.DefaultListableBeanFactory     : Creating shared instance of singleton bean 'entityManagerFactory'
2024-05-05T02:26:23.552-04:00 DEBUG 14250 --- [deliveryapp] [           main] o.s.b.f.s.DefaultListableBeanFactory     : Creating shared instance of singleton bean 'org.springframework.boot.autoconfigure.orm.jpa.HibernateJpaConfiguration'
2024-05-05T02:26:23.552-04:00 DEBUG 14250 --- [deliveryapp] [           main] o.s.b.f.s.DefaultListableBeanFactory     : Creating shared instance of singleton bean 'spring.jpa-org.springframework.boot.autoconfigure.orm.jpa.JpaProperties'
2024-05-05T02:26:23.554-04:00 DEBUG 14250 --- [deliveryapp] [           main] o.s.b.f.s.DefaultListableBeanFactory     : Creating shared instance of singleton bean 'spring.jpa.hibernate-org.springframework.boot.autoconfigure.orm.jpa.HibernateProperties'
2024-05-05T02:26:23.555-04:00 DEBUG 14250 --- [deliveryapp] [           main] o.s.b.f.s.DefaultListableBeanFactory     : Autowiring by type from bean name 'org.springframework.boot.autoconfigure.orm.jpa.HibernateJpaConfiguration' via constructor to bean named 'dataSource'
2024-05-05T02:26:23.555-04:00 DEBUG 14250 --- [deliveryapp] [           main] o.s.b.f.s.DefaultListableBeanFactory     : Autowiring by type from bean name 'org.springframework.boot.autoconfigure.orm.jpa.HibernateJpaConfiguration' via constructor to bean named 'spring.jpa-org.springframework.boot.autoconfigure.orm.jpa.JpaProperties'
2024-05-05T02:26:23.555-04:00 DEBUG 14250 --- [deliveryapp] [           main] o.s.b.f.s.DefaultListableBeanFactory     : Autowiring by type from bean name 'org.springframework.boot.autoconfigure.orm.jpa.HibernateJpaConfiguration' via constructor to bean named 'org.springframework.beans.factory.support.DefaultListableBeanFactory@537b32ef'
2024-05-05T02:26:23.556-04:00 DEBUG 14250 --- [deliveryapp] [           main] o.s.b.f.s.DefaultListableBeanFactory     : Autowiring by type from bean name 'org.springframework.boot.autoconfigure.orm.jpa.HibernateJpaConfiguration' via constructor to bean named 'spring.jpa.hibernate-org.springframework.boot.autoconfigure.orm.jpa.HibernateProperties'
2024-05-05T02:26:23.557-04:00 DEBUG 14250 --- [deliveryapp] [           main] o.s.b.f.s.DefaultListableBeanFactory     : Creating shared instance of singleton bean 'hikariPoolDataSourceMetadataProvider'
2024-05-05T02:26:23.557-04:00 DEBUG 14250 --- [deliveryapp] [           main] o.s.b.f.s.DefaultListableBeanFactory     : Creating shared instance of singleton bean 'org.springframework.boot.autoconfigure.jdbc.metadata.DataSourcePoolMetadataProvidersConfiguration$HikariPoolDataSourceMetadataProviderConfiguration'
2024-05-05T02:26:23.560-04:00 DEBUG 14250 --- [deliveryapp] [           main] o.s.b.f.s.DefaultListableBeanFactory     : Creating shared instance of singleton bean 'entityManagerFactoryBuilder'
2024-05-05T02:26:23.561-04:00 DEBUG 14250 --- [deliveryapp] [           main] o.s.b.f.s.DefaultListableBeanFactory     : Creating shared instance of singleton bean 'jpaVendorAdapter'
2024-05-05T02:26:23.566-04:00 DEBUG 14250 --- [deliveryapp] [           main] o.s.b.f.s.DefaultListableBeanFactory     : Autowiring by type from bean name 'entityManagerFactoryBuilder' via factory method to bean named 'jpaVendorAdapter'
2024-05-05T02:26:23.568-04:00 DEBUG 14250 --- [deliveryapp] [           main] o.s.b.f.s.DefaultListableBeanFactory     : Creating shared instance of singleton bean 'persistenceManagedTypes'
2024-05-05T02:26:23.568-04:00 DEBUG 14250 --- [deliveryapp] [           main] o.s.b.f.s.DefaultListableBeanFactory     : Autowiring by type from bean name 'persistenceManagedTypes' via factory method to bean named 'org.springframework.beans.factory.support.DefaultListableBeanFactory@537b32ef'
2024-05-05T02:26:23.568-04:00 DEBUG 14250 --- [deliveryapp] [           main] o.s.b.f.s.DefaultListableBeanFactory     : Autowiring by type from bean name 'persistenceManagedTypes' via factory method to bean named 'org.springframework.context.annotation.AnnotationConfigApplicationContext@58a55449'
2024-05-05T02:26:23.573-04:00 DEBUG 14250 --- [deliveryapp] [           main] o.s.b.f.s.DefaultListableBeanFactory     : Autowiring by type from bean name 'entityManagerFactory' via factory method to bean named 'entityManagerFactoryBuilder'
2024-05-05T02:26:23.573-04:00 DEBUG 14250 --- [deliveryapp] [           main] o.s.b.f.s.DefaultListableBeanFactory     : Autowiring by type from bean name 'entityManagerFactory' via factory method to bean named 'persistenceManagedTypes'
2024-05-05T02:26:23.579-04:00 DEBUG 14250 --- [deliveryapp] [           main] j.LocalContainerEntityManagerFactoryBean : Building JPA container EntityManagerFactory for persistence unit 'default'
2024-05-05T02:26:23.586-04:00 DEBUG 14250 --- [deliveryapp] [           main] o.hibernate.jpa.internal.util.LogHelper  : PersistenceUnitInfo [
	name: default
	persistence provider classname: null
	classloader: jdk.internal.loader.ClassLoaders$AppClassLoader@1cf4f579
	excludeUnlistedClasses: true
	JTA datasource: null
	Non JTA datasource: HikariDataSource (null)
	Transaction type: RESOURCE_LOCAL
	PU root URL: file:/Users/pablojavier/Documents/Study/Entregas%20Examen%20/Ejemplos/deliveryapp/target/test-classes/
	Shared Cache Mode: UNSPECIFIED
	Validation Mode: AUTO
	Jar files URLs []
	Managed classes names [
		com.example.DeliveryApp.model.Despacho
		com.example.DeliveryApp.model.Rol
		com.example.DeliveryApp.model.Usuario]
	Mapping files names []
	Properties []
2024-05-05T02:26:23.591-04:00 DEBUG 14250 --- [deliveryapp] [           main] o.h.i.internal.IntegratorServiceImpl     : Adding Integrator [org.hibernate.boot.beanvalidation.BeanValidationIntegrator].
2024-05-05T02:26:23.592-04:00 DEBUG 14250 --- [deliveryapp] [           main] o.h.i.internal.IntegratorServiceImpl     : Adding Integrator [org.hibernate.cache.internal.CollectionCacheInvalidator].
2024-05-05T02:26:23.612-04:00  INFO 14250 --- [deliveryapp] [           main] org.hibernate.Version                    : HHH000412: Hibernate ORM core version 6.4.4.Final
2024-05-05T02:26:23.612-04:00 DEBUG 14250 --- [deliveryapp] [           main] org.hibernate.cfg.Environment            : HHH000206: 'hibernate.properties' not found
2024-05-05T02:26:23.621-04:00 DEBUG 14250 --- [deliveryapp] [           main] org.hibernate.orm.idgen.factory          : Registering IdentifierGenerator strategy [uuid2] -> [org.hibernate.id.UUIDGenerator]
2024-05-05T02:26:23.621-04:00 DEBUG 14250 --- [deliveryapp] [           main] org.hibernate.orm.idgen.factory          : Registering IdentifierGenerator strategy [guid] -> [org.hibernate.id.GUIDGenerator]
2024-05-05T02:26:23.622-04:00 DEBUG 14250 --- [deliveryapp] [           main] org.hibernate.orm.idgen.factory          : Registering IdentifierGenerator strategy [uuid] -> [org.hibernate.id.UUIDHexGenerator]
2024-05-05T02:26:23.622-04:00 DEBUG 14250 --- [deliveryapp] [           main] org.hibernate.orm.idgen.factory          : Registering IdentifierGenerator strategy [uuid.hex] -> [org.hibernate.id.UUIDHexGenerator]
2024-05-05T02:26:23.622-04:00 DEBUG 14250 --- [deliveryapp] [           main] org.hibernate.orm.idgen.factory          : Registering IdentifierGenerator strategy [assigned] -> [org.hibernate.id.Assigned]
2024-05-05T02:26:23.622-04:00 DEBUG 14250 --- [deliveryapp] [           main] org.hibernate.orm.idgen.factory          : Registering IdentifierGenerator strategy [identity] -> [org.hibernate.id.IdentityGenerator]
2024-05-05T02:26:23.622-04:00 DEBUG 14250 --- [deliveryapp] [           main] org.hibernate.orm.idgen.factory          : Registering IdentifierGenerator strategy [select] -> [org.hibernate.id.SelectGenerator]
2024-05-05T02:26:23.623-04:00 DEBUG 14250 --- [deliveryapp] [           main] org.hibernate.orm.idgen.factory          : Registering IdentifierGenerator strategy [sequence] -> [org.hibernate.id.enhanced.SequenceStyleGenerator]
2024-05-05T02:26:23.623-04:00 DEBUG 14250 --- [deliveryapp] [           main] org.hibernate.orm.idgen.factory          : Registering IdentifierGenerator strategy [increment] -> [org.hibernate.id.IncrementGenerator]
2024-05-05T02:26:23.624-04:00 DEBUG 14250 --- [deliveryapp] [           main] org.hibernate.orm.idgen.factory          : Registering IdentifierGenerator strategy [foreign] -> [org.hibernate.id.ForeignGenerator]
2024-05-05T02:26:23.624-04:00 DEBUG 14250 --- [deliveryapp] [           main] org.hibernate.orm.idgen.factory          : Registering IdentifierGenerator strategy [enhanced-sequence] -> [org.hibernate.id.enhanced.SequenceStyleGenerator]
2024-05-05T02:26:23.624-04:00 DEBUG 14250 --- [deliveryapp] [           main] org.hibernate.orm.idgen.factory          : Registering IdentifierGenerator strategy [enhanced-table] -> [org.hibernate.id.enhanced.TableGenerator]
2024-05-05T02:26:23.629-04:00 DEBUG 14250 --- [deliveryapp] [           main] o.h.c.internal.RegionFactoryInitiator    : Cannot default RegionFactory based on registered strategies as `[]` RegionFactory strategies were registered
2024-05-05T02:26:23.629-04:00  INFO 14250 --- [deliveryapp] [           main] o.h.c.internal.RegionFactoryInitiator    : HHH000026: Second-level cache disabled
2024-05-05T02:26:23.664-04:00 DEBUG 14250 --- [deliveryapp] [           main] org.hibernate.type.BasicTypeRegistry     : Adding type registration boolean -> org.hibernate.type.BasicTypeReference@4ef2ab73
2024-05-05T02:26:23.664-04:00 DEBUG 14250 --- [deliveryapp] [           main] org.hibernate.type.BasicTypeRegistry     : Adding type registration boolean -> org.hibernate.type.BasicTypeReference@4ef2ab73
2024-05-05T02:26:23.664-04:00 DEBUG 14250 --- [deliveryapp] [           main] org.hibernate.type.BasicTypeRegistry     : Adding type registration java.lang.Boolean -> org.hibernate.type.BasicTypeReference@4ef2ab73
2024-05-05T02:26:23.664-04:00 DEBUG 14250 --- [deliveryapp] [           main] org.hibernate.type.BasicTypeRegistry     : Adding type registration numeric_boolean -> org.hibernate.type.BasicTypeReference@34be065a
2024-05-05T02:26:23.664-04:00 DEBUG 14250 --- [deliveryapp] [           main] org.hibernate.type.BasicTypeRegistry     : Adding type registration org.hibernate.type.NumericBooleanConverter -> org.hibernate.type.BasicTypeReference@34be065a
2024-05-05T02:26:23.664-04:00 DEBUG 14250 --- [deliveryapp] [           main] org.hibernate.type.BasicTypeRegistry     : Adding type registration true_false -> org.hibernate.type.BasicTypeReference@718f805a
2024-05-05T02:26:23.664-04:00 DEBUG 14250 --- [deliveryapp] [           main] org.hibernate.type.BasicTypeRegistry     : Adding type registration org.hibernate.type.TrueFalseConverter -> org.hibernate.type.BasicTypeReference@718f805a
2024-05-05T02:26:23.664-04:00 DEBUG 14250 --- [deliveryapp] [           main] org.hibernate.type.BasicTypeRegistry     : Adding type registration yes_no -> org.hibernate.type.BasicTypeReference@e09f1b6
2024-05-05T02:26:23.664-04:00 DEBUG 14250 --- [deliveryapp] [           main] org.hibernate.type.BasicTypeRegistry     : Adding type registration org.hibernate.type.YesNoConverter -> org.hibernate.type.BasicTypeReference@e09f1b6
2024-05-05T02:26:23.664-04:00 DEBUG 14250 --- [deliveryapp] [           main] org.hibernate.type.BasicTypeRegistry     : Adding type registration byte -> org.hibernate.type.BasicTypeReference@557b6a37
2024-05-05T02:26:23.664-04:00 DEBUG 14250 --- [deliveryapp] [           main] org.hibernate.type.BasicTypeRegistry     : Adding type registration byte -> org.hibernate.type.BasicTypeReference@557b6a37
2024-05-05T02:26:23.664-04:00 DEBUG 14250 --- [deliveryapp] [           main] org.hibernate.type.BasicTypeRegistry     : Adding type registration java.lang.Byte -> org.hibernate.type.BasicTypeReference@557b6a37
2024-05-05T02:26:23.664-04:00 DEBUG 14250 --- [deliveryapp] [           main] org.hibernate.type.BasicTypeRegistry     : Adding type registration binary -> org.hibernate.type.BasicTypeReference@11b32a14
2024-05-05T02:26:23.664-04:00 DEBUG 14250 --- [deliveryapp] [           main] org.hibernate.type.BasicTypeRegistry     : Adding type registration byte[] -> org.hibernate.type.BasicTypeReference@11b32a14
2024-05-05T02:26:23.664-04:00 DEBUG 14250 --- [deliveryapp] [           main] org.hibernate.type.BasicTypeRegistry     : Adding type registration [B -> org.hibernate.type.BasicTypeReference@11b32a14
2024-05-05T02:26:23.664-04:00 DEBUG 14250 --- [deliveryapp] [           main] org.hibernate.type.BasicTypeRegistry     : Adding type registration binary_wrapper -> org.hibernate.type.BasicTypeReference@1c33e528
2024-05-05T02:26:23.664-04:00 DEBUG 14250 --- [deliveryapp] [           main] org.hibernate.type.BasicTypeRegistry     : Adding type registration wrapper-binary -> org.hibernate.type.BasicTypeReference@1c33e528
2024-05-05T02:26:23.664-04:00 DEBUG 14250 --- [deliveryapp] [           main] org.hibernate.type.BasicTypeRegistry     : Adding type registration image -> org.hibernate.type.BasicTypeReference@5df63359
2024-05-05T02:26:23.664-04:00 DEBUG 14250 --- [deliveryapp] [           main] org.hibernate.type.BasicTypeRegistry     : Adding type registration blob -> org.hibernate.type.BasicTypeReference@53d2d002
2024-05-05T02:26:23.665-04:00 DEBUG 14250 --- [deliveryapp] [           main] org.hibernate.type.BasicTypeRegistry     : Adding type registration java.sql.Blob -> org.hibernate.type.BasicTypeReference@53d2d002
2024-05-05T02:26:23.665-04:00 DEBUG 14250 --- [deliveryapp] [           main] org.hibernate.type.BasicTypeRegistry     : Adding type registration materialized_blob -> org.hibernate.type.BasicTypeReference@5b39a3e6
2024-05-05T02:26:23.665-04:00 DEBUG 14250 --- [deliveryapp] [           main] org.hibernate.type.BasicTypeRegistry     : Adding type registration materialized_blob_wrapper -> org.hibernate.type.BasicTypeReference@5820070c
2024-05-05T02:26:23.665-04:00 DEBUG 14250 --- [deliveryapp] [           main] org.hibernate.type.BasicTypeRegistry     : Adding type registration short -> org.hibernate.type.BasicTypeReference@34208baa
2024-05-05T02:26:23.665-04:00 DEBUG 14250 --- [deliveryapp] [           main] org.hibernate.type.BasicTypeRegistry     : Adding type registration short -> org.hibernate.type.BasicTypeReference@34208baa
2024-05-05T02:26:23.665-04:00 DEBUG 14250 --- [deliveryapp] [           main] org.hibernate.type.BasicTypeRegistry     : Adding type registration java.lang.Short -> org.hibernate.type.BasicTypeReference@34208baa
2024-05-05T02:26:23.665-04:00 DEBUG 14250 --- [deliveryapp] [           main] org.hibernate.type.BasicTypeRegistry     : Adding type registration integer -> org.hibernate.type.BasicTypeReference@71370fec
2024-05-05T02:26:23.665-04:00 DEBUG 14250 --- [deliveryapp] [           main] org.hibernate.type.BasicTypeRegistry     : Adding type registration int -> org.hibernate.type.BasicTypeReference@71370fec
2024-05-05T02:26:23.665-04:00 DEBUG 14250 --- [deliveryapp] [           main] org.hibernate.type.BasicTypeRegistry     : Adding type registration java.lang.Integer -> org.hibernate.type.BasicTypeReference@71370fec
2024-05-05T02:26:23.665-04:00 DEBUG 14250 --- [deliveryapp] [           main] org.hibernate.type.BasicTypeRegistry     : Adding type registration long -> org.hibernate.type.BasicTypeReference@6707a4bf
2024-05-05T02:26:23.665-04:00 DEBUG 14250 --- [deliveryapp] [           main] org.hibernate.type.BasicTypeRegistry     : Adding type registration long -> org.hibernate.type.BasicTypeReference@6707a4bf
2024-05-05T02:26:23.665-04:00 DEBUG 14250 --- [deliveryapp] [           main] org.hibernate.type.BasicTypeRegistry     : Adding type registration java.lang.Long -> org.hibernate.type.BasicTypeReference@6707a4bf
2024-05-05T02:26:23.665-04:00 DEBUG 14250 --- [deliveryapp] [           main] org.hibernate.type.BasicTypeRegistry     : Adding type registration float -> org.hibernate.type.BasicTypeReference@3fc7c734
2024-05-05T02:26:23.665-04:00 DEBUG 14250 --- [deliveryapp] [           main] org.hibernate.type.BasicTypeRegistry     : Adding type registration float -> org.hibernate.type.BasicTypeReference@3fc7c734
2024-05-05T02:26:23.665-04:00 DEBUG 14250 --- [deliveryapp] [           main] org.hibernate.type.BasicTypeRegistry     : Adding type registration java.lang.Float -> org.hibernate.type.BasicTypeReference@3fc7c734
2024-05-05T02:26:23.665-04:00 DEBUG 14250 --- [deliveryapp] [           main] org.hibernate.type.BasicTypeRegistry     : Adding type registration double -> org.hibernate.type.BasicTypeReference@f0a66bd
2024-05-05T02:26:23.665-04:00 DEBUG 14250 --- [deliveryapp] [           main] org.hibernate.type.BasicTypeRegistry     : Adding type registration double -> org.hibernate.type.BasicTypeReference@f0a66bd
2024-05-05T02:26:23.665-04:00 DEBUG 14250 --- [deliveryapp] [           main] org.hibernate.type.BasicTypeRegistry     : Adding type registration java.lang.Double -> org.hibernate.type.BasicTypeReference@f0a66bd
2024-05-05T02:26:23.665-04:00 DEBUG 14250 --- [deliveryapp] [           main] org.hibernate.type.BasicTypeRegistry     : Adding type registration big_integer -> org.hibernate.type.BasicTypeReference@460b50df
2024-05-05T02:26:23.665-04:00 DEBUG 14250 --- [deliveryapp] [           main] org.hibernate.type.BasicTypeRegistry     : Adding type registration java.math.BigInteger -> org.hibernate.type.BasicTypeReference@460b50df
2024-05-05T02:26:23.665-04:00 DEBUG 14250 --- [deliveryapp] [           main] org.hibernate.type.BasicTypeRegistry     : Adding type registration big_decimal -> org.hibernate.type.BasicTypeReference@1cf336fd
2024-05-05T02:26:23.665-04:00 DEBUG 14250 --- [deliveryapp] [           main] org.hibernate.type.BasicTypeRegistry     : Adding type registration java.math.BigDecimal -> org.hibernate.type.BasicTypeReference@1cf336fd
2024-05-05T02:26:23.665-04:00 DEBUG 14250 --- [deliveryapp] [           main] org.hibernate.type.BasicTypeRegistry     : Adding type registration character -> org.hibernate.type.BasicTypeReference@1d0cac30
2024-05-05T02:26:23.665-04:00 DEBUG 14250 --- [deliveryapp] [           main] org.hibernate.type.BasicTypeRegistry     : Adding type registration char -> org.hibernate.type.BasicTypeReference@1d0cac30
2024-05-05T02:26:23.665-04:00 DEBUG 14250 --- [deliveryapp] [           main] org.hibernate.type.BasicTypeRegistry     : Adding type registration java.lang.Character -> org.hibernate.type.BasicTypeReference@1d0cac30
2024-05-05T02:26:23.665-04:00 DEBUG 14250 --- [deliveryapp] [           main] org.hibernate.type.BasicTypeRegistry     : Adding type registration character_nchar -> org.hibernate.type.BasicTypeReference@41ef1ea2
2024-05-05T02:26:23.666-04:00 DEBUG 14250 --- [deliveryapp] [           main] org.hibernate.type.BasicTypeRegistry     : Adding type registration string -> org.hibernate.type.BasicTypeReference@5dfe23e8
2024-05-05T02:26:23.666-04:00 DEBUG 14250 --- [deliveryapp] [           main] org.hibernate.type.BasicTypeRegistry     : Adding type registration java.lang.String -> org.hibernate.type.BasicTypeReference@5dfe23e8
2024-05-05T02:26:23.666-04:00 DEBUG 14250 --- [deliveryapp] [           main] org.hibernate.type.BasicTypeRegistry     : Adding type registration nstring -> org.hibernate.type.BasicTypeReference@583fb274
2024-05-05T02:26:23.666-04:00 DEBUG 14250 --- [deliveryapp] [           main] org.hibernate.type.BasicTypeRegistry     : Adding type registration characters -> org.hibernate.type.BasicTypeReference@202ae86f
2024-05-05T02:26:23.666-04:00 DEBUG 14250 --- [deliveryapp] [           main] org.hibernate.type.BasicTypeRegistry     : Adding type registration char[] -> org.hibernate.type.BasicTypeReference@202ae86f
2024-05-05T02:26:23.666-04:00 DEBUG 14250 --- [deliveryapp] [           main] org.hibernate.type.BasicTypeRegistry     : Adding type registration [C -> org.hibernate.type.BasicTypeReference@202ae86f
2024-05-05T02:26:23.666-04:00 DEBUG 14250 --- [deliveryapp] [           main] org.hibernate.type.BasicTypeRegistry     : Adding type registration wrapper-characters -> org.hibernate.type.BasicTypeReference@1989e8c6
2024-05-05T02:26:23.666-04:00 DEBUG 14250 --- [deliveryapp] [           main] org.hibernate.type.BasicTypeRegistry     : Adding type registration text -> org.hibernate.type.BasicTypeReference@35c4697c
2024-05-05T02:26:23.666-04:00 DEBUG 14250 --- [deliveryapp] [           main] org.hibernate.type.BasicTypeRegistry     : Adding type registration ntext -> org.hibernate.type.BasicTypeReference@104dc1a2
2024-05-05T02:26:23.666-04:00 DEBUG 14250 --- [deliveryapp] [           main] org.hibernate.type.BasicTypeRegistry     : Adding type registration clob -> org.hibernate.type.BasicTypeReference@67d32a54
2024-05-05T02:26:23.666-04:00 DEBUG 14250 --- [deliveryapp] [           main] org.hibernate.type.BasicTypeRegistry     : Adding type registration java.sql.Clob -> org.hibernate.type.BasicTypeReference@67d32a54
2024-05-05T02:26:23.666-04:00 DEBUG 14250 --- [deliveryapp] [           main] org.hibernate.type.BasicTypeRegistry     : Adding type registration nclob -> org.hibernate.type.BasicTypeReference@314a31b0
2024-05-05T02:26:23.666-04:00 DEBUG 14250 --- [deliveryapp] [           main] org.hibernate.type.BasicTypeRegistry     : Adding type registration java.sql.NClob -> org.hibernate.type.BasicTypeReference@314a31b0
2024-05-05T02:26:23.666-04:00 DEBUG 14250 --- [deliveryapp] [           main] org.hibernate.type.BasicTypeRegistry     : Adding type registration materialized_clob -> org.hibernate.type.BasicTypeReference@2753316c
2024-05-05T02:26:23.666-04:00 DEBUG 14250 --- [deliveryapp] [           main] org.hibernate.type.BasicTypeRegistry     : Adding type registration materialized_clob_char_array -> org.hibernate.type.BasicTypeReference@59edb4f5
2024-05-05T02:26:23.666-04:00 DEBUG 14250 --- [deliveryapp] [           main] org.hibernate.type.BasicTypeRegistry     : Adding type registration materialized_clob_character_array -> org.hibernate.type.BasicTypeReference@2792b416
2024-05-05T02:26:23.666-04:00 DEBUG 14250 --- [deliveryapp] [           main] org.hibernate.type.BasicTypeRegistry     : Adding type registration materialized_nclob -> org.hibernate.type.BasicTypeReference@4735d6e5
2024-05-05T02:26:23.666-04:00 DEBUG 14250 --- [deliveryapp] [           main] org.hibernate.type.BasicTypeRegistry     : Adding type registration materialized_nclob_character_array -> org.hibernate.type.BasicTypeReference@79d3473e
2024-05-05T02:26:23.666-04:00 DEBUG 14250 --- [deliveryapp] [           main] org.hibernate.type.BasicTypeRegistry     : Adding type registration materialized_nclob_char_array -> org.hibernate.type.BasicTypeReference@4dad0eed
2024-05-05T02:26:23.666-04:00 DEBUG 14250 --- [deliveryapp] [           main] org.hibernate.type.BasicTypeRegistry     : Adding type registration Duration -> org.hibernate.type.BasicTypeReference@7fad214a
2024-05-05T02:26:23.666-04:00 DEBUG 14250 --- [deliveryapp] [           main] org.hibernate.type.BasicTypeRegistry     : Adding type registration java.time.Duration -> org.hibernate.type.BasicTypeReference@7fad214a
2024-05-05T02:26:23.666-04:00 DEBUG 14250 --- [deliveryapp] [           main] org.hibernate.type.BasicTypeRegistry     : Adding type registration LocalDateTime -> org.hibernate.type.BasicTypeReference@164642a4
2024-05-05T02:26:23.666-04:00 DEBUG 14250 --- [deliveryapp] [           main] org.hibernate.type.BasicTypeRegistry     : Adding type registration java.time.LocalDateTime -> org.hibernate.type.BasicTypeReference@164642a4
2024-05-05T02:26:23.666-04:00 DEBUG 14250 --- [deliveryapp] [           main] org.hibernate.type.BasicTypeRegistry     : Adding type registration LocalDate -> org.hibernate.type.BasicTypeReference@75cf0de5
2024-05-05T02:26:23.667-04:00 DEBUG 14250 --- [deliveryapp] [           main] org.hibernate.type.BasicTypeRegistry     : Adding type registration java.time.LocalDate -> org.hibernate.type.BasicTypeReference@75cf0de5
2024-05-05T02:26:23.667-04:00 DEBUG 14250 --- [deliveryapp] [           main] org.hibernate.type.BasicTypeRegistry     : Adding type registration LocalTime -> org.hibernate.type.BasicTypeReference@50b0afd7
2024-05-05T02:26:23.667-04:00 DEBUG 14250 --- [deliveryapp] [           main] org.hibernate.type.BasicTypeRegistry     : Adding type registration java.time.LocalTime -> org.hibernate.type.BasicTypeReference@50b0afd7
2024-05-05T02:26:23.667-04:00 DEBUG 14250 --- [deliveryapp] [           main] org.hibernate.type.BasicTypeRegistry     : Adding type registration OffsetDateTime -> org.hibernate.type.BasicTypeReference@468173fa
2024-05-05T02:26:23.667-04:00 DEBUG 14250 --- [deliveryapp] [           main] org.hibernate.type.BasicTypeRegistry     : Adding type registration java.time.OffsetDateTime -> org.hibernate.type.BasicTypeReference@468173fa
2024-05-05T02:26:23.667-04:00 DEBUG 14250 --- [deliveryapp] [           main] org.hibernate.type.BasicTypeRegistry     : Adding type registration OffsetDateTimeWithTimezone -> org.hibernate.type.BasicTypeReference@62765aec
2024-05-05T02:26:23.667-04:00 DEBUG 14250 --- [deliveryapp] [           main] org.hibernate.type.BasicTypeRegistry     : Adding type registration OffsetDateTimeWithoutTimezone -> org.hibernate.type.BasicTypeReference@6f5bd362
2024-05-05T02:26:23.667-04:00 DEBUG 14250 --- [deliveryapp] [           main] org.hibernate.type.BasicTypeRegistry     : Adding type registration OffsetTime -> org.hibernate.type.BasicTypeReference@3a401749
2024-05-05T02:26:23.667-04:00 DEBUG 14250 --- [deliveryapp] [           main] org.hibernate.type.BasicTypeRegistry     : Adding type registration java.time.OffsetTime -> org.hibernate.type.BasicTypeReference@3a401749
2024-05-05T02:26:23.667-04:00 DEBUG 14250 --- [deliveryapp] [           main] org.hibernate.type.BasicTypeRegistry     : Adding type registration OffsetTimeUtc -> org.hibernate.type.BasicTypeReference@7793ad58
2024-05-05T02:26:23.667-04:00 DEBUG 14250 --- [deliveryapp] [           main] org.hibernate.type.BasicTypeRegistry     : Adding type registration OffsetTimeWithTimezone -> org.hibernate.type.BasicTypeReference@27e2287c
2024-05-05T02:26:23.667-04:00 DEBUG 14250 --- [deliveryapp] [           main] org.hibernate.type.BasicTypeRegistry     : Adding type registration OffsetTimeWithoutTimezone -> org.hibernate.type.BasicTypeReference@16132f21
2024-05-05T02:26:23.667-04:00 DEBUG 14250 --- [deliveryapp] [           main] org.hibernate.type.BasicTypeRegistry     : Adding type registration ZonedDateTime -> org.hibernate.type.BasicTypeReference@2cd388f5
2024-05-05T02:26:23.667-04:00 DEBUG 14250 --- [deliveryapp] [           main] org.hibernate.type.BasicTypeRegistry     : Adding type registration java.time.ZonedDateTime -> org.hibernate.type.BasicTypeReference@2cd388f5
2024-05-05T02:26:23.667-04:00 DEBUG 14250 --- [deliveryapp] [           main] org.hibernate.type.BasicTypeRegistry     : Adding type registration ZonedDateTimeWithTimezone -> org.hibernate.type.BasicTypeReference@4640195a
2024-05-05T02:26:23.667-04:00 DEBUG 14250 --- [deliveryapp] [           main] org.hibernate.type.BasicTypeRegistry     : Adding type registration ZonedDateTimeWithoutTimezone -> org.hibernate.type.BasicTypeReference@70d77826
2024-05-05T02:26:23.667-04:00 DEBUG 14250 --- [deliveryapp] [           main] org.hibernate.type.BasicTypeRegistry     : Adding type registration date -> org.hibernate.type.BasicTypeReference@7f323b3a
2024-05-05T02:26:23.667-04:00 DEBUG 14250 --- [deliveryapp] [           main] org.hibernate.type.BasicTypeRegistry     : Adding type registration java.sql.Date -> org.hibernate.type.BasicTypeReference@7f323b3a
2024-05-05T02:26:23.667-04:00 DEBUG 14250 --- [deliveryapp] [           main] org.hibernate.type.BasicTypeRegistry     : Adding type registration time -> org.hibernate.type.BasicTypeReference@4f169009
2024-05-05T02:26:23.667-04:00 DEBUG 14250 --- [deliveryapp] [           main] org.hibernate.type.BasicTypeRegistry     : Adding type registration java.sql.Time -> org.hibernate.type.BasicTypeReference@4f169009
2024-05-05T02:26:23.667-04:00 DEBUG 14250 --- [deliveryapp] [           main] org.hibernate.type.BasicTypeRegistry     : Adding type registration timestamp -> org.hibernate.type.BasicTypeReference@9dada78
2024-05-05T02:26:23.667-04:00 DEBUG 14250 --- [deliveryapp] [           main] org.hibernate.type.BasicTypeRegistry     : Adding type registration java.sql.Timestamp -> org.hibernate.type.BasicTypeReference@9dada78
2024-05-05T02:26:23.667-04:00 DEBUG 14250 --- [deliveryapp] [           main] org.hibernate.type.BasicTypeRegistry     : Adding type registration java.util.Date -> org.hibernate.type.BasicTypeReference@9dada78
2024-05-05T02:26:23.667-04:00 DEBUG 14250 --- [deliveryapp] [           main] org.hibernate.type.BasicTypeRegistry     : Adding type registration calendar -> org.hibernate.type.BasicTypeReference@4207852d
2024-05-05T02:26:23.667-04:00 DEBUG 14250 --- [deliveryapp] [           main] org.hibernate.type.BasicTypeRegistry     : Adding type registration java.util.Calendar -> org.hibernate.type.BasicTypeReference@4207852d
2024-05-05T02:26:23.667-04:00 DEBUG 14250 --- [deliveryapp] [           main] org.hibernate.type.BasicTypeRegistry     : Adding type registration java.util.GregorianCalendar -> org.hibernate.type.BasicTypeReference@4207852d
2024-05-05T02:26:23.668-04:00 DEBUG 14250 --- [deliveryapp] [           main] org.hibernate.type.BasicTypeRegistry     : Adding type registration calendar_date -> org.hibernate.type.BasicTypeReference@2c829dbc
2024-05-05T02:26:23.668-04:00 DEBUG 14250 --- [deliveryapp] [           main] org.hibernate.type.BasicTypeRegistry     : Adding type registration calendar_time -> org.hibernate.type.BasicTypeReference@839df62
2024-05-05T02:26:23.668-04:00 DEBUG 14250 --- [deliveryapp] [           main] org.hibernate.type.BasicTypeRegistry     : Adding type registration instant -> org.hibernate.type.BasicTypeReference@76e90da5
2024-05-05T02:26:23.668-04:00 DEBUG 14250 --- [deliveryapp] [           main] org.hibernate.type.BasicTypeRegistry     : Adding type registration java.time.Instant -> org.hibernate.type.BasicTypeReference@76e90da5
2024-05-05T02:26:23.668-04:00 DEBUG 14250 --- [deliveryapp] [           main] org.hibernate.type.BasicTypeRegistry     : Adding type registration uuid -> org.hibernate.type.BasicTypeReference@4e3e11b9
2024-05-05T02:26:23.668-04:00 DEBUG 14250 --- [deliveryapp] [           main] org.hibernate.type.BasicTypeRegistry     : Adding type registration java.util.UUID -> org.hibernate.type.BasicTypeReference@4e3e11b9
2024-05-05T02:26:23.668-04:00 DEBUG 14250 --- [deliveryapp] [           main] org.hibernate.type.BasicTypeRegistry     : Adding type registration pg-uuid -> org.hibernate.type.BasicTypeReference@4e3e11b9
2024-05-05T02:26:23.668-04:00 DEBUG 14250 --- [deliveryapp] [           main] org.hibernate.type.BasicTypeRegistry     : Adding type registration uuid-binary -> org.hibernate.type.BasicTypeReference@67cffead
2024-05-05T02:26:23.668-04:00 DEBUG 14250 --- [deliveryapp] [           main] org.hibernate.type.BasicTypeRegistry     : Adding type registration uuid-char -> org.hibernate.type.BasicTypeReference@214beff9
2024-05-05T02:26:23.668-04:00 DEBUG 14250 --- [deliveryapp] [           main] org.hibernate.type.BasicTypeRegistry     : Adding type registration class -> org.hibernate.type.BasicTypeReference@1ff15a50
2024-05-05T02:26:23.668-04:00 DEBUG 14250 --- [deliveryapp] [           main] org.hibernate.type.BasicTypeRegistry     : Adding type registration java.lang.Class -> org.hibernate.type.BasicTypeReference@1ff15a50
2024-05-05T02:26:23.668-04:00 DEBUG 14250 --- [deliveryapp] [           main] org.hibernate.type.BasicTypeRegistry     : Adding type registration currency -> org.hibernate.type.BasicTypeReference@217c23ce
2024-05-05T02:26:23.668-04:00 DEBUG 14250 --- [deliveryapp] [           main] org.hibernate.type.BasicTypeRegistry     : Adding type registration Currency -> org.hibernate.type.BasicTypeReference@217c23ce
2024-05-05T02:26:23.668-04:00 DEBUG 14250 --- [deliveryapp] [           main] org.hibernate.type.BasicTypeRegistry     : Adding type registration java.util.Currency -> org.hibernate.type.BasicTypeReference@217c23ce
2024-05-05T02:26:23.668-04:00 DEBUG 14250 --- [deliveryapp] [           main] org.hibernate.type.BasicTypeRegistry     : Adding type registration locale -> org.hibernate.type.BasicTypeReference@39de9bda
2024-05-05T02:26:23.668-04:00 DEBUG 14250 --- [deliveryapp] [           main] org.hibernate.type.BasicTypeRegistry     : Adding type registration java.util.Locale -> org.hibernate.type.BasicTypeReference@39de9bda
2024-05-05T02:26:23.668-04:00 DEBUG 14250 --- [deliveryapp] [           main] org.hibernate.type.BasicTypeRegistry     : Adding type registration serializable -> org.hibernate.type.BasicTypeReference@47148f3f
2024-05-05T02:26:23.668-04:00 DEBUG 14250 --- [deliveryapp] [           main] org.hibernate.type.BasicTypeRegistry     : Adding type registration java.io.Serializable -> org.hibernate.type.BasicTypeReference@47148f3f
2024-05-05T02:26:23.668-04:00 DEBUG 14250 --- [deliveryapp] [           main] org.hibernate.type.BasicTypeRegistry     : Adding type registration timezone -> org.hibernate.type.BasicTypeReference@52226e57
2024-05-05T02:26:23.668-04:00 DEBUG 14250 --- [deliveryapp] [           main] org.hibernate.type.BasicTypeRegistry     : Adding type registration java.util.TimeZone -> org.hibernate.type.BasicTypeReference@52226e57
2024-05-05T02:26:23.668-04:00 DEBUG 14250 --- [deliveryapp] [           main] org.hibernate.type.BasicTypeRegistry     : Adding type registration ZoneOffset -> org.hibernate.type.BasicTypeReference@1200458e
2024-05-05T02:26:23.668-04:00 DEBUG 14250 --- [deliveryapp] [           main] org.hibernate.type.BasicTypeRegistry     : Adding type registration java.time.ZoneOffset -> org.hibernate.type.BasicTypeReference@1200458e
2024-05-05T02:26:23.668-04:00 DEBUG 14250 --- [deliveryapp] [           main] org.hibernate.type.BasicTypeRegistry     : Adding type registration url -> org.hibernate.type.BasicTypeReference@5fcd1c5f
2024-05-05T02:26:23.668-04:00 DEBUG 14250 --- [deliveryapp] [           main] org.hibernate.type.BasicTypeRegistry     : Adding type registration java.net.URL -> org.hibernate.type.BasicTypeReference@5fcd1c5f
2024-05-05T02:26:23.668-04:00 DEBUG 14250 --- [deliveryapp] [           main] org.hibernate.type.BasicTypeRegistry     : Adding type registration vector -> org.hibernate.type.BasicTypeReference@3cc30dee
2024-05-05T02:26:23.668-04:00 DEBUG 14250 --- [deliveryapp] [           main] org.hibernate.type.BasicTypeRegistry     : Adding type registration row_version -> org.hibernate.type.BasicTypeReference@7d528cf7
2024-05-05T02:26:23.670-04:00 DEBUG 14250 --- [deliveryapp] [           main] org.hibernate.type.BasicTypeRegistry     : Adding type registration object -> org.hibernate.type.JavaObjectType@7bc58891
2024-05-05T02:26:23.670-04:00 DEBUG 14250 --- [deliveryapp] [           main] org.hibernate.type.BasicTypeRegistry     : Adding type registration java.lang.Object -> org.hibernate.type.JavaObjectType@7bc58891
2024-05-05T02:26:23.671-04:00 DEBUG 14250 --- [deliveryapp] [           main] org.hibernate.type.BasicTypeRegistry     : Adding type registration null -> org.hibernate.type.NullType@467b0f6e
2024-05-05T02:26:23.671-04:00 DEBUG 14250 --- [deliveryapp] [           main] org.hibernate.type.BasicTypeRegistry     : Adding type registration imm_date -> org.hibernate.type.BasicTypeReference@474179fa
2024-05-05T02:26:23.671-04:00 DEBUG 14250 --- [deliveryapp] [           main] org.hibernate.type.BasicTypeRegistry     : Adding type registration imm_time -> org.hibernate.type.BasicTypeReference@420cd102
2024-05-05T02:26:23.671-04:00 DEBUG 14250 --- [deliveryapp] [           main] org.hibernate.type.BasicTypeRegistry     : Adding type registration imm_timestamp -> org.hibernate.type.BasicTypeReference@c7f4457
2024-05-05T02:26:23.671-04:00 DEBUG 14250 --- [deliveryapp] [           main] org.hibernate.type.BasicTypeRegistry     : Adding type registration imm_calendar -> org.hibernate.type.BasicTypeReference@12e12ac9
2024-05-05T02:26:23.671-04:00 DEBUG 14250 --- [deliveryapp] [           main] org.hibernate.type.BasicTypeRegistry     : Adding type registration imm_calendar_date -> org.hibernate.type.BasicTypeReference@5e230fc6
2024-05-05T02:26:23.671-04:00 DEBUG 14250 --- [deliveryapp] [           main] org.hibernate.type.BasicTypeRegistry     : Adding type registration imm_calendar_time -> org.hibernate.type.BasicTypeReference@7a8341c1
2024-05-05T02:26:23.671-04:00 DEBUG 14250 --- [deliveryapp] [           main] org.hibernate.type.BasicTypeRegistry     : Adding type registration imm_binary -> org.hibernate.type.BasicTypeReference@ca8ef3a
2024-05-05T02:26:23.671-04:00 DEBUG 14250 --- [deliveryapp] [           main] org.hibernate.type.BasicTypeRegistry     : Adding type registration imm_serializable -> org.hibernate.type.BasicTypeReference@17043b04
2024-05-05T02:26:23.673-04:00 DEBUG 14250 --- [deliveryapp] [           main] o.h.boot.internal.BootstrapContextImpl   : Injecting JPA temp ClassLoader [org.springframework.instrument.classloading.SimpleThrowawayClassLoader@2e4389ed] into BootstrapContext; was [null]
2024-05-05T02:26:23.673-04:00 DEBUG 14250 --- [deliveryapp] [           main] o.h.boot.internal.ClassLoaderAccessImpl  : ClassLoaderAccessImpl#injectTempClassLoader(org.springframework.instrument.classloading.SimpleThrowawayClassLoader@2e4389ed) [was null]
2024-05-05T02:26:23.673-04:00 DEBUG 14250 --- [deliveryapp] [           main] o.h.boot.internal.BootstrapContextImpl   : Injecting ScanEnvironment [org.hibernate.jpa.boot.internal.StandardJpaScanEnvironmentImpl@67bd351e] into BootstrapContext; was [null]
2024-05-05T02:26:23.673-04:00 DEBUG 14250 --- [deliveryapp] [           main] o.h.boot.internal.BootstrapContextImpl   : Injecting ScanOptions [org.hibernate.boot.archive.scan.internal.StandardScanOptions@4cc7d00d] into BootstrapContext; was [org.hibernate.boot.archive.scan.internal.StandardScanOptions@468e8565]
2024-05-05T02:26:23.744-04:00  INFO 14250 --- [deliveryapp] [           main] o.s.o.j.p.SpringPersistenceUnitInfo      : No LoadTimeWeaver setup: ignoring JPA class transformer
2024-05-05T02:26:23.745-04:00 DEBUG 14250 --- [deliveryapp] [           main] o.h.boot.internal.BootstrapContextImpl   : Injecting JPA temp ClassLoader [null] into BootstrapContext; was [org.springframework.instrument.classloading.SimpleThrowawayClassLoader@2e4389ed]
2024-05-05T02:26:23.745-04:00 DEBUG 14250 --- [deliveryapp] [           main] o.h.boot.internal.ClassLoaderAccessImpl  : ClassLoaderAccessImpl#injectTempClassLoader(null) [was org.springframework.instrument.classloading.SimpleThrowawayClassLoader@2e4389ed]
2024-05-05T02:26:23.756-04:00  INFO 14250 --- [deliveryapp] [           main] com.zaxxer.hikari.HikariDataSource       : HikariPool-1 - Starting...
2024-05-05T02:26:23.758-04:00  WARN 14250 --- [deliveryapp] [           main] c.zaxxer.hikari.util.DriverDataSource    : Registered driver with driverClassName=oracle.jdbc.driver.OracleDriver was not found, trying direct instantiation.
2024-05-05T02:26:24.738-04:00  INFO 14250 --- [deliveryapp] [           main] com.zaxxer.hikari.pool.HikariPool        : HikariPool-1 - Added connection oracle.jdbc.driver.T4CConnection@601d6622
2024-05-05T02:26:24.739-04:00  INFO 14250 --- [deliveryapp] [           main] com.zaxxer.hikari.HikariDataSource       : HikariPool-1 - Start completed.
2024-05-05T02:26:24.741-04:00 DEBUG 14250 --- [deliveryapp] [           main] o.h.e.j.e.i.JdbcEnvironmentInitiator     : Database ->
       name : Oracle
    version : Oracle Database 19c Enterprise Edition Release 19.0.0.0.0 - Production
Version 19.23.0.1.0
      major : 19
      minor : 0
2024-05-05T02:26:24.742-04:00 DEBUG 14250 --- [deliveryapp] [           main] o.h.e.j.e.i.JdbcEnvironmentInitiator     : Driver ->
       name : Oracle JDBC driver
    version : 21.9.0.0.0
      major : 21
      minor : 9
2024-05-05T02:26:24.742-04:00 DEBUG 14250 --- [deliveryapp] [           main] o.h.e.j.e.i.JdbcEnvironmentInitiator     : JDBC version : 4.3
2024-05-05T02:26:24.825-04:00  WARN 14250 --- [deliveryapp] [           main] org.hibernate.orm.deprecation            : HHH90000025: OracleDialect does not need to be specified explicitly using 'hibernate.dialect' (remove the property setting and it will be selected by default)
2024-05-05T02:26:24.825-04:00 DEBUG 14250 --- [deliveryapp] [           main] org.hibernate.orm.dialect                : HHH035001: Using dialect: org.hibernate.dialect.OracleDialect, version: 19.0
2024-05-05T02:26:24.893-04:00 DEBUG 14250 --- [deliveryapp] [           main] o.h.t.d.jdbc.spi.JdbcTypeRegistry        : addDescriptor(NCharTypeDescriptor) replaced previous registration(CharTypeDescriptor)
2024-05-05T02:26:24.893-04:00 DEBUG 14250 --- [deliveryapp] [           main] o.h.t.d.jdbc.spi.JdbcTypeRegistry        : addDescriptor(NVarcharTypeDescriptor) replaced previous registration(VarcharTypeDescriptor)
2024-05-05T02:26:24.895-04:00 DEBUG 14250 --- [deliveryapp] [           main] o.h.t.d.jdbc.spi.JdbcTypeRegistry        : addDescriptor(LongNVarcharTypeDescriptor) replaced previous registration(LongVarcharTypeDescriptor)
2024-05-05T02:26:24.895-04:00 DEBUG 14250 --- [deliveryapp] [           main] o.h.t.d.jdbc.spi.JdbcTypeRegistry        : addDescriptor(NClobTypeDescriptor(DEFAULT)) replaced previous registration(ClobTypeDescriptor(DEFAULT))
2024-05-05T02:26:24.896-04:00 DEBUG 14250 --- [deliveryapp] [           main] o.h.t.d.jdbc.spi.JdbcTypeRegistry        : addDescriptor(2005, ClobTypeDescriptor(STREAM_BINDING)) replaced previous registration(ClobTypeDescriptor(DEFAULT))
2024-05-05T02:26:24.897-04:00 DEBUG 14250 --- [deliveryapp] [           main] o.h.t.d.jdbc.spi.JdbcTypeRegistry        : addDescriptor(BooleanTypeDescriptor) replaced previous registration(BooleanTypeDescriptor)
2024-05-05T02:26:24.901-04:00 DEBUG 14250 --- [deliveryapp] [           main] org.hibernate.type.BasicTypeRegistry     : Adding type registration null -> org.hibernate.type.NullType@5611bba
2024-05-05T02:26:24.902-04:00 DEBUG 14250 --- [deliveryapp] [           main] org.hibernate.type.BasicTypeRegistry     : Type registration key [null] overrode previous entry : `org.hibernate.type.NullType@467b0f6e`
2024-05-05T02:26:24.902-04:00 DEBUG 14250 --- [deliveryapp] [           main] org.hibernate.type.BasicTypeRegistry     : Adding type registration JAVA_OBJECT -> org.hibernate.type.JavaObjectType@2f07930a
2024-05-05T02:26:24.902-04:00 DEBUG 14250 --- [deliveryapp] [           main] org.hibernate.type.BasicTypeRegistry     : Adding type registration java.lang.Object -> org.hibernate.type.JavaObjectType@2f07930a
2024-05-05T02:26:24.902-04:00 DEBUG 14250 --- [deliveryapp] [           main] org.hibernate.type.BasicTypeRegistry     : Type registration key [java.lang.Object] overrode previous entry : `org.hibernate.type.JavaObjectType@7bc58891`
2024-05-05T02:26:24.904-04:00 DEBUG 14250 --- [deliveryapp] [           main] org.hibernate.type.BasicTypeRegistry     : Adding type registration org.hibernate.type.DurationType -> basicType@1(java.time.Duration,3015)
2024-05-05T02:26:24.904-04:00 DEBUG 14250 --- [deliveryapp] [           main] org.hibernate.type.BasicTypeRegistry     : Adding type registration Duration -> basicType@1(java.time.Duration,3015)
2024-05-05T02:26:24.904-04:00 DEBUG 14250 --- [deliveryapp] [           main] org.hibernate.type.BasicTypeRegistry     : Adding type registration java.time.Duration -> basicType@1(java.time.Duration,3015)
2024-05-05T02:26:24.907-04:00 DEBUG 14250 --- [deliveryapp] [           main] o.h.type.spi.TypeConfiguration$Scope     : Scoping TypeConfiguration [org.hibernate.type.spi.TypeConfiguration@2a631049] to MetadataBuildingContext [org.hibernate.boot.internal.MetadataBuildingContextRootImpl@425b5fe2]
2024-05-05T02:26:24.928-04:00 DEBUG 14250 --- [deliveryapp] [           main] o.h.boot.model.relational.Namespace      : Created database namespace [logicalName=Name{catalog=null, schema=null}, physicalName=Name{catalog=null, schema=null}]
2024-05-05T02:26:24.942-04:00 DEBUG 14250 --- [deliveryapp] [           main] o.h.boot.model.internal.EntityBinder     : Binding entity from annotated class: com.example.DeliveryApp.model.Despacho
2024-05-05T02:26:24.945-04:00 DEBUG 14250 --- [deliveryapp] [           main] o.h.boot.model.internal.EntityBinder     : Import with entity name Despacho
2024-05-05T02:26:24.948-04:00 DEBUG 14250 --- [deliveryapp] [           main] o.h.boot.model.internal.EntityBinder     : Bind entity com.example.DeliveryApp.model.Despacho on table despachos
2024-05-05T02:26:24.952-04:00 DEBUG 14250 --- [deliveryapp] [           main] o.h.boot.model.internal.AnnotatedColumn  : Binding column: AnnotatedDiscriminatorColumn(column='DTYPE')
2024-05-05T02:26:24.961-04:00 DEBUG 14250 --- [deliveryapp] [           main] o.h.boot.model.internal.AnnotatedColumn  : Binding column: AnnotatedColumn(column='id')
2024-05-05T02:26:24.962-04:00 DEBUG 14250 --- [deliveryapp] [           main] o.h.boot.internal.ClassLoaderAccessImpl  : Not known whether passed class name [com.example.DeliveryApp.model.Despacho] is safe
2024-05-05T02:26:24.962-04:00 DEBUG 14250 --- [deliveryapp] [           main] o.h.boot.internal.ClassLoaderAccessImpl  : No temp ClassLoader provided; using live ClassLoader for loading potentially unsafe class : com.example.DeliveryApp.model.Despacho
2024-05-05T02:26:24.963-04:00 DEBUG 14250 --- [deliveryapp] [           main] o.h.boot.model.internal.PropertyBinder   : MetadataSourceProcessor property id with lazy=false
2024-05-05T02:26:24.965-04:00 DEBUG 14250 --- [deliveryapp] [           main] o.h.b.m.internal.AbstractPropertyHolder  : Attempting to locate auto-apply AttributeConverter for property [com.example.DeliveryApp.model.Despacho:id]
2024-05-05T02:26:24.966-04:00 DEBUG 14250 --- [deliveryapp] [           main] o.h.b.model.internal.BasicValueBinder    : building BasicValue for id
2024-05-05T02:26:24.967-04:00 DEBUG 14250 --- [deliveryapp] [           main] org.hibernate.mapping.BasicValue         : Skipping column re-registration: despachos.id
2024-05-05T02:26:24.967-04:00 DEBUG 14250 --- [deliveryapp] [           main] o.h.boot.model.internal.PropertyBinder   : Building property id
2024-05-05T02:26:24.968-04:00 DEBUG 14250 --- [deliveryapp] [           main] o.h.boot.model.internal.BinderHelper     : #makeIdGenerator(BasicValue([Column(id)]), id, identity, , ...)
2024-05-05T02:26:24.968-04:00 DEBUG 14250 --- [deliveryapp] [           main] o.h.boot.model.internal.AnnotatedColumn  : Binding column: AnnotatedColumn(column='activo')
2024-05-05T02:26:24.968-04:00 DEBUG 14250 --- [deliveryapp] [           main] o.h.boot.model.internal.PropertyBinder   : MetadataSourceProcessor property activo with lazy=false
2024-05-05T02:26:24.968-04:00 DEBUG 14250 --- [deliveryapp] [           main] o.h.b.m.internal.AbstractPropertyHolder  : Attempting to locate auto-apply AttributeConverter for property [com.example.DeliveryApp.model.Despacho:activo]
2024-05-05T02:26:24.968-04:00 DEBUG 14250 --- [deliveryapp] [           main] o.h.b.model.internal.BasicValueBinder    : building BasicValue for activo
2024-05-05T02:26:24.968-04:00 DEBUG 14250 --- [deliveryapp] [           main] org.hibernate.mapping.BasicValue         : Skipping column re-registration: despachos.activo
2024-05-05T02:26:24.969-04:00 DEBUG 14250 --- [deliveryapp] [           main] o.h.boot.model.internal.PropertyBinder   : Building property activo
2024-05-05T02:26:24.969-04:00 DEBUG 14250 --- [deliveryapp] [           main] o.h.boot.model.internal.AnnotatedColumn  : Binding column: AnnotatedColumn(column='direccion')
2024-05-05T02:26:24.969-04:00 DEBUG 14250 --- [deliveryapp] [           main] o.h.boot.model.internal.PropertyBinder   : MetadataSourceProcessor property direccion with lazy=false
2024-05-05T02:26:24.969-04:00 DEBUG 14250 --- [deliveryapp] [           main] o.h.b.m.internal.AbstractPropertyHolder  : Attempting to locate auto-apply AttributeConverter for property [com.example.DeliveryApp.model.Despacho:direccion]
2024-05-05T02:26:24.969-04:00 DEBUG 14250 --- [deliveryapp] [           main] o.h.b.model.internal.BasicValueBinder    : building BasicValue for direccion
2024-05-05T02:26:24.969-04:00 DEBUG 14250 --- [deliveryapp] [           main] org.hibernate.mapping.BasicValue         : Skipping column re-registration: despachos.direccion
2024-05-05T02:26:24.969-04:00 DEBUG 14250 --- [deliveryapp] [           main] o.h.boot.model.internal.PropertyBinder   : Building property direccion
2024-05-05T02:26:24.970-04:00 DEBUG 14250 --- [deliveryapp] [           main] o.h.boot.model.internal.AnnotatedColumn  : Binding column: AnnotatedJoinColumn(column='usuario_id')
2024-05-05T02:26:24.970-04:00 DEBUG 14250 --- [deliveryapp] [           main] o.h.boot.model.internal.AnnotatedColumn  : Binding column: AnnotatedColumn()
2024-05-05T02:26:24.972-04:00 DEBUG 14250 --- [deliveryapp] [           main] o.h.boot.model.internal.PropertyBinder   : Building property usuario
2024-05-05T02:26:24.973-04:00 DEBUG 14250 --- [deliveryapp] [           main] o.h.b.r.c.i.ClassLoaderServiceImpl       : HHH000194: Package not found or wo package-info.java: com.example.DeliveryApp.model
2024-05-05T02:26:24.975-04:00 DEBUG 14250 --- [deliveryapp] [           main] o.h.boot.model.internal.EntityBinder     : Binding entity from annotated class: com.example.DeliveryApp.model.Rol
2024-05-05T02:26:24.976-04:00 DEBUG 14250 --- [deliveryapp] [           main] o.h.boot.model.internal.EntityBinder     : Import with entity name Rol
2024-05-05T02:26:24.976-04:00 DEBUG 14250 --- [deliveryapp] [           main] o.h.boot.model.internal.EntityBinder     : Bind entity com.example.DeliveryApp.model.Rol on table roles
2024-05-05T02:26:24.976-04:00 DEBUG 14250 --- [deliveryapp] [           main] o.h.boot.model.internal.AnnotatedColumn  : Binding column: AnnotatedDiscriminatorColumn(column='DTYPE')
2024-05-05T02:26:24.976-04:00 DEBUG 14250 --- [deliveryapp] [           main] o.h.boot.model.internal.AnnotatedColumn  : Binding column: AnnotatedColumn(column='id')
2024-05-05T02:26:24.976-04:00 DEBUG 14250 --- [deliveryapp] [           main] o.h.boot.internal.ClassLoaderAccessImpl  : Not known whether passed class name [com.example.DeliveryApp.model.Rol] is safe
2024-05-05T02:26:24.976-04:00 DEBUG 14250 --- [deliveryapp] [           main] o.h.boot.internal.ClassLoaderAccessImpl  : No temp ClassLoader provided; using live ClassLoader for loading potentially unsafe class : com.example.DeliveryApp.model.Rol
2024-05-05T02:26:24.976-04:00 DEBUG 14250 --- [deliveryapp] [           main] o.h.boot.model.internal.PropertyBinder   : MetadataSourceProcessor property id with lazy=false
2024-05-05T02:26:24.976-04:00 DEBUG 14250 --- [deliveryapp] [           main] o.h.b.m.internal.AbstractPropertyHolder  : Attempting to locate auto-apply AttributeConverter for property [com.example.DeliveryApp.model.Rol:id]
2024-05-05T02:26:24.976-04:00 DEBUG 14250 --- [deliveryapp] [           main] o.h.b.model.internal.BasicValueBinder    : building BasicValue for id
2024-05-05T02:26:24.976-04:00 DEBUG 14250 --- [deliveryapp] [           main] org.hibernate.mapping.BasicValue         : Skipping column re-registration: roles.id
2024-05-05T02:26:24.976-04:00 DEBUG 14250 --- [deliveryapp] [           main] o.h.boot.model.internal.PropertyBinder   : Building property id
2024-05-05T02:26:24.976-04:00 DEBUG 14250 --- [deliveryapp] [           main] o.h.boot.model.internal.BinderHelper     : #makeIdGenerator(BasicValue([Column(id)]), id, identity, , ...)
2024-05-05T02:26:24.977-04:00 DEBUG 14250 --- [deliveryapp] [           main] o.h.boot.model.internal.AnnotatedColumn  : Binding column: AnnotatedColumn(column='activo')
2024-05-05T02:26:24.977-04:00 DEBUG 14250 --- [deliveryapp] [           main] o.h.boot.model.internal.PropertyBinder   : MetadataSourceProcessor property activo with lazy=false
2024-05-05T02:26:24.977-04:00 DEBUG 14250 --- [deliveryapp] [           main] o.h.b.m.internal.AbstractPropertyHolder  : Attempting to locate auto-apply AttributeConverter for property [com.example.DeliveryApp.model.Rol:activo]
2024-05-05T02:26:24.977-04:00 DEBUG 14250 --- [deliveryapp] [           main] o.h.b.model.internal.BasicValueBinder    : building BasicValue for activo
2024-05-05T02:26:24.977-04:00 DEBUG 14250 --- [deliveryapp] [           main] org.hibernate.mapping.BasicValue         : Skipping column re-registration: roles.activo
2024-05-05T02:26:24.977-04:00 DEBUG 14250 --- [deliveryapp] [           main] o.h.boot.model.internal.PropertyBinder   : Building property activo
2024-05-05T02:26:24.977-04:00 DEBUG 14250 --- [deliveryapp] [           main] o.h.boot.model.internal.AnnotatedColumn  : Binding column: AnnotatedColumn(column='rol')
2024-05-05T02:26:24.977-04:00 DEBUG 14250 --- [deliveryapp] [           main] o.h.boot.model.internal.PropertyBinder   : MetadataSourceProcessor property rol with lazy=false
2024-05-05T02:26:24.977-04:00 DEBUG 14250 --- [deliveryapp] [           main] o.h.b.m.internal.AbstractPropertyHolder  : Attempting to locate auto-apply AttributeConverter for property [com.example.DeliveryApp.model.Rol:rol]
2024-05-05T02:26:24.977-04:00 DEBUG 14250 --- [deliveryapp] [           main] o.h.b.model.internal.BasicValueBinder    : building BasicValue for rol
2024-05-05T02:26:24.977-04:00 DEBUG 14250 --- [deliveryapp] [           main] org.hibernate.mapping.BasicValue         : Skipping column re-registration: roles.rol
2024-05-05T02:26:24.977-04:00 DEBUG 14250 --- [deliveryapp] [           main] o.h.boot.model.internal.PropertyBinder   : Building property rol
2024-05-05T02:26:24.977-04:00 DEBUG 14250 --- [deliveryapp] [           main] o.h.boot.model.internal.AnnotatedColumn  : Binding column: AnnotatedJoinColumn(column='usuario_id')
2024-05-05T02:26:24.977-04:00 DEBUG 14250 --- [deliveryapp] [           main] o.h.boot.model.internal.AnnotatedColumn  : Binding column: AnnotatedColumn()
2024-05-05T02:26:24.977-04:00 DEBUG 14250 --- [deliveryapp] [           main] o.h.boot.model.internal.PropertyBinder   : Building property usuario
2024-05-05T02:26:24.977-04:00 DEBUG 14250 --- [deliveryapp] [           main] o.h.b.r.c.i.ClassLoaderServiceImpl       : HHH000194: Package not found or wo package-info.java: com.example.DeliveryApp.model
2024-05-05T02:26:24.978-04:00 DEBUG 14250 --- [deliveryapp] [           main] o.h.boot.model.internal.EntityBinder     : Binding entity from annotated class: com.example.DeliveryApp.model.Usuario
2024-05-05T02:26:24.978-04:00 DEBUG 14250 --- [deliveryapp] [           main] o.h.boot.model.internal.EntityBinder     : Import with entity name Usuario
2024-05-05T02:26:24.978-04:00 DEBUG 14250 --- [deliveryapp] [           main] o.h.boot.model.internal.EntityBinder     : Bind entity com.example.DeliveryApp.model.Usuario on table usuarios
2024-05-05T02:26:24.978-04:00 DEBUG 14250 --- [deliveryapp] [           main] o.h.boot.model.internal.AnnotatedColumn  : Binding column: AnnotatedDiscriminatorColumn(column='DTYPE')
2024-05-05T02:26:24.981-04:00 DEBUG 14250 --- [deliveryapp] [           main] o.h.boot.model.internal.AnnotatedColumn  : Binding column: AnnotatedColumn(column='id')
2024-05-05T02:26:24.981-04:00 DEBUG 14250 --- [deliveryapp] [           main] o.h.boot.internal.ClassLoaderAccessImpl  : Not known whether passed class name [com.example.DeliveryApp.model.Usuario] is safe
2024-05-05T02:26:24.981-04:00 DEBUG 14250 --- [deliveryapp] [           main] o.h.boot.internal.ClassLoaderAccessImpl  : No temp ClassLoader provided; using live ClassLoader for loading potentially unsafe class : com.example.DeliveryApp.model.Usuario
2024-05-05T02:26:24.981-04:00 DEBUG 14250 --- [deliveryapp] [           main] o.h.boot.model.internal.PropertyBinder   : MetadataSourceProcessor property id with lazy=false
2024-05-05T02:26:24.981-04:00 DEBUG 14250 --- [deliveryapp] [           main] o.h.b.m.internal.AbstractPropertyHolder  : Attempting to locate auto-apply AttributeConverter for property [com.example.DeliveryApp.model.Usuario:id]
2024-05-05T02:26:24.981-04:00 DEBUG 14250 --- [deliveryapp] [           main] o.h.b.model.internal.BasicValueBinder    : building BasicValue for id
2024-05-05T02:26:24.981-04:00 DEBUG 14250 --- [deliveryapp] [           main] org.hibernate.mapping.BasicValue         : Skipping column re-registration: usuarios.id
2024-05-05T02:26:24.981-04:00 DEBUG 14250 --- [deliveryapp] [           main] o.h.boot.model.internal.PropertyBinder   : Building property id
2024-05-05T02:26:24.981-04:00 DEBUG 14250 --- [deliveryapp] [           main] o.h.boot.model.internal.BinderHelper     : #makeIdGenerator(BasicValue([Column(id)]), id, identity, , ...)
2024-05-05T02:26:24.981-04:00 DEBUG 14250 --- [deliveryapp] [           main] o.h.boot.model.internal.AnnotatedColumn  : Binding column: AnnotatedJoinColumn()
2024-05-05T02:26:24.981-04:00 DEBUG 14250 --- [deliveryapp] [           main] o.h.boot.model.internal.AnnotatedColumn  : Binding column: AnnotatedColumn()
2024-05-05T02:26:24.986-04:00 DEBUG 14250 --- [deliveryapp] [           main] o.h.boot.model.internal.AnnotatedColumn  : Binding column: IndexColumn(column='despachos_ORDER')
2024-05-05T02:26:24.986-04:00 DEBUG 14250 --- [deliveryapp] [           main] o.h.boot.model.internal.AnnotatedColumn  : Binding column: AnnotatedColumn()
2024-05-05T02:26:24.987-04:00 DEBUG 14250 --- [deliveryapp] [           main] o.h.boot.model.internal.AnnotatedColumn  : Binding column: AnnotatedColumn(column='despachos_KEY')
2024-05-05T02:26:24.987-04:00 DEBUG 14250 --- [deliveryapp] [           main] o.h.boot.model.internal.AnnotatedColumn  : Binding column: AnnotatedJoinColumn(column='despachos_KEY')
2024-05-05T02:26:24.987-04:00 DEBUG 14250 --- [deliveryapp] [           main] o.h.boot.model.internal.AnnotatedColumn  : Binding column: AnnotatedJoinColumn()
2024-05-05T02:26:24.987-04:00 DEBUG 14250 --- [deliveryapp] [           main] o.h.boot.model.internal.AnnotatedColumn  : Binding column: AnnotatedJoinColumn()
2024-05-05T02:26:24.988-04:00 DEBUG 14250 --- [deliveryapp] [           main] o.h.b.model.internal.CollectionBinder    : Collection role: com.example.DeliveryApp.model.Usuario.despachos
2024-05-05T02:26:24.989-04:00 DEBUG 14250 --- [deliveryapp] [           main] o.h.boot.model.internal.PropertyBinder   : Building property despachos
2024-05-05T02:26:24.990-04:00 DEBUG 14250 --- [deliveryapp] [           main] o.h.boot.model.internal.AnnotatedColumn  : Binding column: AnnotatedColumn(column='password')
2024-05-05T02:26:24.990-04:00 DEBUG 14250 --- [deliveryapp] [           main] o.h.boot.model.internal.PropertyBinder   : MetadataSourceProcessor property password with lazy=false
2024-05-05T02:26:24.990-04:00 DEBUG 14250 --- [deliveryapp] [           main] o.h.b.m.internal.AbstractPropertyHolder  : Attempting to locate auto-apply AttributeConverter for property [com.example.DeliveryApp.model.Usuario:password]
2024-05-05T02:26:24.991-04:00 DEBUG 14250 --- [deliveryapp] [           main] o.h.b.model.internal.BasicValueBinder    : building BasicValue for password
2024-05-05T02:26:24.991-04:00 DEBUG 14250 --- [deliveryapp] [           main] org.hibernate.mapping.BasicValue         : Skipping column re-registration: usuarios.password
2024-05-05T02:26:24.991-04:00 DEBUG 14250 --- [deliveryapp] [           main] o.h.boot.model.internal.PropertyBinder   : Building property password
2024-05-05T02:26:24.991-04:00 DEBUG 14250 --- [deliveryapp] [           main] o.h.boot.model.internal.AnnotatedColumn  : Binding column: AnnotatedJoinColumn()
2024-05-05T02:26:24.991-04:00 DEBUG 14250 --- [deliveryapp] [           main] o.h.boot.model.internal.AnnotatedColumn  : Binding column: AnnotatedColumn()
2024-05-05T02:26:24.991-04:00 DEBUG 14250 --- [deliveryapp] [           main] o.h.boot.model.internal.AnnotatedColumn  : Binding column: IndexColumn(column='roles_ORDER')
2024-05-05T02:26:24.991-04:00 DEBUG 14250 --- [deliveryapp] [           main] o.h.boot.model.internal.AnnotatedColumn  : Binding column: AnnotatedColumn()
2024-05-05T02:26:24.991-04:00 DEBUG 14250 --- [deliveryapp] [           main] o.h.boot.model.internal.AnnotatedColumn  : Binding column: AnnotatedColumn(column='roles_KEY')
2024-05-05T02:26:24.992-04:00 DEBUG 14250 --- [deliveryapp] [           main] o.h.boot.model.internal.AnnotatedColumn  : Binding column: AnnotatedJoinColumn(column='roles_KEY')
2024-05-05T02:26:24.992-04:00 DEBUG 14250 --- [deliveryapp] [           main] o.h.boot.model.internal.AnnotatedColumn  : Binding column: AnnotatedJoinColumn()
2024-05-05T02:26:24.992-04:00 DEBUG 14250 --- [deliveryapp] [           main] o.h.boot.model.internal.AnnotatedColumn  : Binding column: AnnotatedJoinColumn()
2024-05-05T02:26:24.992-04:00 DEBUG 14250 --- [deliveryapp] [           main] o.h.b.model.internal.CollectionBinder    : Collection role: com.example.DeliveryApp.model.Usuario.roles
2024-05-05T02:26:24.992-04:00 DEBUG 14250 --- [deliveryapp] [           main] o.h.boot.model.internal.PropertyBinder   : Building property roles
2024-05-05T02:26:24.992-04:00 DEBUG 14250 --- [deliveryapp] [           main] o.h.boot.model.internal.AnnotatedColumn  : Binding column: AnnotatedColumn(column='username')
2024-05-05T02:26:24.992-04:00 DEBUG 14250 --- [deliveryapp] [           main] o.h.boot.model.internal.PropertyBinder   : MetadataSourceProcessor property username with lazy=false
2024-05-05T02:26:24.992-04:00 DEBUG 14250 --- [deliveryapp] [           main] o.h.b.m.internal.AbstractPropertyHolder  : Attempting to locate auto-apply AttributeConverter for property [com.example.DeliveryApp.model.Usuario:username]
2024-05-05T02:26:24.992-04:00 DEBUG 14250 --- [deliveryapp] [           main] o.h.b.model.internal.BasicValueBinder    : building BasicValue for username
2024-05-05T02:26:24.992-04:00 DEBUG 14250 --- [deliveryapp] [           main] org.hibernate.mapping.BasicValue         : Skipping column re-registration: usuarios.username
2024-05-05T02:26:24.992-04:00 DEBUG 14250 --- [deliveryapp] [           main] o.h.boot.model.internal.PropertyBinder   : Building property username
2024-05-05T02:26:24.992-04:00 DEBUG 14250 --- [deliveryapp] [           main] o.h.b.r.c.i.ClassLoaderServiceImpl       : HHH000194: Package not found or wo package-info.java: com.example.DeliveryApp.model
2024-05-05T02:26:24.993-04:00 DEBUG 14250 --- [deliveryapp] [           main] o.h.b.model.internal.BasicValueBinder    : Starting `BasicValueBinder#fillSimpleValue` for id
2024-05-05T02:26:24.994-04:00 DEBUG 14250 --- [deliveryapp] [           main] o.h.b.model.internal.BasicValueBinder    : Starting `BasicValueBinder#fillSimpleValue` for activo
2024-05-05T02:26:24.994-04:00 DEBUG 14250 --- [deliveryapp] [           main] o.h.b.model.internal.BasicValueBinder    : Starting `BasicValueBinder#fillSimpleValue` for direccion
2024-05-05T02:26:24.994-04:00 DEBUG 14250 --- [deliveryapp] [           main] o.h.b.model.internal.BasicValueBinder    : Starting `BasicValueBinder#fillSimpleValue` for id
2024-05-05T02:26:24.994-04:00 DEBUG 14250 --- [deliveryapp] [           main] o.h.b.model.internal.BasicValueBinder    : Starting `BasicValueBinder#fillSimpleValue` for activo
2024-05-05T02:26:24.994-04:00 DEBUG 14250 --- [deliveryapp] [           main] o.h.b.model.internal.BasicValueBinder    : Starting `BasicValueBinder#fillSimpleValue` for rol
2024-05-05T02:26:24.994-04:00 DEBUG 14250 --- [deliveryapp] [           main] o.h.b.model.internal.BasicValueBinder    : Starting `BasicValueBinder#fillSimpleValue` for id
2024-05-05T02:26:24.994-04:00 DEBUG 14250 --- [deliveryapp] [           main] o.h.b.model.internal.BasicValueBinder    : Starting `BasicValueBinder#fillSimpleValue` for password
2024-05-05T02:26:24.994-04:00 DEBUG 14250 --- [deliveryapp] [           main] o.h.b.model.internal.BasicValueBinder    : Starting `BasicValueBinder#fillSimpleValue` for username
2024-05-05T02:26:24.996-04:00 DEBUG 14250 --- [deliveryapp] [           main] org.hibernate.mapping.PrimaryKey         : Forcing column [id] to be non-null as it is part of the primary key for table [despachos]
2024-05-05T02:26:24.997-04:00 DEBUG 14250 --- [deliveryapp] [           main] org.hibernate.mapping.PrimaryKey         : Forcing column [id] to be non-null as it is part of the primary key for table [roles]
2024-05-05T02:26:24.997-04:00 DEBUG 14250 --- [deliveryapp] [           main] org.hibernate.mapping.PrimaryKey         : Forcing column [id] to be non-null as it is part of the primary key for table [usuarios]
2024-05-05T02:26:24.997-04:00 DEBUG 14250 --- [deliveryapp] [           main] o.h.b.m.internal.CollectionSecondPass    : Second pass for collection: com.example.DeliveryApp.model.Usuario.despachos
2024-05-05T02:26:24.997-04:00 DEBUG 14250 --- [deliveryapp] [           main] o.h.b.model.internal.CollectionBinder    : Binding a OneToMany: com.example.DeliveryApp.model.Usuario.despachos through a foreign key
2024-05-05T02:26:25.003-04:00 DEBUG 14250 --- [deliveryapp] [           main] o.h.b.model.internal.CollectionBinder    : Mapping collection: com.example.DeliveryApp.model.Usuario.despachos -> despachos
2024-05-05T02:26:25.004-04:00 DEBUG 14250 --- [deliveryapp] [           main] o.h.boot.model.internal.TableBinder      : Retrieving property com.example.DeliveryApp.model.Despacho.usuario
2024-05-05T02:26:25.004-04:00 DEBUG 14250 --- [deliveryapp] [           main] o.h.b.m.internal.CollectionSecondPass    : Mapped collection key: usuario_id, one-to-many: com.example.DeliveryApp.model.Despacho
2024-05-05T02:26:25.004-04:00 DEBUG 14250 --- [deliveryapp] [           main] o.h.b.m.internal.CollectionSecondPass    : Second pass for collection: com.example.DeliveryApp.model.Usuario.roles
2024-05-05T02:26:25.004-04:00 DEBUG 14250 --- [deliveryapp] [           main] o.h.b.model.internal.CollectionBinder    : Binding a OneToMany: com.example.DeliveryApp.model.Usuario.roles through a foreign key
2024-05-05T02:26:25.004-04:00 DEBUG 14250 --- [deliveryapp] [           main] o.h.b.model.internal.CollectionBinder    : Mapping collection: com.example.DeliveryApp.model.Usuario.roles -> roles
2024-05-05T02:26:25.004-04:00 DEBUG 14250 --- [deliveryapp] [           main] o.h.boot.model.internal.TableBinder      : Retrieving property com.example.DeliveryApp.model.Rol.usuario
2024-05-05T02:26:25.004-04:00 DEBUG 14250 --- [deliveryapp] [           main] o.h.b.m.internal.CollectionSecondPass    : Mapped collection key: usuario_id, one-to-many: com.example.DeliveryApp.model.Rol
2024-05-05T02:26:25.005-04:00 DEBUG 14250 --- [deliveryapp] [           main] o.h.b.i.InFlightMetadataCollectorImpl    : Resolving reference to class: com.example.DeliveryApp.model.Usuario
2024-05-05T02:26:25.005-04:00 DEBUG 14250 --- [deliveryapp] [           main] o.h.b.i.InFlightMetadataCollectorImpl    : Resolving reference to class: com.example.DeliveryApp.model.Usuario
2024-05-05T02:26:25.010-04:00 DEBUG 14250 --- [deliveryapp] [           main] o.h.b.i.InFlightMetadataCollectorImpl    : Resolving reference to class: com.example.DeliveryApp.model.Usuario
2024-05-05T02:26:25.010-04:00 DEBUG 14250 --- [deliveryapp] [           main] o.h.b.i.InFlightMetadataCollectorImpl    : Resolving reference to class: com.example.DeliveryApp.model.Usuario
2024-05-05T02:26:25.028-04:00 DEBUG 14250 --- [deliveryapp] [           main] o.hibernate.internal.SessionFactoryImpl  : Building session factory
2024-05-05T02:26:25.042-04:00 DEBUG 14250 --- [deliveryapp] [           main] .h.s.i.SessionFactoryServiceRegistryImpl : EventListenerRegistry access via ServiceRegistry is deprecated.  Use `sessionFactory.getEventEngine().getListenerRegistry()` instead
2024-05-05T02:26:25.042-04:00 DEBUG 14250 --- [deliveryapp] [           main] o.hibernate.internal.SessionFactoryImpl  : Instantiating SessionFactory with settings: {java.specification.version=21, hibernate.resource.beans.container=org.springframework.orm.hibernate5.SpringBeanContainer@42238078, hibernate.connection.handling_mode=DELAYED_ACQUISITION_AND_HOLD, sun.jnu.encoding=UTF-8, hibernate.dialect=org.hibernate.dialect.OracleDialect, hibernate.implicit_naming_strategy=org.springframework.boot.orm.jpa.hibernate.SpringImplicitNamingStrategy, java.class.path=/Users/pablojavier/Documents/Study/Entregas Examen /Ejemplos/deliveryapp/target/test-classes:/Users/pablojavier/Documents/Study/Entregas Examen /Ejemplos/deliveryapp/target/classes:/Users/pablojavier/.m2/repository/org/springframework/boot/spring-boot-starter-web/3.2.4/spring-boot-starter-web-3.2.4.jar:/Users/pablojavier/.m2/repository/org/springframework/boot/spring-boot-starter/3.2.4/spring-boot-starter-3.2.4.jar:/Users/pablojavier/.m2/repository/org/springframework/boot/spring-boot-starter-logging/3.2.4/spring-boot-starter-logging-3.2.4.jar:/Users/pablojavier/.m2/repository/ch/qos/logback/logback-classic/1.4.14/logback-classic-1.4.14.jar:/Users/pablojavier/.m2/repository/ch/qos/logback/logback-core/1.4.14/logback-core-1.4.14.jar:/Users/pablojavier/.m2/repository/org/apache/logging/log4j/log4j-to-slf4j/2.21.1/log4j-to-slf4j-2.21.1.jar:/Users/pablojavier/.m2/repository/org/apache/logging/log4j/log4j-api/2.21.1/log4j-api-2.21.1.jar:/Users/pablojavier/.m2/repository/org/slf4j/jul-to-slf4j/2.0.12/jul-to-slf4j-2.0.12.jar:/Users/pablojavier/.m2/repository/jakarta/annotation/jakarta.annotation-api/2.1.1/jakarta.annotation-api-2.1.1.jar:/Users/pablojavier/.m2/repository/org/yaml/snakeyaml/2.2/snakeyaml-2.2.jar:/Users/pablojavier/.m2/repository/org/springframework/boot/spring-boot-starter-json/3.2.4/spring-boot-starter-json-3.2.4.jar:/Users/pablojavier/.m2/repository/com/fasterxml/jackson/core/jackson-databind/2.15.4/jackson-databind-2.15.4.jar:/Users/pablojavier/.m2/repository/com/fasterxml/jackson/core/jackson-annotations/2.15.4/jackson-annotations-2.15.4.jar:/Users/pablojavier/.m2/repository/com/fasterxml/jackson/core/jackson-core/2.15.4/jackson-core-2.15.4.jar:/Users/pablojavier/.m2/repository/com/fasterxml/jackson/datatype/jackson-datatype-jdk8/2.15.4/jackson-datatype-jdk8-2.15.4.jar:/Users/pablojavier/.m2/repository/com/fasterxml/jackson/datatype/jackson-datatype-jsr310/2.15.4/jackson-datatype-jsr310-2.15.4.jar:/Users/pablojavier/.m2/repository/com/fasterxml/jackson/module/jackson-module-parameter-names/2.15.4/jackson-module-parameter-names-2.15.4.jar:/Users/pablojavier/.m2/repository/org/springframework/boot/spring-boot-starter-tomcat/3.2.4/spring-boot-starter-tomcat-3.2.4.jar:/Users/pablojavier/.m2/repository/org/apache/tomcat/embed/tomcat-embed-core/10.1.19/tomcat-embed-core-10.1.19.jar:/Users/pablojavier/.m2/repository/org/apache/tomcat/embed/tomcat-embed-websocket/10.1.19/tomcat-embed-websocket-10.1.19.jar:/Users/pablojavier/.m2/repository/org/springframework/spring-web/6.1.5/spring-web-6.1.5.jar:/Users/pablojavier/.m2/repository/org/springframework/spring-beans/6.1.5/spring-beans-6.1.5.jar:/Users/pablojavier/.m2/repository/org/springframework/spring-webmvc/6.1.5/spring-webmvc-6.1.5.jar:/Users/pablojavier/.m2/repository/org/springframework/spring-aop/6.1.5/spring-aop-6.1.5.jar:/Users/pablojavier/.m2/repository/org/springframework/spring-context/6.1.5/spring-context-6.1.5.jar:/Users/pablojavier/.m2/repository/org/springframework/spring-expression/6.1.5/spring-expression-6.1.5.jar:/Users/pablojavier/.m2/repository/org/springframework/boot/spring-boot-devtools/3.2.4/spring-boot-devtools-3.2.4.jar:/Users/pablojavier/.m2/repository/org/springframework/boot/spring-boot/3.2.4/spring-boot-3.2.4.jar:/Users/pablojavier/.m2/repository/org/springframework/boot/spring-boot-autoconfigure/3.2.4/spring-boot-autoconfigure-3.2.4.jar:/Users/pablojavier/.m2/repository/org/projectlombok/lombok/1.18.30/lombok-1.18.30.jar:/Users/pablojavier/.m2/repository/org/springframework/boot/spring-boot-starter-test/3.2.4/spring-boot-starter-test-3.2.4.jar:/Users/pablojavier/.m2/repository/org/springframework/boot/spring-boot-test/3.2.4/spring-boot-test-3.2.4.jar:/Users/pablojavier/.m2/repository/org/springframework/boot/spring-boot-test-autoconfigure/3.2.4/spring-boot-test-autoconfigure-3.2.4.jar:/Users/pablojavier/.m2/repository/com/jayway/jsonpath/json-path/2.9.0/json-path-2.9.0.jar:/Users/pablojavier/.m2/repository/org/slf4j/slf4j-api/2.0.12/slf4j-api-2.0.12.jar:/Users/pablojavier/.m2/repository/jakarta/xml/bind/jakarta.xml.bind-api/4.0.2/jakarta.xml.bind-api-4.0.2.jar:/Users/pablojavier/.m2/repository/jakarta/activation/jakarta.activation-api/2.1.3/jakarta.activation-api-2.1.3.jar:/Users/pablojavier/.m2/repository/net/minidev/json-smart/2.5.0/json-smart-2.5.0.jar:/Users/pablojavier/.m2/repository/net/minidev/accessors-smart/2.5.0/accessors-smart-2.5.0.jar:/Users/pablojavier/.m2/repository/org/ow2/asm/asm/9.3/asm-9.3.jar:/Users/pablojavier/.m2/repository/org/assertj/assertj-core/3.24.2/assertj-core-3.24.2.jar:/Users/pablojavier/.m2/repository/net/bytebuddy/byte-buddy/1.14.12/byte-buddy-1.14.12.jar:/Users/pablojavier/.m2/repository/org/awaitility/awaitility/4.2.0/awaitility-4.2.0.jar:/Users/pablojavier/.m2/repository/org/hamcrest/hamcrest/2.2/hamcrest-2.2.jar:/Users/pablojavier/.m2/repository/org/junit/jupiter/junit-jupiter/5.10.2/junit-jupiter-5.10.2.jar:/Users/pablojavier/.m2/repository/org/junit/jupiter/junit-jupiter-api/5.10.2/junit-jupiter-api-5.10.2.jar:/Users/pablojavier/.m2/repository/org/opentest4j/opentest4j/1.3.0/opentest4j-1.3.0.jar:/Users/pablojavier/.m2/repository/org/junit/platform/junit-platform-commons/1.10.2/junit-platform-commons-1.10.2.jar:/Users/pablojavier/.m2/repository/org/apiguardian/apiguardian-api/1.1.2/apiguardian-api-1.1.2.jar:/Users/pablojavier/.m2/repository/org/junit/jupiter/junit-jupiter-params/5.10.2/junit-jupiter-params-5.10.2.jar:/Users/pablojavier/.m2/repository/org/junit/jupiter/junit-jupiter-engine/5.10.2/junit-jupiter-engine-5.10.2.jar:/Users/pablojavier/.m2/repository/org/junit/platform/junit-platform-engine/1.10.2/junit-platform-engine-1.10.2.jar:/Users/pablojavier/.m2/repository/org/mockito/mockito-core/5.7.0/mockito-core-5.7.0.jar:/Users/pablojavier/.m2/repository/net/bytebuddy/byte-buddy-agent/1.14.12/byte-buddy-agent-1.14.12.jar:/Users/pablojavier/.m2/repository/org/objenesis/objenesis/3.3/objenesis-3.3.jar:/Users/pablojavier/.m2/repository/org/mockito/mockito-junit-jupiter/5.7.0/mockito-junit-jupiter-5.7.0.jar:/Users/pablojavier/.m2/repository/org/skyscreamer/jsonassert/1.5.1/jsonassert-1.5.1.jar:/Users/pablojavier/.m2/repository/com/vaadin/external/google/android-json/0.0.20131108.vaadin1/android-json-0.0.20131108.vaadin1.jar:/Users/pablojavier/.m2/repository/org/springframework/spring-core/6.1.5/spring-core-6.1.5.jar:/Users/pablojavier/.m2/repository/org/springframework/spring-jcl/6.1.5/spring-jcl-6.1.5.jar:/Users/pablojavier/.m2/repository/org/springframework/spring-test/6.1.5/spring-test-6.1.5.jar:/Users/pablojavier/.m2/repository/org/xmlunit/xmlunit-core/2.9.1/xmlunit-core-2.9.1.jar:/Users/pablojavier/.m2/repository/org/springframework/boot/spring-boot-starter-data-jpa/3.2.4/spring-boot-starter-data-jpa-3.2.4.jar:/Users/pablojavier/.m2/repository/org/springframework/boot/spring-boot-starter-aop/3.2.4/spring-boot-starter-aop-3.2.4.jar:/Users/pablojavier/.m2/repository/org/aspectj/aspectjweaver/1.9.21/aspectjweaver-1.9.21.jar:/Users/pablojavier/.m2/repository/org/springframework/boot/spring-boot-starter-jdbc/3.2.4/spring-boot-starter-jdbc-3.2.4.jar:/Users/pablojavier/.m2/repository/com/zaxxer/HikariCP/5.0.1/HikariCP-5.0.1.jar:/Users/pablojavier/.m2/repository/org/springframework/spring-jdbc/6.1.5/spring-jdbc-6.1.5.jar:/Users/pablojavier/.m2/repository/org/hibernate/orm/hibernate-core/6.4.4.Final/hibernate-core-6.4.4.Final.jar:/Users/pablojavier/.m2/repository/jakarta/persistence/jakarta.persistence-api/3.1.0/jakarta.persistence-api-3.1.0.jar:/Users/pablojavier/.m2/repository/jakarta/transaction/jakarta.transaction-api/2.0.1/jakarta.transaction-api-2.0.1.jar:/Users/pablojavier/.m2/repository/org/jboss/logging/jboss-logging/3.5.3.Final/jboss-logging-3.5.3.Final.jar:/Users/pablojavier/.m2/repository/org/hibernate/common/hibernate-commons-annotations/6.0.6.Final/hibernate-commons-annotations-6.0.6.Final.jar:/Users/pablojavier/.m2/repository/io/smallrye/jandex/3.1.2/jandex-3.1.2.jar:/Users/pablojavier/.m2/repository/com/fasterxml/classmate/1.6.0/classmate-1.6.0.jar:/Users/pablojavier/.m2/repository/org/glassfish/jaxb/jaxb-runtime/4.0.5/jaxb-runtime-4.0.5.jar:/Users/pablojavier/.m2/repository/org/glassfish/jaxb/jaxb-core/4.0.5/jaxb-core-4.0.5.jar:/Users/pablojavier/.m2/repository/org/eclipse/angus/angus-activation/2.0.2/angus-activation-2.0.2.jar:/Users/pablojavier/.m2/repository/org/glassfish/jaxb/txw2/4.0.5/txw2-4.0.5.jar:/Users/pablojavier/.m2/repository/com/sun/istack/istack-commons-runtime/4.1.2/istack-commons-runtime-4.1.2.jar:/Users/pablojavier/.m2/repository/jakarta/inject/jakarta.inject-api/2.0.1/jakarta.inject-api-2.0.1.jar:/Users/pablojavier/.m2/repository/org/antlr/antlr4-runtime/4.13.0/antlr4-runtime-4.13.0.jar:/Users/pablojavier/.m2/repository/org/springframework/data/spring-data-jpa/3.2.4/spring-data-jpa-3.2.4.jar:/Users/pablojavier/.m2/repository/org/springframework/data/spring-data-commons/3.2.4/spring-data-commons-3.2.4.jar:/Users/pablojavier/.m2/repository/org/springframework/spring-orm/6.1.5/spring-orm-6.1.5.jar:/Users/pablojavier/.m2/repository/org/springframework/spring-tx/6.1.5/spring-tx-6.1.5.jar:/Users/pablojavier/.m2/repository/org/springframework/spring-aspects/6.1.5/spring-aspects-6.1.5.jar:/Users/pablojavier/.m2/repository/com/oracle/database/jdbc/ojdbc11/21.9.0.0/ojdbc11-21.9.0.0.jar:/Users/pablojavier/.m2/repository/com/oracle/database/security/oraclepki/21.5.0.0/oraclepki-21.5.0.0.jar:/Users/pablojavier/.m2/repository/com/oracle/database/security/osdt_cert/21.5.0.0/osdt_cert-21.5.0.0.jar:/Users/pablojavier/.m2/repository/com/oracle/database/security/osdt_core/21.5.0.0/osdt_core-21.5.0.0.jar:/Users/pablojavier/.m2/repository/org/springframework/boot/spring-boot-starter-validation/3.2.4/spring-boot-starter-validation-3.2.4.jar:/Users/pablojavier/.m2/repository/org/apache/tomcat/embed/tomcat-embed-el/10.1.19/tomcat-embed-el-10.1.19.jar:/Users/pablojavier/.m2/repository/org/hibernate/validator/hibernate-validator/8.0.1.Final/hibernate-validator-8.0.1.Final.jar:/Users/pablojavier/.m2/repository/jakarta/validation/jakarta.validation-api/3.0.2/jakarta.validation-api-3.0.2.jar:/Users/pablojavier/.m2/repository/org/springframework/boot/spring-boot-starter-actuator/3.2.4/spring-boot-starter-actuator-3.2.4.jar:/Users/pablojavier/.m2/repository/org/springframework/boot/spring-boot-actuator-autoconfigure/3.2.4/spring-boot-actuator-autoconfigure-3.2.4.jar:/Users/pablojavier/.m2/repository/org/springframework/boot/spring-boot-actuator/3.2.4/spring-boot-actuator-3.2.4.jar:/Users/pablojavier/.m2/repository/io/micrometer/micrometer-observation/1.12.4/micrometer-observation-1.12.4.jar:/Users/pablojavier/.m2/repository/io/micrometer/micrometer-commons/1.12.4/micrometer-commons-1.12.4.jar:/Users/pablojavier/.m2/repository/io/micrometer/micrometer-jakarta9/1.12.4/micrometer-jakarta9-1.12.4.jar:/Users/pablojavier/.m2/repository/io/micrometer/micrometer-core/1.12.4/micrometer-core-1.12.4.jar:/Users/pablojavier/.m2/repository/org/hdrhistogram/HdrHistogram/2.1.12/HdrHistogram-2.1.12.jar:/Users/pablojavier/.m2/repository/org/latencyutils/LatencyUtils/2.0.3/LatencyUtils-2.0.3.jar:/Users/pablojavier/.m2/repository/org/springframework/boot/spring-boot-starter-hateoas/3.2.4/spring-boot-starter-hateoas-3.2.4.jar:/Users/pablojavier/.m2/repository/org/springframework/hateoas/spring-hateoas/2.2.1/spring-hateoas-2.2.1.jar:/Users/pablojavier/.m2/repository/org/springframework/plugin/spring-plugin-core/3.0.0/spring-plugin-core-3.0.0.jar:, java.vm.vendor=Oracle Corporation, sun.arch.data.model=64, java.vendor.url=https://java.oracle.com/, user.timezone=America/Santiago, jakarta.persistence.sharedCache.mode=UNSPECIFIED, org.jboss.logging.provider=slf4j, java.vm.specification.version=21, os.name=Mac OS X, jakarta.persistence.nonJtaDataSource=HikariDataSource (HikariPool-1), sun.java.launcher=SUN_STANDARD, user.country=CL, sun.boot.library.path=/Library/Java/JavaVirtualMachines/jdk-21.jdk/Contents/Home/lib, sun.java.command=/Users/pablojavier/Documents/Study/Entregas Examen /Ejemplos/deliveryapp/target/surefire/surefirebooter-20240505022622520_3.jar /Users/pablojavier/Documents/Study/Entregas Examen /Ejemplos/deliveryapp/target/surefire 2024-05-05T02-26-22_477-jvmRun1 surefire-20240505022622520_1tmp surefire_0-20240505022622520_2tmp, javax.persistence.nonJtaDataSource=HikariDataSource (HikariPool-1), hibernate.transaction.jta.platform=org.hibernate.engine.transaction.jta.platform.internal.NoJtaPlatform@5627b8eb, http.nonProxyHosts=local|*.local|169.254/16|*.169.254/16, jdk.debug=release, surefire.test.class.path=/Users/pablojavier/Documents/Study/Entregas Examen /Ejemplos/deliveryapp/target/test-classes:/Users/pablojavier/Documents/Study/Entregas Examen /Ejemplos/deliveryapp/target/classes:/Users/pablojavier/.m2/repository/org/springframework/boot/spring-boot-starter-web/3.2.4/spring-boot-starter-web-3.2.4.jar:/Users/pablojavier/.m2/repository/org/springframework/boot/spring-boot-starter/3.2.4/spring-boot-starter-3.2.4.jar:/Users/pablojavier/.m2/repository/org/springframework/boot/spring-boot-starter-logging/3.2.4/spring-boot-starter-logging-3.2.4.jar:/Users/pablojavier/.m2/repository/ch/qos/logback/logback-classic/1.4.14/logback-classic-1.4.14.jar:/Users/pablojavier/.m2/repository/ch/qos/logback/logback-core/1.4.14/logback-core-1.4.14.jar:/Users/pablojavier/.m2/repository/org/apache/logging/log4j/log4j-to-slf4j/2.21.1/log4j-to-slf4j-2.21.1.jar:/Users/pablojavier/.m2/repository/org/apache/logging/log4j/log4j-api/2.21.1/log4j-api-2.21.1.jar:/Users/pablojavier/.m2/repository/org/slf4j/jul-to-slf4j/2.0.12/jul-to-slf4j-2.0.12.jar:/Users/pablojavier/.m2/repository/jakarta/annotation/jakarta.annotation-api/2.1.1/jakarta.annotation-api-2.1.1.jar:/Users/pablojavier/.m2/repository/org/yaml/snakeyaml/2.2/snakeyaml-2.2.jar:/Users/pablojavier/.m2/repository/org/springframework/boot/spring-boot-starter-json/3.2.4/spring-boot-starter-json-3.2.4.jar:/Users/pablojavier/.m2/repository/com/fasterxml/jackson/core/jackson-databind/2.15.4/jackson-databind-2.15.4.jar:/Users/pablojavier/.m2/repository/com/fasterxml/jackson/core/jackson-annotations/2.15.4/jackson-annotations-2.15.4.jar:/Users/pablojavier/.m2/repository/com/fasterxml/jackson/core/jackson-core/2.15.4/jackson-core-2.15.4.jar:/Users/pablojavier/.m2/repository/com/fasterxml/jackson/datatype/jackson-datatype-jdk8/2.15.4/jackson-datatype-jdk8-2.15.4.jar:/Users/pablojavier/.m2/repository/com/fasterxml/jackson/datatype/jackson-datatype-jsr310/2.15.4/jackson-datatype-jsr310-2.15.4.jar:/Users/pablojavier/.m2/repository/com/fasterxml/jackson/module/jackson-module-parameter-names/2.15.4/jackson-module-parameter-names-2.15.4.jar:/Users/pablojavier/.m2/repository/org/springframework/boot/spring-boot-starter-tomcat/3.2.4/spring-boot-starter-tomcat-3.2.4.jar:/Users/pablojavier/.m2/repository/org/apache/tomcat/embed/tomcat-embed-core/10.1.19/tomcat-embed-core-10.1.19.jar:/Users/pablojavier/.m2/repository/org/apache/tomcat/embed/tomcat-embed-websocket/10.1.19/tomcat-embed-websocket-10.1.19.jar:/Users/pablojavier/.m2/repository/org/springframework/spring-web/6.1.5/spring-web-6.1.5.jar:/Users/pablojavier/.m2/repository/org/springframework/spring-beans/6.1.5/spring-beans-6.1.5.jar:/Users/pablojavier/.m2/repository/org/springframework/spring-webmvc/6.1.5/spring-webmvc-6.1.5.jar:/Users/pablojavier/.m2/repository/org/springframework/spring-aop/6.1.5/spring-aop-6.1.5.jar:/Users/pablojavier/.m2/repository/org/springframework/spring-context/6.1.5/spring-context-6.1.5.jar:/Users/pablojavier/.m2/repository/org/springframework/spring-expression/6.1.5/spring-expression-6.1.5.jar:/Users/pablojavier/.m2/repository/org/springframework/boot/spring-boot-devtools/3.2.4/spring-boot-devtools-3.2.4.jar:/Users/pablojavier/.m2/repository/org/springframework/boot/spring-boot/3.2.4/spring-boot-3.2.4.jar:/Users/pablojavier/.m2/repository/org/springframework/boot/spring-boot-autoconfigure/3.2.4/spring-boot-autoconfigure-3.2.4.jar:/Users/pablojavier/.m2/repository/org/projectlombok/lombok/1.18.30/lombok-1.18.30.jar:/Users/pablojavier/.m2/repository/org/springframework/boot/spring-boot-starter-test/3.2.4/spring-boot-starter-test-3.2.4.jar:/Users/pablojavier/.m2/repository/org/springframework/boot/spring-boot-test/3.2.4/spring-boot-test-3.2.4.jar:/Users/pablojavier/.m2/repository/org/springframework/boot/spring-boot-test-autoconfigure/3.2.4/spring-boot-test-autoconfigure-3.2.4.jar:/Users/pablojavier/.m2/repository/com/jayway/jsonpath/json-path/2.9.0/json-path-2.9.0.jar:/Users/pablojavier/.m2/repository/org/slf4j/slf4j-api/2.0.12/slf4j-api-2.0.12.jar:/Users/pablojavier/.m2/repository/jakarta/xml/bind/jakarta.xml.bind-api/4.0.2/jakarta.xml.bind-api-4.0.2.jar:/Users/pablojavier/.m2/repository/jakarta/activation/jakarta.activation-api/2.1.3/jakarta.activation-api-2.1.3.jar:/Users/pablojavier/.m2/repository/net/minidev/json-smart/2.5.0/json-smart-2.5.0.jar:/Users/pablojavier/.m2/repository/net/minidev/accessors-smart/2.5.0/accessors-smart-2.5.0.jar:/Users/pablojavier/.m2/repository/org/ow2/asm/asm/9.3/asm-9.3.jar:/Users/pablojavier/.m2/repository/org/assertj/assertj-core/3.24.2/assertj-core-3.24.2.jar:/Users/pablojavier/.m2/repository/net/bytebuddy/byte-buddy/1.14.12/byte-buddy-1.14.12.jar:/Users/pablojavier/.m2/repository/org/awaitility/awaitility/4.2.0/awaitility-4.2.0.jar:/Users/pablojavier/.m2/repository/org/hamcrest/hamcrest/2.2/hamcrest-2.2.jar:/Users/pablojavier/.m2/repository/org/junit/jupiter/junit-jupiter/5.10.2/junit-jupiter-5.10.2.jar:/Users/pablojavier/.m2/repository/org/junit/jupiter/junit-jupiter-api/5.10.2/junit-jupiter-api-5.10.2.jar:/Users/pablojavier/.m2/repository/org/opentest4j/opentest4j/1.3.0/opentest4j-1.3.0.jar:/Users/pablojavier/.m2/repository/org/junit/platform/junit-platform-commons/1.10.2/junit-platform-commons-1.10.2.jar:/Users/pablojavier/.m2/repository/org/apiguardian/apiguardian-api/1.1.2/apiguardian-api-1.1.2.jar:/Users/pablojavier/.m2/repository/org/junit/jupiter/junit-jupiter-params/5.10.2/junit-jupiter-params-5.10.2.jar:/Users/pablojavier/.m2/repository/org/junit/jupiter/junit-jupiter-engine/5.10.2/junit-jupiter-engine-5.10.2.jar:/Users/pablojavier/.m2/repository/org/junit/platform/junit-platform-engine/1.10.2/junit-platform-engine-1.10.2.jar:/Users/pablojavier/.m2/repository/org/mockito/mockito-core/5.7.0/mockito-core-5.7.0.jar:/Users/pablojavier/.m2/repository/net/bytebuddy/byte-buddy-agent/1.14.12/byte-buddy-agent-1.14.12.jar:/Users/pablojavier/.m2/repository/org/objenesis/objenesis/3.3/objenesis-3.3.jar:/Users/pablojavier/.m2/repository/org/mockito/mockito-junit-jupiter/5.7.0/mockito-junit-jupiter-5.7.0.jar:/Users/pablojavier/.m2/repository/org/skyscreamer/jsonassert/1.5.1/jsonassert-1.5.1.jar:/Users/pablojavier/.m2/repository/com/vaadin/external/google/android-json/0.0.20131108.vaadin1/android-json-0.0.20131108.vaadin1.jar:/Users/pablojavier/.m2/repository/org/springframework/spring-core/6.1.5/spring-core-6.1.5.jar:/Users/pablojavier/.m2/repository/org/springframework/spring-jcl/6.1.5/spring-jcl-6.1.5.jar:/Users/pablojavier/.m2/repository/org/springframework/spring-test/6.1.5/spring-test-6.1.5.jar:/Users/pablojavier/.m2/repository/org/xmlunit/xmlunit-core/2.9.1/xmlunit-core-2.9.1.jar:/Users/pablojavier/.m2/repository/org/springframework/boot/spring-boot-starter-data-jpa/3.2.4/spring-boot-starter-data-jpa-3.2.4.jar:/Users/pablojavier/.m2/repository/org/springframework/boot/spring-boot-starter-aop/3.2.4/spring-boot-starter-aop-3.2.4.jar:/Users/pablojavier/.m2/repository/org/aspectj/aspectjweaver/1.9.21/aspectjweaver-1.9.21.jar:/Users/pablojavier/.m2/repository/org/springframework/boot/spring-boot-starter-jdbc/3.2.4/spring-boot-starter-jdbc-3.2.4.jar:/Users/pablojavier/.m2/repository/com/zaxxer/HikariCP/5.0.1/HikariCP-5.0.1.jar:/Users/pablojavier/.m2/repository/org/springframework/spring-jdbc/6.1.5/spring-jdbc-6.1.5.jar:/Users/pablojavier/.m2/repository/org/hibernate/orm/hibernate-core/6.4.4.Final/hibernate-core-6.4.4.Final.jar:/Users/pablojavier/.m2/repository/jakarta/persistence/jakarta.persistence-api/3.1.0/jakarta.persistence-api-3.1.0.jar:/Users/pablojavier/.m2/repository/jakarta/transaction/jakarta.transaction-api/2.0.1/jakarta.transaction-api-2.0.1.jar:/Users/pablojavier/.m2/repository/org/jboss/logging/jboss-logging/3.5.3.Final/jboss-logging-3.5.3.Final.jar:/Users/pablojavier/.m2/repository/org/hibernate/common/hibernate-commons-annotations/6.0.6.Final/hibernate-commons-annotations-6.0.6.Final.jar:/Users/pablojavier/.m2/repository/io/smallrye/jandex/3.1.2/jandex-3.1.2.jar:/Users/pablojavier/.m2/repository/com/fasterxml/classmate/1.6.0/classmate-1.6.0.jar:/Users/pablojavier/.m2/repository/org/glassfish/jaxb/jaxb-runtime/4.0.5/jaxb-runtime-4.0.5.jar:/Users/pablojavier/.m2/repository/org/glassfish/jaxb/jaxb-core/4.0.5/jaxb-core-4.0.5.jar:/Users/pablojavier/.m2/repository/org/eclipse/angus/angus-activation/2.0.2/angus-activation-2.0.2.jar:/Users/pablojavier/.m2/repository/org/glassfish/jaxb/txw2/4.0.5/txw2-4.0.5.jar:/Users/pablojavier/.m2/repository/com/sun/istack/istack-commons-runtime/4.1.2/istack-commons-runtime-4.1.2.jar:/Users/pablojavier/.m2/repository/jakarta/inject/jakarta.inject-api/2.0.1/jakarta.inject-api-2.0.1.jar:/Users/pablojavier/.m2/repository/org/antlr/antlr4-runtime/4.13.0/antlr4-runtime-4.13.0.jar:/Users/pablojavier/.m2/repository/org/springframework/data/spring-data-jpa/3.2.4/spring-data-jpa-3.2.4.jar:/Users/pablojavier/.m2/repository/org/springframework/data/spring-data-commons/3.2.4/spring-data-commons-3.2.4.jar:/Users/pablojavier/.m2/repository/org/springframework/spring-orm/6.1.5/spring-orm-6.1.5.jar:/Users/pablojavier/.m2/repository/org/springframework/spring-tx/6.1.5/spring-tx-6.1.5.jar:/Users/pablojavier/.m2/repository/org/springframework/spring-aspects/6.1.5/spring-aspects-6.1.5.jar:/Users/pablojavier/.m2/repository/com/oracle/database/jdbc/ojdbc11/21.9.0.0/ojdbc11-21.9.0.0.jar:/Users/pablojavier/.m2/repository/com/oracle/database/security/oraclepki/21.5.0.0/oraclepki-21.5.0.0.jar:/Users/pablojavier/.m2/repository/com/oracle/database/security/osdt_cert/21.5.0.0/osdt_cert-21.5.0.0.jar:/Users/pablojavier/.m2/repository/com/oracle/database/security/osdt_core/21.5.0.0/osdt_core-21.5.0.0.jar:/Users/pablojavier/.m2/repository/org/springframework/boot/spring-boot-starter-validation/3.2.4/spring-boot-starter-validation-3.2.4.jar:/Users/pablojavier/.m2/repository/org/apache/tomcat/embed/tomcat-embed-el/10.1.19/tomcat-embed-el-10.1.19.jar:/Users/pablojavier/.m2/repository/org/hibernate/validator/hibernate-validator/8.0.1.Final/hibernate-validator-8.0.1.Final.jar:/Users/pablojavier/.m2/repository/jakarta/validation/jakarta.validation-api/3.0.2/jakarta.validation-api-3.0.2.jar:/Users/pablojavier/.m2/repository/org/springframework/boot/spring-boot-starter-actuator/3.2.4/spring-boot-starter-actuator-3.2.4.jar:/Users/pablojavier/.m2/repository/org/springframework/boot/spring-boot-actuator-autoconfigure/3.2.4/spring-boot-actuator-autoconfigure-3.2.4.jar:/Users/pablojavier/.m2/repository/org/springframework/boot/spring-boot-actuator/3.2.4/spring-boot-actuator-3.2.4.jar:/Users/pablojavier/.m2/repository/io/micrometer/micrometer-observation/1.12.4/micrometer-observation-1.12.4.jar:/Users/pablojavier/.m2/repository/io/micrometer/micrometer-commons/1.12.4/micrometer-commons-1.12.4.jar:/Users/pablojavier/.m2/repository/io/micrometer/micrometer-jakarta9/1.12.4/micrometer-jakarta9-1.12.4.jar:/Users/pablojavier/.m2/repository/io/micrometer/micrometer-core/1.12.4/micrometer-core-1.12.4.jar:/Users/pablojavier/.m2/repository/org/hdrhistogram/HdrHistogram/2.1.12/HdrHistogram-2.1.12.jar:/Users/pablojavier/.m2/repository/org/latencyutils/LatencyUtils/2.0.3/LatencyUtils-2.0.3.jar:/Users/pablojavier/.m2/repository/org/springframework/boot/spring-boot-starter-hateoas/3.2.4/spring-boot-starter-hateoas-3.2.4.jar:/Users/pablojavier/.m2/repository/org/springframework/hateoas/spring-hateoas/2.2.1/spring-hateoas-2.2.1.jar:/Users/pablojavier/.m2/repository/org/springframework/plugin/spring-plugin-core/3.0.0/spring-plugin-core-3.0.0.jar:, sun.cpu.endian=little, hibernate.cdi.extensions=true, user.home=/Users/pablojavier, user.language=en, java.specification.vendor=Oracle Corporation, java.version.date=2024-01-16, java.home=/Library/Java/JavaVirtualMachines/jdk-21.jdk/Contents/Home, file.separator=/, basedir=/Users/pablojavier/Documents/Study/Entregas Examen /Ejemplos/deliveryapp, java.vm.compressedOopsMode=Zero based, line.separator=
, hibernate.persistenceUnitName=default, java.vm.specification.vendor=Oracle Corporation, java.specification.name=Java Platform API Specification, FILE_LOG_CHARSET=UTF-8, hibernate.transaction.coordinator_class=class org.hibernate.resource.transaction.backend.jdbc.internal.JdbcResourceLocalTransactionCoordinatorBuilderImpl, java.awt.headless=true, apple.awt.application.name=ForkedBooter, surefire.real.class.path=/Users/pablojavier/Documents/Study/Entregas Examen /Ejemplos/deliveryapp/target/surefire/surefirebooter-20240505022622520_3.jar, jakarta.persistence.validation.mode=AUTO, sun.management.compiler=HotSpot 64-Bit Tiered Compilers, ftp.nonProxyHosts=local|*.local|169.254/16|*.169.254/16, java.runtime.version=21.0.2+13-LTS-58, user.name=pablojavier, stdout.encoding=UTF-8, path.separator=:, os.version=14.2.1, java.runtime.name=Java(TM) SE Runtime Environment, file.encoding=UTF-8, java.vm.name=Java HotSpot(TM) 64-Bit Server VM, hibernate.show_sql=true, localRepository=/Users/pablojavier/.m2/repository, java.vendor.url.bug=https://bugreport.java.com/bugreport/, java.io.tmpdir=/var/folders/j1/vg3fpdtd5f14w_x707zrzmy80000gn/T/, java.version=21.0.2, hibernate.physical_naming_strategy=org.hibernate.boot.model.naming.CamelCaseToUnderscoresNamingStrategy, user.dir=/Users/pablojavier/Documents/Study/Entregas Examen /Ejemplos/deliveryapp, os.arch=aarch64, java.vm.specification.name=Java Virtual Machine Specification, PID=14250, CONSOLE_LOG_CHARSET=UTF-8, hibernate.boot.CfgXmlAccessService.key=org.hibernate.boot.registry.StandardServiceRegistryBuilder$1@49fe0bcd, native.encoding=UTF-8, java.library.path=/Users/pablojavier/Library/Java/Extensions:/Library/Java/Extensions:/Network/Library/Java/Extensions:/System/Library/Java/Extensions:/usr/lib/java:., stderr.encoding=UTF-8, java.vendor=Oracle Corporation, java.vm.info=mixed mode, sharing, java.vm.version=21.0.2+13-LTS-58, sun.io.unicode.encoding=UnicodeBig, hibernate.archive.scanner=org.hibernate.boot.archive.scan.internal.DisabledScanner, hibernate.connection.datasource=HikariDataSource (HikariPool-1), socksNonProxyHosts=local|*.local|169.254/16|*.169.254/16, java.class.version=65.0, LOGGED_APPLICATION_NAME=[deliveryapp] }
2024-05-05T02:26:25.043-04:00 DEBUG 14250 --- [deliveryapp] [           main] o.hibernate.internal.SessionFactoryImpl  : Session factory constructed with filter configurations : {}
2024-05-05T02:26:25.045-04:00 DEBUG 14250 --- [deliveryapp] [           main] o.h.v.i.xml.config.ValidationXmlParser   : Trying to load META-INF/validation.xml for XML based Validator configuration.
2024-05-05T02:26:25.045-04:00 DEBUG 14250 --- [deliveryapp] [           main] o.h.v.i.xml.config.ResourceLoaderHelper  : Trying to load META-INF/validation.xml via TCCL
2024-05-05T02:26:25.045-04:00 DEBUG 14250 --- [deliveryapp] [           main] o.h.v.i.xml.config.ResourceLoaderHelper  : Trying to load META-INF/validation.xml via Hibernate Validator's class loader
2024-05-05T02:26:25.045-04:00 DEBUG 14250 --- [deliveryapp] [           main] o.h.v.i.xml.config.ValidationXmlParser   : No META-INF/validation.xml found. Using annotation based configuration only.
2024-05-05T02:26:25.045-04:00 DEBUG 14250 --- [deliveryapp] [           main] o.h.v.i.e.resolver.TraversableResolvers  : Found jakarta.persistence.Persistence on classpath containing 'getPersistenceUtil'. Assuming JPA 2 environment. Trying to instantiate JPA aware TraversableResolver
2024-05-05T02:26:25.045-04:00 DEBUG 14250 --- [deliveryapp] [           main] o.h.v.i.e.resolver.TraversableResolvers  : Instantiated JPA aware TraversableResolver of type org.hibernate.validator.internal.engine.resolver.JPATraversableResolver.
2024-05-05T02:26:25.045-04:00 DEBUG 14250 --- [deliveryapp] [           main] .h.v.m.ResourceBundleMessageInterpolator : Loaded expression factory via original TCCL
2024-05-05T02:26:25.046-04:00 DEBUG 14250 --- [deliveryapp] [           main] .i.e.ValidatorFactoryConfigurationHelper : HV000252: Using org.hibernate.validator.internal.engine.DefaultPropertyNodeNameProvider as property node name provider.
2024-05-05T02:26:25.046-04:00 DEBUG 14250 --- [deliveryapp] [           main] .i.e.ValidatorFactoryConfigurationHelper : HV000234: Using org.hibernate.validator.messageinterpolation.ResourceBundleMessageInterpolator as ValidatorFactory-scoped message interpolator.
2024-05-05T02:26:25.046-04:00 DEBUG 14250 --- [deliveryapp] [           main] .i.e.ValidatorFactoryConfigurationHelper : HV000234: Using org.hibernate.validator.internal.engine.resolver.JPATraversableResolver as ValidatorFactory-scoped traversable resolver.
2024-05-05T02:26:25.046-04:00 DEBUG 14250 --- [deliveryapp] [           main] .i.e.ValidatorFactoryConfigurationHelper : HV000234: Using org.hibernate.validator.internal.util.ExecutableParameterNameProvider as ValidatorFactory-scoped parameter name provider.
2024-05-05T02:26:25.046-04:00 DEBUG 14250 --- [deliveryapp] [           main] .i.e.ValidatorFactoryConfigurationHelper : HV000234: Using org.hibernate.validator.internal.engine.DefaultClockProvider as ValidatorFactory-scoped clock provider.
2024-05-05T02:26:25.046-04:00 DEBUG 14250 --- [deliveryapp] [           main] .i.e.ValidatorFactoryConfigurationHelper : HV000234: Using org.hibernate.validator.internal.engine.scripting.DefaultScriptEvaluatorFactory as ValidatorFactory-scoped script evaluator factory.
2024-05-05T02:26:25.046-04:00 DEBUG 14250 --- [deliveryapp] [           main] o.h.boot.internal.ClassLoaderAccessImpl  : Not known whether passed class name [com.example.DeliveryApp.model.Rol] is safe
2024-05-05T02:26:25.046-04:00 DEBUG 14250 --- [deliveryapp] [           main] o.h.boot.internal.ClassLoaderAccessImpl  : No temp ClassLoader provided; using live ClassLoader for loading potentially unsafe class : com.example.DeliveryApp.model.Rol
2024-05-05T02:26:25.060-04:00 DEBUG 14250 --- [deliveryapp] [           main] o.h.boot.internal.ClassLoaderAccessImpl  : Not known whether passed class name [com.example.DeliveryApp.model.Usuario] is safe
2024-05-05T02:26:25.060-04:00 DEBUG 14250 --- [deliveryapp] [           main] o.h.boot.internal.ClassLoaderAccessImpl  : No temp ClassLoader provided; using live ClassLoader for loading potentially unsafe class : com.example.DeliveryApp.model.Usuario
2024-05-05T02:26:25.069-04:00 DEBUG 14250 --- [deliveryapp] [           main] o.h.boot.internal.ClassLoaderAccessImpl  : Not known whether passed class name [com.example.DeliveryApp.model.Despacho] is safe
2024-05-05T02:26:25.069-04:00 DEBUG 14250 --- [deliveryapp] [           main] o.h.boot.internal.ClassLoaderAccessImpl  : No temp ClassLoader provided; using live ClassLoader for loading potentially unsafe class : com.example.DeliveryApp.model.Despacho
2024-05-05T02:26:25.073-04:00 DEBUG 14250 --- [deliveryapp] [           main] .h.s.i.SessionFactoryServiceRegistryImpl : EventListenerRegistry access via ServiceRegistry is deprecated.  Use `sessionFactory.getEventEngine().getListenerRegistry()` instead
2024-05-05T02:26:25.076-04:00 DEBUG 14250 --- [deliveryapp] [           main] .h.t.s.s.SchemaManagementToolCoordinator : No schema actions specified for contributor `orm`; doing nothing
2024-05-05T02:26:25.093-04:00 DEBUG 14250 --- [deliveryapp] [           main] o.h.q.sqm.function.SqmFunctionRegistry   : Registered SqmFunctionTemplate [NamedSqmFunctionTemplate(max)] under max; prior registration was null
2024-05-05T02:26:25.093-04:00 DEBUG 14250 --- [deliveryapp] [           main] o.h.q.sqm.function.SqmFunctionRegistry   : Registered SqmFunctionTemplate [NamedSqmFunctionTemplate(min)] under min; prior registration was null
2024-05-05T02:26:25.093-04:00 DEBUG 14250 --- [deliveryapp] [           main] o.h.q.sqm.function.SqmFunctionRegistry   : Registered SqmFunctionTemplate [NamedSqmFunctionTemplate(sum)] under sum; prior registration was null
2024-05-05T02:26:25.093-04:00 DEBUG 14250 --- [deliveryapp] [           main] o.h.q.sqm.function.SqmFunctionRegistry   : Registered SqmFunctionTemplate [NamedSqmFunctionTemplate(avg)] under avg; prior registration was null
2024-05-05T02:26:25.094-04:00 DEBUG 14250 --- [deliveryapp] [           main] o.h.q.sqm.function.SqmFunctionRegistry   : Registered SqmFunctionTemplate [org.hibernate.dialect.function.CountFunction@4b56b517] under count; prior registration was null
2024-05-05T02:26:25.094-04:00 DEBUG 14250 --- [deliveryapp] [           main] o.h.q.sqm.function.SqmFunctionRegistry   : Registered SqmFunctionTemplate [org.hibernate.dialect.function.EveryAnyEmulation@35841d6] under every; prior registration was null
2024-05-05T02:26:25.094-04:00 DEBUG 14250 --- [deliveryapp] [           main] o.h.q.sqm.function.SqmFunctionRegistry   : Registered SqmFunctionTemplate [org.hibernate.dialect.function.EveryAnyEmulation@5e9ea380] under any; prior registration was null
2024-05-05T02:26:25.094-04:00 DEBUG 14250 --- [deliveryapp] [           main] o.h.q.sqm.function.SqmFunctionRegistry   : Registered SqmFunctionTemplate [NamedSqmFunctionTemplate(floor)] under floor; prior registration was null
2024-05-05T02:26:25.094-04:00 DEBUG 14250 --- [deliveryapp] [           main] o.h.q.sqm.function.SqmFunctionRegistry   : Registered SqmFunctionTemplate [NamedSqmFunctionTemplate(ceiling)] under ceiling; prior registration was null
2024-05-05T02:26:25.094-04:00 DEBUG 14250 --- [deliveryapp] [           main] o.h.q.sqm.function.SqmFunctionRegistry   : Registered SqmFunctionTemplate [NamedSqmFunctionTemplate(mod)] under mod; prior registration was null
2024-05-05T02:26:25.094-04:00 DEBUG 14250 --- [deliveryapp] [           main] o.h.q.sqm.function.SqmFunctionRegistry   : Registered SqmFunctionTemplate [NamedSqmFunctionTemplate(abs)] under abs; prior registration was null
2024-05-05T02:26:25.094-04:00 DEBUG 14250 --- [deliveryapp] [           main] o.h.q.sqm.function.SqmFunctionRegistry   : Registered SqmFunctionTemplate [NamedSqmFunctionTemplate(sign)] under sign; prior registration was null
2024-05-05T02:26:25.094-04:00 DEBUG 14250 --- [deliveryapp] [           main] o.h.q.sqm.function.SqmFunctionRegistry   : Registered SqmFunctionTemplate [NamedSqmFunctionTemplate(sqrt)] under sqrt; prior registration was null
2024-05-05T02:26:25.094-04:00 DEBUG 14250 --- [deliveryapp] [           main] o.h.q.sqm.function.SqmFunctionRegistry   : Registered SqmFunctionTemplate [NamedSqmFunctionTemplate(ln)] under ln; prior registration was null
2024-05-05T02:26:25.094-04:00 DEBUG 14250 --- [deliveryapp] [           main] o.h.q.sqm.function.SqmFunctionRegistry   : Registered SqmFunctionTemplate [NamedSqmFunctionTemplate(exp)] under exp; prior registration was null
2024-05-05T02:26:25.094-04:00 DEBUG 14250 --- [deliveryapp] [           main] o.h.q.sqm.function.SqmFunctionRegistry   : Registered SqmFunctionTemplate [NamedSqmFunctionTemplate(power)] under power; prior registration was null
2024-05-05T02:26:25.094-04:00 DEBUG 14250 --- [deliveryapp] [           main] o.h.q.sqm.function.SqmFunctionRegistry   : Registered SqmFunctionTemplate [NamedSqmFunctionTemplate(round)] under round; prior registration was null
2024-05-05T02:26:25.095-04:00 DEBUG 14250 --- [deliveryapp] [           main] o.h.q.sqm.function.SqmFunctionRegistry   : Registered SqmFunctionTemplate [NamedSqmFunctionTemplate(sin)] under sin; prior registration was null
2024-05-05T02:26:25.095-04:00 DEBUG 14250 --- [deliveryapp] [           main] o.h.q.sqm.function.SqmFunctionRegistry   : Registered SqmFunctionTemplate [NamedSqmFunctionTemplate(cos)] under cos; prior registration was null
2024-05-05T02:26:25.095-04:00 DEBUG 14250 --- [deliveryapp] [           main] o.h.q.sqm.function.SqmFunctionRegistry   : Registered SqmFunctionTemplate [NamedSqmFunctionTemplate(tan)] under tan; prior registration was null
2024-05-05T02:26:25.095-04:00 DEBUG 14250 --- [deliveryapp] [           main] o.h.q.sqm.function.SqmFunctionRegistry   : Registered SqmFunctionTemplate [NamedSqmFunctionTemplate(asin)] under asin; prior registration was null
2024-05-05T02:26:25.095-04:00 DEBUG 14250 --- [deliveryapp] [           main] o.h.q.sqm.function.SqmFunctionRegistry   : Registered SqmFunctionTemplate [NamedSqmFunctionTemplate(acos)] under acos; prior registration was null
2024-05-05T02:26:25.095-04:00 DEBUG 14250 --- [deliveryapp] [           main] o.h.q.sqm.function.SqmFunctionRegistry   : Registered SqmFunctionTemplate [NamedSqmFunctionTemplate(atan)] under atan; prior registration was null
2024-05-05T02:26:25.095-04:00 DEBUG 14250 --- [deliveryapp] [           main] o.h.q.sqm.function.SqmFunctionRegistry   : Registered SqmFunctionTemplate [NamedSqmFunctionTemplate(atan2)] under atan2; prior registration was null
2024-05-05T02:26:25.095-04:00 DEBUG 14250 --- [deliveryapp] [           main] o.h.q.sqm.function.SqmFunctionRegistry   : Registered SqmFunctionTemplate [org.hibernate.query.sqm.function.PatternBasedSqmFunctionDescriptor@924f3f1] under sinh; prior registration was null
2024-05-05T02:26:25.095-04:00 DEBUG 14250 --- [deliveryapp] [           main] o.h.q.sqm.function.SqmFunctionRegistry   : Registered SqmFunctionTemplate [org.hibernate.query.sqm.function.PatternBasedSqmFunctionDescriptor@19e2db7c] under cosh; prior registration was null
2024-05-05T02:26:25.095-04:00 DEBUG 14250 --- [deliveryapp] [           main] o.h.q.sqm.function.SqmFunctionRegistry   : Registered SqmFunctionTemplate [org.hibernate.query.sqm.function.PatternBasedSqmFunctionDescriptor@77a4bac] under tanh; prior registration was null
2024-05-05T02:26:25.095-04:00 DEBUG 14250 --- [deliveryapp] [           main] o.h.q.sqm.function.SqmFunctionRegistry   : Registered SqmFunctionTemplate [org.hibernate.query.sqm.function.PatternBasedSqmFunctionDescriptor@534fc1f7] under pi; prior registration was null
2024-05-05T02:26:25.095-04:00 DEBUG 14250 --- [deliveryapp] [           main] o.h.q.sqm.function.SqmFunctionRegistry   : Registered SqmFunctionTemplate [org.hibernate.query.sqm.function.PatternBasedSqmFunctionDescriptor@7d5a0b14] under log; prior registration was null
2024-05-05T02:26:25.095-04:00 DEBUG 14250 --- [deliveryapp] [           main] o.h.q.sqm.function.SqmFunctionRegistry   : Registered SqmFunctionTemplate [NamedSqmFunctionTemplate(coalesce)] under coalesce; prior registration was null
2024-05-05T02:26:25.095-04:00 DEBUG 14250 --- [deliveryapp] [           main] o.h.q.sqm.function.SqmFunctionRegistry   : Registered SqmFunctionTemplate [NamedSqmFunctionTemplate(nullif)] under nullif; prior registration was null
2024-05-05T02:26:25.095-04:00 DEBUG 14250 --- [deliveryapp] [           main] o.h.q.sqm.function.SqmFunctionRegistry   : Registered SqmFunctionTemplate [NamedSqmFunctionTemplate(left)] under left; prior registration was null
2024-05-05T02:26:25.095-04:00 DEBUG 14250 --- [deliveryapp] [           main] o.h.q.sqm.function.SqmFunctionRegistry   : Registered SqmFunctionTemplate [NamedSqmFunctionTemplate(right)] under right; prior registration was null
2024-05-05T02:26:25.096-04:00 DEBUG 14250 --- [deliveryapp] [           main] o.h.q.sqm.function.SqmFunctionRegistry   : Registered SqmFunctionTemplate [NamedSqmFunctionTemplate(replace)] under replace; prior registration was null
2024-05-05T02:26:25.096-04:00 DEBUG 14250 --- [deliveryapp] [           main] o.h.q.sqm.function.SqmFunctionRegistry   : Registered SqmFunctionTemplate [NamedSqmFunctionTemplate(concat)] under concat; prior registration was null
2024-05-05T02:26:25.096-04:00 DEBUG 14250 --- [deliveryapp] [           main] o.h.q.sqm.function.SqmFunctionRegistry   : Registered SqmFunctionTemplate [NamedSqmFunctionTemplate(lower)] under lower; prior registration was null
2024-05-05T02:26:25.096-04:00 DEBUG 14250 --- [deliveryapp] [           main] o.h.q.sqm.function.SqmFunctionRegistry   : Registered SqmFunctionTemplate [NamedSqmFunctionTemplate(upper)] under upper; prior registration was null
2024-05-05T02:26:25.096-04:00 DEBUG 14250 --- [deliveryapp] [           main] o.h.q.sqm.function.SqmFunctionRegistry   : Registered SqmFunctionTemplate [NamedSqmFunctionTemplate(substring)] under substring; prior registration was null
2024-05-05T02:26:25.096-04:00 DEBUG 14250 --- [deliveryapp] [           main] o.h.q.sqm.function.SqmFunctionRegistry   : Registered SqmFunctionTemplate [NamedSqmFunctionTemplate(locate)] under locate; prior registration was null
2024-05-05T02:26:25.096-04:00 DEBUG 14250 --- [deliveryapp] [           main] o.h.q.sqm.function.SqmFunctionRegistry   : Registered SqmFunctionTemplate [NamedSqmFunctionTemplate(character_length)] under character_length; prior registration was null
2024-05-05T02:26:25.096-04:00 DEBUG 14250 --- [deliveryapp] [           main] o.h.q.sqm.function.SqmFunctionRegistry   : Registering alternate key : length -> character_length
2024-05-05T02:26:25.096-04:00 DEBUG 14250 --- [deliveryapp] [           main] o.h.q.sqm.function.SqmFunctionRegistry   : Registered SqmFunctionTemplate [org.hibernate.dialect.function.LocatePositionEmulation@24d7657b] under position; prior registration was null
2024-05-05T02:26:25.097-04:00 DEBUG 14250 --- [deliveryapp] [           main] o.h.q.sqm.function.SqmFunctionRegistry   : Registered SqmFunctionTemplate [org.hibernate.dialect.function.InsertSubstringOverlayEmulation@1f3f434] under overlay; prior registration was null
2024-05-05T02:26:25.097-04:00 DEBUG 14250 --- [deliveryapp] [           main] o.h.q.sqm.function.SqmFunctionRegistry   : Registered SqmFunctionTemplate [org.hibernate.dialect.function.TrimFunction@13714753] under trim; prior registration was null
2024-05-05T02:26:25.097-04:00 DEBUG 14250 --- [deliveryapp] [           main] o.h.q.sqm.function.SqmFunctionRegistry   : Registered SqmFunctionTemplate [org.hibernate.dialect.function.CastFunction@38b54694] under cast; prior registration was null
2024-05-05T02:26:25.097-04:00 DEBUG 14250 --- [deliveryapp] [           main] o.h.q.sqm.function.SqmFunctionRegistry   : Registered SqmFunctionTemplate [org.hibernate.query.sqm.function.PatternBasedSqmFunctionDescriptor@7619fbe7] under collate; prior registration was null
2024-05-05T02:26:25.098-04:00 DEBUG 14250 --- [deliveryapp] [           main] o.h.q.sqm.function.SqmFunctionRegistry   : Registered SqmFunctionTemplate [org.hibernate.dialect.function.ExtractFunction@c0004b7] under extract; prior registration was null
2024-05-05T02:26:25.098-04:00 DEBUG 14250 --- [deliveryapp] [           main] o.h.q.sqm.function.SqmFunctionRegistry   : Registered SqmFunctionTemplate [NamedSqmFunctionTemplate(least)] under least; prior registration was null
2024-05-05T02:26:25.098-04:00 DEBUG 14250 --- [deliveryapp] [           main] o.h.q.sqm.function.SqmFunctionRegistry   : Registered SqmFunctionTemplate [NamedSqmFunctionTemplate(greatest)] under greatest; prior registration was null
2024-05-05T02:26:25.098-04:00 DEBUG 14250 --- [deliveryapp] [           main] o.h.q.sqm.function.SqmFunctionRegistry   : Registered SqmFunctionTemplate [org.hibernate.dialect.function.CoalesceIfnullEmulation@662713b6] under ifnull; prior registration was null
2024-05-05T02:26:25.098-04:00 DEBUG 14250 --- [deliveryapp] [           main] o.h.q.sqm.function.SqmFunctionRegistry   : Registered SqmFunctionTemplate [NamedSqmFunctionTemplate(lpad)] under lpad; prior registration was null
2024-05-05T02:26:25.098-04:00 DEBUG 14250 --- [deliveryapp] [           main] o.h.q.sqm.function.SqmFunctionRegistry   : Registered SqmFunctionTemplate [NamedSqmFunctionTemplate(rpad)] under rpad; prior registration was null
2024-05-05T02:26:25.098-04:00 DEBUG 14250 --- [deliveryapp] [           main] o.h.q.sqm.function.SqmFunctionRegistry   : Registered SqmFunctionTemplate [org.hibernate.dialect.function.LpadRpadPadEmulation@b8142f4] under pad; prior registration was null
2024-05-05T02:26:25.098-04:00 DEBUG 14250 --- [deliveryapp] [           main] o.h.q.sqm.function.SqmFunctionRegistry   : Registered SqmFunctionTemplate [org.hibernate.dialect.function.CastStrEmulation@33f2eb04] under str; prior registration was null
2024-05-05T02:26:25.099-04:00 DEBUG 14250 --- [deliveryapp] [           main] o.h.q.sqm.function.SqmFunctionRegistry   : Registered SqmFunctionTemplate [org.hibernate.dialect.function.FormatFunction@424a152f] under format; prior registration was null
2024-05-05T02:26:25.099-04:00 DEBUG 14250 --- [deliveryapp] [           main] o.h.q.sqm.function.SqmFunctionRegistry   : Registered SqmFunctionTemplate [org.hibernate.dialect.function.TimestampaddFunction@4bb9f7d4] under timestampadd; prior registration was null
2024-05-05T02:26:25.100-04:00 DEBUG 14250 --- [deliveryapp] [           main] o.h.q.sqm.function.SqmFunctionRegistry   : Registered SqmFunctionTemplate [org.hibernate.dialect.function.TimestampdiffFunction@11582db6] under timestampdiff; prior registration was null
2024-05-05T02:26:25.100-04:00 DEBUG 14250 --- [deliveryapp] [           main] o.h.q.sqm.function.SqmFunctionRegistry   : Registering alternate key : dateadd -> timestampadd
2024-05-05T02:26:25.100-04:00 DEBUG 14250 --- [deliveryapp] [           main] o.h.q.sqm.function.SqmFunctionRegistry   : Registering alternate key : datediff -> timestampdiff
2024-05-05T02:26:25.100-04:00 DEBUG 14250 --- [deliveryapp] [           main] o.h.q.sqm.function.SqmFunctionRegistry   : Registered SqmFunctionTemplate [org.hibernate.dialect.function.CurrentFunction@558127d2] under current_date; prior registration was null
2024-05-05T02:26:25.100-04:00 DEBUG 14250 --- [deliveryapp] [           main] o.h.q.sqm.function.SqmFunctionRegistry   : Registered SqmFunctionTemplate [org.hibernate.dialect.function.CurrentFunction@12270a01] under current_time; prior registration was null
2024-05-05T02:26:25.100-04:00 DEBUG 14250 --- [deliveryapp] [           main] o.h.q.sqm.function.SqmFunctionRegistry   : Registered SqmFunctionTemplate [org.hibernate.dialect.function.CurrentFunction@4552f905] under current_timestamp; prior registration was null
2024-05-05T02:26:25.100-04:00 DEBUG 14250 --- [deliveryapp] [           main] o.h.q.sqm.function.SqmFunctionRegistry   : Registering alternate key : current date -> current_date
2024-05-05T02:26:25.100-04:00 DEBUG 14250 --- [deliveryapp] [           main] o.h.q.sqm.function.SqmFunctionRegistry   : Registering alternate key : current time -> current_time
2024-05-05T02:26:25.100-04:00 DEBUG 14250 --- [deliveryapp] [           main] o.h.q.sqm.function.SqmFunctionRegistry   : Registering alternate key : current timestamp -> current_timestamp
2024-05-05T02:26:25.100-04:00 DEBUG 14250 --- [deliveryapp] [           main] o.h.q.sqm.function.SqmFunctionRegistry   : Registered SqmFunctionTemplate [org.hibernate.dialect.function.CurrentFunction@646d58cd] under local_date; prior registration was null
2024-05-05T02:26:25.100-04:00 DEBUG 14250 --- [deliveryapp] [           main] o.h.q.sqm.function.SqmFunctionRegistry   : Registered SqmFunctionTemplate [org.hibernate.dialect.function.CurrentFunction@388e4c25] under local_time; prior registration was null
2024-05-05T02:26:25.100-04:00 DEBUG 14250 --- [deliveryapp] [           main] o.h.q.sqm.function.SqmFunctionRegistry   : Registered SqmFunctionTemplate [org.hibernate.dialect.function.CurrentFunction@12532e37] under local_datetime; prior registration was null
2024-05-05T02:26:25.100-04:00 DEBUG 14250 --- [deliveryapp] [           main] o.h.q.sqm.function.SqmFunctionRegistry   : Registered SqmFunctionTemplate [org.hibernate.dialect.function.CurrentFunction@401b67a9] under offset_datetime; prior registration was null
2024-05-05T02:26:25.100-04:00 DEBUG 14250 --- [deliveryapp] [           main] o.h.q.sqm.function.SqmFunctionRegistry   : Registering alternate key : local date -> local_date
2024-05-05T02:26:25.100-04:00 DEBUG 14250 --- [deliveryapp] [           main] o.h.q.sqm.function.SqmFunctionRegistry   : Registering alternate key : local time -> local_time
2024-05-05T02:26:25.100-04:00 DEBUG 14250 --- [deliveryapp] [           main] o.h.q.sqm.function.SqmFunctionRegistry   : Registering alternate key : local datetime -> local_datetime
2024-05-05T02:26:25.100-04:00 DEBUG 14250 --- [deliveryapp] [           main] o.h.q.sqm.function.SqmFunctionRegistry   : Registering alternate key : offset datetime -> offset_datetime
2024-05-05T02:26:25.100-04:00 DEBUG 14250 --- [deliveryapp] [           main] o.h.q.sqm.function.SqmFunctionRegistry   : Registered SqmFunctionTemplate [org.hibernate.dialect.function.CurrentFunction@4e3ee457] under instant; prior registration was null
2024-05-05T02:26:25.100-04:00 DEBUG 14250 --- [deliveryapp] [           main] o.h.q.sqm.function.SqmFunctionRegistry   : Registering alternate key : current_instant -> instant
2024-05-05T02:26:25.100-04:00 DEBUG 14250 --- [deliveryapp] [           main] o.h.q.sqm.function.SqmFunctionRegistry   : Registered SqmFunctionTemplate [org.hibernate.dialect.function.SqlFunction@2d2a8819] under sql; prior registration was null
2024-05-05T02:26:25.100-04:00 DEBUG 14250 --- [deliveryapp] [           main] o.h.q.sqm.function.SqmFunctionRegistry   : Registered SqmFunctionTemplate [NamedSqmFunctionTemplate(ascii)] under ascii; prior registration was null
2024-05-05T02:26:25.100-04:00 DEBUG 14250 --- [deliveryapp] [           main] o.h.q.sqm.function.SqmFunctionRegistry   : Registered SqmFunctionTemplate [NamedSqmFunctionTemplate(chr)] under chr; prior registration was null
2024-05-05T02:26:25.100-04:00 DEBUG 14250 --- [deliveryapp] [           main] o.h.q.sqm.function.SqmFunctionRegistry   : Registering alternate key : char -> chr
2024-05-05T02:26:25.100-04:00 DEBUG 14250 --- [deliveryapp] [           main] o.h.q.sqm.function.SqmFunctionRegistry   : Registered SqmFunctionTemplate [NamedSqmFunctionTemplate(cosh)] under cosh; prior registration was org.hibernate.query.sqm.function.PatternBasedSqmFunctionDescriptor@19e2db7c
2024-05-05T02:26:25.100-04:00 DEBUG 14250 --- [deliveryapp] [           main] o.h.q.sqm.function.SqmFunctionRegistry   : Registered SqmFunctionTemplate [NamedSqmFunctionTemplate(sinh)] under sinh; prior registration was org.hibernate.query.sqm.function.PatternBasedSqmFunctionDescriptor@924f3f1
2024-05-05T02:26:25.100-04:00 DEBUG 14250 --- [deliveryapp] [           main] o.h.q.sqm.function.SqmFunctionRegistry   : Registered SqmFunctionTemplate [NamedSqmFunctionTemplate(tanh)] under tanh; prior registration was org.hibernate.query.sqm.function.PatternBasedSqmFunctionDescriptor@77a4bac
2024-05-05T02:26:25.101-04:00 DEBUG 14250 --- [deliveryapp] [           main] o.h.q.sqm.function.SqmFunctionRegistry   : Registered SqmFunctionTemplate [NamedSqmFunctionTemplate(log)] under log; prior registration was org.hibernate.query.sqm.function.PatternBasedSqmFunctionDescriptor@7d5a0b14
2024-05-05T02:26:25.101-04:00 DEBUG 14250 --- [deliveryapp] [           main] o.h.q.sqm.function.SqmFunctionRegistry   : Registered SqmFunctionTemplate [org.hibernate.query.sqm.function.PatternBasedSqmFunctionDescriptor@72585e83] under log10; prior registration was null
2024-05-05T02:26:25.101-04:00 DEBUG 14250 --- [deliveryapp] [           main] o.h.q.sqm.function.SqmFunctionRegistry   : Registered SqmFunctionTemplate [NamedSqmFunctionTemplate(soundex)] under soundex; prior registration was null
2024-05-05T02:26:25.101-04:00 DEBUG 14250 --- [deliveryapp] [           main] o.h.q.sqm.function.SqmFunctionRegistry   : Registered SqmFunctionTemplate [NamedSqmFunctionTemplate(ltrim)] under ltrim; prior registration was null
2024-05-05T02:26:25.101-04:00 DEBUG 14250 --- [deliveryapp] [           main] o.h.q.sqm.function.SqmFunctionRegistry   : Registered SqmFunctionTemplate [NamedSqmFunctionTemplate(rtrim)] under rtrim; prior registration was null
2024-05-05T02:26:25.101-04:00 DEBUG 14250 --- [deliveryapp] [           main] o.h.q.sqm.function.SqmFunctionRegistry   : Registered SqmFunctionTemplate [NamedSqmFunctionTemplate(initcap)] under initcap; prior registration was null
2024-05-05T02:26:25.101-04:00 DEBUG 14250 --- [deliveryapp] [           main] o.h.q.sqm.function.SqmFunctionRegistry   : Registered SqmFunctionTemplate [NamedSqmFunctionTemplate(instr)] under instr; prior registration was null
2024-05-05T02:26:25.101-04:00 DEBUG 14250 --- [deliveryapp] [           main] o.h.q.sqm.function.SqmFunctionRegistry   : Registered SqmFunctionTemplate [NamedSqmFunctionTemplate(substr)] under substr; prior registration was null
2024-05-05T02:26:25.101-04:00 DEBUG 14250 --- [deliveryapp] [           main] o.h.q.sqm.function.SqmFunctionRegistry   : Registered SqmFunctionTemplate [NamedSqmFunctionTemplate(substr)] under substring; prior registration was NamedSqmFunctionTemplate(substring)
2024-05-05T02:26:25.101-04:00 DEBUG 14250 --- [deliveryapp] [           main] o.h.q.sqm.function.SqmFunctionRegistry   : Registered SqmFunctionTemplate [org.hibernate.query.sqm.function.PatternBasedSqmFunctionDescriptor@6b64bf61] under left; prior registration was NamedSqmFunctionTemplate(left)
2024-05-05T02:26:25.101-04:00 DEBUG 14250 --- [deliveryapp] [           main] o.h.q.sqm.function.SqmFunctionRegistry   : Registered SqmFunctionTemplate [org.hibernate.query.sqm.function.PatternBasedSqmFunctionDescriptor@1d5bb5c] under right; prior registration was NamedSqmFunctionTemplate(right)
2024-05-05T02:26:25.101-04:00 DEBUG 14250 --- [deliveryapp] [           main] o.h.q.sqm.function.SqmFunctionRegistry   : Registered SqmFunctionTemplate [NamedSqmFunctionTemplate(translate)] under translate; prior registration was null
2024-05-05T02:26:25.101-04:00 DEBUG 14250 --- [deliveryapp] [           main] o.h.q.sqm.function.SqmFunctionRegistry   : Registered SqmFunctionTemplate [NamedSqmFunctionTemplate(bitand)] under bitand; prior registration was null
2024-05-05T02:26:25.101-04:00 DEBUG 14250 --- [deliveryapp] [           main] o.h.q.sqm.function.SqmFunctionRegistry   : Registered SqmFunctionTemplate [NamedSqmFunctionTemplate(last_day)] under last_day; prior registration was null
2024-05-05T02:26:25.101-04:00 DEBUG 14250 --- [deliveryapp] [           main] o.h.q.sqm.function.SqmFunctionRegistry   : Registered SqmFunctionTemplate [NamedSqmFunctionTemplate(to_number)] under to_number; prior registration was null
2024-05-05T02:26:25.101-04:00 DEBUG 14250 --- [deliveryapp] [           main] o.h.q.sqm.function.SqmFunctionRegistry   : Registered SqmFunctionTemplate [NamedSqmFunctionTemplate(to_char)] under to_char; prior registration was null
2024-05-05T02:26:25.101-04:00 DEBUG 14250 --- [deliveryapp] [           main] o.h.q.sqm.function.SqmFunctionRegistry   : Registered SqmFunctionTemplate [NamedSqmFunctionTemplate(to_date)] under to_date; prior registration was null
2024-05-05T02:26:25.101-04:00 DEBUG 14250 --- [deliveryapp] [           main] o.h.q.sqm.function.SqmFunctionRegistry   : Registered SqmFunctionTemplate [NamedSqmFunctionTemplate(to_timestamp)] under to_timestamp; prior registration was null
2024-05-05T02:26:25.101-04:00 DEBUG 14250 --- [deliveryapp] [           main] o.h.q.sqm.function.SqmFunctionRegistry   : Registered SqmFunctionTemplate [NamedSqmFunctionTemplate(ceil)] under ceil; prior registration was null
2024-05-05T02:26:25.101-04:00 DEBUG 14250 --- [deliveryapp] [           main] o.h.q.sqm.function.SqmFunctionRegistry   : Registering alternate key : ceiling -> ceil
2024-05-05T02:26:25.101-04:00 DEBUG 14250 --- [deliveryapp] [           main] o.h.q.sqm.function.SqmFunctionRegistry   : Registered SqmFunctionTemplate [org.hibernate.query.sqm.function.PatternBasedSqmFunctionDescriptor@7846913f] under concat; prior registration was NamedSqmFunctionTemplate(concat)
2024-05-05T02:26:25.101-04:00 DEBUG 14250 --- [deliveryapp] [           main] o.h.q.sqm.function.SqmFunctionRegistry   : Registered SqmFunctionTemplate [NamedSqmFunctionTemplate(rowid)] under rowid; prior registration was null
2024-05-05T02:26:25.101-04:00 DEBUG 14250 --- [deliveryapp] [           main] o.h.q.sqm.function.SqmFunctionRegistry   : Registered SqmFunctionTemplate [NamedSqmFunctionTemplate(rownum)] under rownum; prior registration was null
2024-05-05T02:26:25.101-04:00 DEBUG 14250 --- [deliveryapp] [           main] o.h.q.sqm.function.SqmFunctionRegistry   : Registered SqmFunctionTemplate [NamedSqmFunctionTemplate(sysdate)] under sysdate; prior registration was null
2024-05-05T02:26:25.101-04:00 DEBUG 14250 --- [deliveryapp] [           main] o.h.q.sqm.function.SqmFunctionRegistry   : Registered SqmFunctionTemplate [NamedSqmFunctionTemplate(systimestamp)] under systimestamp; prior registration was null
2024-05-05T02:26:25.101-04:00 DEBUG 14250 --- [deliveryapp] [           main] o.h.q.sqm.function.SqmFunctionRegistry   : Registered SqmFunctionTemplate [NamedSqmFunctionTemplate(add_months)] under add_months; prior registration was null
2024-05-05T02:26:25.101-04:00 DEBUG 14250 --- [deliveryapp] [           main] o.h.q.sqm.function.SqmFunctionRegistry   : Registered SqmFunctionTemplate [NamedSqmFunctionTemplate(months_between)] under months_between; prior registration was null
2024-05-05T02:26:25.101-04:00 DEBUG 14250 --- [deliveryapp] [           main] o.h.q.sqm.function.SqmFunctionRegistry   : Registered SqmFunctionTemplate [org.hibernate.dialect.function.MinMaxCaseEveryAnyEmulation@66abb2fa] under every; prior registration was org.hibernate.dialect.function.EveryAnyEmulation@35841d6
2024-05-05T02:26:25.101-04:00 DEBUG 14250 --- [deliveryapp] [           main] o.h.q.sqm.function.SqmFunctionRegistry   : Registered SqmFunctionTemplate [org.hibernate.dialect.function.MinMaxCaseEveryAnyEmulation@7d4da729] under any; prior registration was org.hibernate.dialect.function.EveryAnyEmulation@5e9ea380
2024-05-05T02:26:25.101-04:00 DEBUG 14250 --- [deliveryapp] [           main] o.h.q.sqm.function.SqmFunctionRegistry   : Registered SqmFunctionTemplate [org.hibernate.query.sqm.function.PatternBasedSqmFunctionDescriptor@2133b712] under repeat; prior registration was null
2024-05-05T02:26:25.101-04:00 DEBUG 14250 --- [deliveryapp] [           main] o.h.q.sqm.function.SqmFunctionRegistry   : Registered SqmFunctionTemplate [org.hibernate.query.sqm.function.PatternBasedSqmFunctionDescriptor@4b7e4d14] under radians; prior registration was null
2024-05-05T02:26:25.101-04:00 DEBUG 14250 --- [deliveryapp] [           main] o.h.q.sqm.function.SqmFunctionRegistry   : Registered SqmFunctionTemplate [org.hibernate.query.sqm.function.PatternBasedSqmFunctionDescriptor@70f91ae3] under degrees; prior registration was null
2024-05-05T02:26:25.101-04:00 DEBUG 14250 --- [deliveryapp] [           main] o.h.q.sqm.function.SqmFunctionRegistry   : Registered SqmFunctionTemplate [NamedSqmFunctionTemplate(median)] under median; prior registration was null
2024-05-05T02:26:25.101-04:00 DEBUG 14250 --- [deliveryapp] [           main] o.h.q.sqm.function.SqmFunctionRegistry   : Registered SqmFunctionTemplate [NamedSqmFunctionTemplate(stddev)] under stddev; prior registration was null
2024-05-05T02:26:25.101-04:00 DEBUG 14250 --- [deliveryapp] [           main] o.h.q.sqm.function.SqmFunctionRegistry   : Registered SqmFunctionTemplate [NamedSqmFunctionTemplate(stddev_pop)] under stddev_pop; prior registration was null
2024-05-05T02:26:25.101-04:00 DEBUG 14250 --- [deliveryapp] [           main] o.h.q.sqm.function.SqmFunctionRegistry   : Registered SqmFunctionTemplate [NamedSqmFunctionTemplate(stddev_samp)] under stddev_samp; prior registration was null
2024-05-05T02:26:25.101-04:00 DEBUG 14250 --- [deliveryapp] [           main] o.h.q.sqm.function.SqmFunctionRegistry   : Registered SqmFunctionTemplate [NamedSqmFunctionTemplate(variance)] under variance; prior registration was null
2024-05-05T02:26:25.101-04:00 DEBUG 14250 --- [deliveryapp] [           main] o.h.q.sqm.function.SqmFunctionRegistry   : Registered SqmFunctionTemplate [NamedSqmFunctionTemplate(var_pop)] under var_pop; prior registration was null
2024-05-05T02:26:25.101-04:00 DEBUG 14250 --- [deliveryapp] [           main] o.h.q.sqm.function.SqmFunctionRegistry   : Registered SqmFunctionTemplate [NamedSqmFunctionTemplate(var_samp)] under var_samp; prior registration was null
2024-05-05T02:26:25.101-04:00 DEBUG 14250 --- [deliveryapp] [           main] o.h.q.sqm.function.SqmFunctionRegistry   : Registered SqmFunctionTemplate [NamedSqmFunctionTemplate(covar_pop)] under covar_pop; prior registration was null
2024-05-05T02:26:25.101-04:00 DEBUG 14250 --- [deliveryapp] [           main] o.h.q.sqm.function.SqmFunctionRegistry   : Registered SqmFunctionTemplate [NamedSqmFunctionTemplate(covar_samp)] under covar_samp; prior registration was null
2024-05-05T02:26:25.101-04:00 DEBUG 14250 --- [deliveryapp] [           main] o.h.q.sqm.function.SqmFunctionRegistry   : Registered SqmFunctionTemplate [NamedSqmFunctionTemplate(corr)] under corr; prior registration was null
2024-05-05T02:26:25.102-04:00 DEBUG 14250 --- [deliveryapp] [           main] o.h.q.sqm.function.SqmFunctionRegistry   : Registered SqmFunctionTemplate [NamedSqmFunctionTemplate(regr_avgx)] under regr_avgx; prior registration was null
2024-05-05T02:26:25.102-04:00 DEBUG 14250 --- [deliveryapp] [           main] o.h.q.sqm.function.SqmFunctionRegistry   : Registered SqmFunctionTemplate [NamedSqmFunctionTemplate(regr_avgy)] under regr_avgy; prior registration was null
2024-05-05T02:26:25.102-04:00 DEBUG 14250 --- [deliveryapp] [           main] o.h.q.sqm.function.SqmFunctionRegistry   : Registered SqmFunctionTemplate [NamedSqmFunctionTemplate(regr_count)] under regr_count; prior registration was null
2024-05-05T02:26:25.102-04:00 DEBUG 14250 --- [deliveryapp] [           main] o.h.q.sqm.function.SqmFunctionRegistry   : Registered SqmFunctionTemplate [NamedSqmFunctionTemplate(regr_intercept)] under regr_intercept; prior registration was null
2024-05-05T02:26:25.102-04:00 DEBUG 14250 --- [deliveryapp] [           main] o.h.q.sqm.function.SqmFunctionRegistry   : Registered SqmFunctionTemplate [NamedSqmFunctionTemplate(regr_r2)] under regr_r2; prior registration was null
2024-05-05T02:26:25.102-04:00 DEBUG 14250 --- [deliveryapp] [           main] o.h.q.sqm.function.SqmFunctionRegistry   : Registered SqmFunctionTemplate [NamedSqmFunctionTemplate(regr_slope)] under regr_slope; prior registration was null
2024-05-05T02:26:25.102-04:00 DEBUG 14250 --- [deliveryapp] [           main] o.h.q.sqm.function.SqmFunctionRegistry   : Registered SqmFunctionTemplate [NamedSqmFunctionTemplate(regr_sxx)] under regr_sxx; prior registration was null
2024-05-05T02:26:25.102-04:00 DEBUG 14250 --- [deliveryapp] [           main] o.h.q.sqm.function.SqmFunctionRegistry   : Registered SqmFunctionTemplate [NamedSqmFunctionTemplate(regr_sxy)] under regr_sxy; prior registration was null
2024-05-05T02:26:25.102-04:00 DEBUG 14250 --- [deliveryapp] [           main] o.h.q.sqm.function.SqmFunctionRegistry   : Registered SqmFunctionTemplate [NamedSqmFunctionTemplate(regr_syy)] under regr_syy; prior registration was null
2024-05-05T02:26:25.102-04:00 DEBUG 14250 --- [deliveryapp] [           main] o.h.q.sqm.function.SqmFunctionRegistry   : Registered SqmFunctionTemplate [org.hibernate.dialect.function.LengthFunction@51fb5fe6] under length; prior registration was null
2024-05-05T02:26:25.102-04:00 DEBUG 14250 --- [deliveryapp] [           main] o.h.q.sqm.function.SqmFunctionRegistry   : Registering alternate key : character_length -> length
2024-05-05T02:26:25.102-04:00 DEBUG 14250 --- [deliveryapp] [           main] o.h.q.sqm.function.SqmFunctionRegistry   : Registered SqmFunctionTemplate [org.hibernate.dialect.function.LengthFunction@5ca4c88a] under octet_length; prior registration was null
2024-05-05T02:26:25.102-04:00 DEBUG 14250 --- [deliveryapp] [           main] o.h.q.sqm.function.SqmFunctionRegistry   : Registered SqmFunctionTemplate [org.hibernate.dialect.function.LengthFunction@1791e231] under bit_length; prior registration was null
2024-05-05T02:26:25.102-04:00 DEBUG 14250 --- [deliveryapp] [           main] o.h.q.sqm.function.SqmFunctionRegistry   : Registered SqmFunctionTemplate [NamedSqmFunctionTemplate(coalesce)] under coalesce; prior registration was NamedSqmFunctionTemplate(coalesce)
2024-05-05T02:26:25.102-04:00 DEBUG 14250 --- [deliveryapp] [           main] o.h.q.sqm.function.SqmFunctionRegistry   : Registered SqmFunctionTemplate [org.hibernate.query.sqm.function.MultipatternSqmFunctionDescriptor@3cb49121] under locate; prior registration was NamedSqmFunctionTemplate(locate)
2024-05-05T02:26:25.102-04:00 DEBUG 14250 --- [deliveryapp] [           main] o.h.q.sqm.function.SqmFunctionRegistry   : Registered SqmFunctionTemplate [org.hibernate.dialect.function.ListaggFunction@13f36d75] under listagg; prior registration was null
2024-05-05T02:26:25.102-04:00 DEBUG 14250 --- [deliveryapp] [           main] o.h.q.sqm.function.SqmFunctionRegistry   : Registered SqmFunctionTemplate [NamedSqmFunctionTemplate(row_number)] under row_number; prior registration was null
2024-05-05T02:26:25.102-04:00 DEBUG 14250 --- [deliveryapp] [           main] o.h.q.sqm.function.SqmFunctionRegistry   : Registered SqmFunctionTemplate [NamedSqmFunctionTemplate(lag)] under lag; prior registration was null
2024-05-05T02:26:25.103-04:00 DEBUG 14250 --- [deliveryapp] [           main] o.h.q.sqm.function.SqmFunctionRegistry   : Registered SqmFunctionTemplate [NamedSqmFunctionTemplate(lead)] under lead; prior registration was null
2024-05-05T02:26:25.103-04:00 DEBUG 14250 --- [deliveryapp] [           main] o.h.q.sqm.function.SqmFunctionRegistry   : Registered SqmFunctionTemplate [NamedSqmFunctionTemplate(first_value)] under first_value; prior registration was null
2024-05-05T02:26:25.103-04:00 DEBUG 14250 --- [deliveryapp] [           main] o.h.q.sqm.function.SqmFunctionRegistry   : Registered SqmFunctionTemplate [NamedSqmFunctionTemplate(last_value)] under last_value; prior registration was null
2024-05-05T02:26:25.103-04:00 DEBUG 14250 --- [deliveryapp] [           main] o.h.q.sqm.function.SqmFunctionRegistry   : Registered SqmFunctionTemplate [NamedSqmFunctionTemplate(nth_value)] under nth_value; prior registration was null
2024-05-05T02:26:25.103-04:00 DEBUG 14250 --- [deliveryapp] [           main] o.h.q.sqm.function.SqmFunctionRegistry   : Registered SqmFunctionTemplate [org.hibernate.dialect.function.HypotheticalSetFunction@a6fc1bc] under rank; prior registration was null
2024-05-05T02:26:25.103-04:00 DEBUG 14250 --- [deliveryapp] [           main] o.h.q.sqm.function.SqmFunctionRegistry   : Registered SqmFunctionTemplate [org.hibernate.dialect.function.HypotheticalSetFunction@5018b56b] under dense_rank; prior registration was null
2024-05-05T02:26:25.103-04:00 DEBUG 14250 --- [deliveryapp] [           main] o.h.q.sqm.function.SqmFunctionRegistry   : Registered SqmFunctionTemplate [org.hibernate.dialect.function.HypotheticalSetFunction@360a3106] under percent_rank; prior registration was null
2024-05-05T02:26:25.103-04:00 DEBUG 14250 --- [deliveryapp] [           main] o.h.q.sqm.function.SqmFunctionRegistry   : Registered SqmFunctionTemplate [org.hibernate.dialect.function.HypotheticalSetFunction@737ff5c4] under cume_dist; prior registration was null
2024-05-05T02:26:25.103-04:00 DEBUG 14250 --- [deliveryapp] [           main] o.h.q.sqm.function.SqmFunctionRegistry   : Registered SqmFunctionTemplate [org.hibernate.dialect.function.InverseDistributionFunction@5e05a706] under mode; prior registration was null
2024-05-05T02:26:25.103-04:00 DEBUG 14250 --- [deliveryapp] [           main] o.h.q.sqm.function.SqmFunctionRegistry   : Registered SqmFunctionTemplate [org.hibernate.dialect.function.InverseDistributionFunction@7831d1aa] under percentile_cont; prior registration was null
2024-05-05T02:26:25.103-04:00 DEBUG 14250 --- [deliveryapp] [           main] o.h.q.sqm.function.SqmFunctionRegistry   : Registered SqmFunctionTemplate [org.hibernate.dialect.function.InverseDistributionFunction@3a69014e] under percentile_disc; prior registration was null
2024-05-05T02:26:25.103-04:00 DEBUG 14250 --- [deliveryapp] [           main] o.h.q.sqm.function.SqmFunctionRegistry   : Registered SqmFunctionTemplate [org.hibernate.dialect.function.ModeStatsModeEmulation@50e1f3fc] under mode; prior registration was org.hibernate.dialect.function.InverseDistributionFunction@5e05a706
2024-05-05T02:26:25.105-04:00 DEBUG 14250 --- [deliveryapp] [           main] o.h.q.sqm.function.SqmFunctionRegistry   : Registered SqmFunctionTemplate [org.hibernate.dialect.function.OracleTruncFunction@1b36d248] under trunc; prior registration was null
2024-05-05T02:26:25.105-04:00 DEBUG 14250 --- [deliveryapp] [           main] o.h.q.sqm.function.SqmFunctionRegistry   : Registering alternate key : truncate -> trunc
2024-05-05T02:26:25.105-04:00 DEBUG 14250 --- [deliveryapp] [           main] o.h.q.sqm.function.SqmFunctionRegistry   : Registered SqmFunctionTemplate [org.hibernate.dialect.function.array.OracleArrayConstructorFunction@66dd04e2] under array; prior registration was null
2024-05-05T02:26:25.105-04:00 DEBUG 14250 --- [deliveryapp] [           main] o.h.q.sqm.function.SqmFunctionRegistry   : Registered SqmFunctionTemplate [org.hibernate.dialect.function.array.OracleArrayConstructorFunction@495e8a3] under array_list; prior registration was null
2024-05-05T02:26:25.106-04:00 DEBUG 14250 --- [deliveryapp] [           main] o.h.q.sqm.function.SqmFunctionRegistry   : Registered SqmFunctionTemplate [org.hibernate.dialect.function.array.OracleArrayAggEmulation@50e8ed74] under array_agg; prior registration was null
2024-05-05T02:26:25.107-04:00 DEBUG 14250 --- [deliveryapp] [           main] o.h.q.sqm.function.SqmFunctionRegistry   : Registered SqmFunctionTemplate [org.hibernate.dialect.function.array.OracleArrayPositionFunction@70421a08] under array_position; prior registration was null
2024-05-05T02:26:25.109-04:00 DEBUG 14250 --- [deliveryapp] [           main] o.h.q.sqm.function.SqmFunctionRegistry   : Registered SqmFunctionTemplate [org.hibernate.dialect.function.array.OracleArrayPositionsFunction@36a1fd20] under array_positions; prior registration was null
2024-05-05T02:26:25.110-04:00 DEBUG 14250 --- [deliveryapp] [           main] o.h.q.sqm.function.SqmFunctionRegistry   : Registered SqmFunctionTemplate [org.hibernate.dialect.function.array.OracleArrayPositionsFunction@6f80cf5] under array_positions_list; prior registration was null
2024-05-05T02:26:25.110-04:00 DEBUG 14250 --- [deliveryapp] [           main] o.h.q.sqm.function.SqmFunctionRegistry   : Registered SqmFunctionTemplate [org.hibernate.dialect.function.array.OracleArrayLengthFunction@57920d6c] under array_length; prior registration was null
2024-05-05T02:26:25.110-04:00 DEBUG 14250 --- [deliveryapp] [           main] o.h.q.sqm.function.SqmFunctionRegistry   : Registered SqmFunctionTemplate [org.hibernate.dialect.function.array.OracleArrayConcatFunction@4e20a985] under array_concat; prior registration was null
2024-05-05T02:26:25.110-04:00 DEBUG 14250 --- [deliveryapp] [           main] o.h.q.sqm.function.SqmFunctionRegistry   : Registered SqmFunctionTemplate [org.hibernate.dialect.function.array.OracleArrayConcatElementFunction@17332039] under array_prepend; prior registration was null
2024-05-05T02:26:25.110-04:00 DEBUG 14250 --- [deliveryapp] [           main] o.h.q.sqm.function.SqmFunctionRegistry   : Registered SqmFunctionTemplate [org.hibernate.dialect.function.array.OracleArrayConcatElementFunction@776e7dfb] under array_append; prior registration was null
2024-05-05T02:26:25.111-04:00 DEBUG 14250 --- [deliveryapp] [           main] o.h.q.sqm.function.SqmFunctionRegistry   : Registered SqmFunctionTemplate [org.hibernate.dialect.function.array.OracleArrayContainsFunction@6968bb65] under array_contains; prior registration was null
2024-05-05T02:26:25.111-04:00 DEBUG 14250 --- [deliveryapp] [           main] o.h.q.sqm.function.SqmFunctionRegistry   : Registered SqmFunctionTemplate [org.hibernate.dialect.function.array.OracleArrayContainsFunction@66682e8f] under array_contains_nullable; prior registration was null
2024-05-05T02:26:25.111-04:00 DEBUG 14250 --- [deliveryapp] [           main] o.h.q.sqm.function.SqmFunctionRegistry   : Registered SqmFunctionTemplate [org.hibernate.dialect.function.array.OracleArrayOverlapsFunction@4544ab46] under array_overlaps; prior registration was null
2024-05-05T02:26:25.111-04:00 DEBUG 14250 --- [deliveryapp] [           main] o.h.q.sqm.function.SqmFunctionRegistry   : Registered SqmFunctionTemplate [org.hibernate.dialect.function.array.OracleArrayOverlapsFunction@2052f095] under array_overlaps_nullable; prior registration was null
2024-05-05T02:26:25.111-04:00 DEBUG 14250 --- [deliveryapp] [           main] o.h.q.sqm.function.SqmFunctionRegistry   : Registered SqmFunctionTemplate [org.hibernate.dialect.function.array.OracleArrayGetFunction@37142579] under array_get; prior registration was null
2024-05-05T02:26:25.111-04:00 DEBUG 14250 --- [deliveryapp] [           main] o.h.q.sqm.function.SqmFunctionRegistry   : Registered SqmFunctionTemplate [org.hibernate.dialect.function.array.OracleArraySetFunction@4888d1ea] under array_set; prior registration was null
2024-05-05T02:26:25.112-04:00 DEBUG 14250 --- [deliveryapp] [           main] o.h.q.sqm.function.SqmFunctionRegistry   : Registered SqmFunctionTemplate [org.hibernate.dialect.function.array.OracleArrayRemoveFunction@1f19d423] under array_remove; prior registration was null
2024-05-05T02:26:25.112-04:00 DEBUG 14250 --- [deliveryapp] [           main] o.h.q.sqm.function.SqmFunctionRegistry   : Registered SqmFunctionTemplate [org.hibernate.dialect.function.array.OracleArrayRemoveIndexFunction@6fc28e5b] under array_remove_index; prior registration was null
2024-05-05T02:26:25.112-04:00 DEBUG 14250 --- [deliveryapp] [           main] o.h.q.sqm.function.SqmFunctionRegistry   : Registered SqmFunctionTemplate [org.hibernate.dialect.function.array.OracleArraySliceFunction@46fa2a7e] under array_slice; prior registration was null
2024-05-05T02:26:25.112-04:00 DEBUG 14250 --- [deliveryapp] [           main] o.h.q.sqm.function.SqmFunctionRegistry   : Registered SqmFunctionTemplate [org.hibernate.dialect.function.array.OracleArrayReplaceFunction@53079ae6] under array_replace; prior registration was null
2024-05-05T02:26:25.112-04:00 DEBUG 14250 --- [deliveryapp] [           main] o.h.q.sqm.function.SqmFunctionRegistry   : Registered SqmFunctionTemplate [org.hibernate.dialect.function.array.OracleArrayTrimFunction@7a8b7e11] under array_trim; prior registration was null
2024-05-05T02:26:25.112-04:00 DEBUG 14250 --- [deliveryapp] [           main] o.h.q.sqm.function.SqmFunctionRegistry   : Registered SqmFunctionTemplate [org.hibernate.dialect.function.array.OracleArrayFillFunction@36ecf9f6] under array_fill; prior registration was null
2024-05-05T02:26:25.113-04:00 DEBUG 14250 --- [deliveryapp] [           main] o.h.q.sqm.function.SqmFunctionRegistry   : Registered SqmFunctionTemplate [org.hibernate.dialect.function.array.OracleArrayFillFunction@104bc677] under array_fill_list; prior registration was null
2024-05-05T02:26:25.113-04:00 DEBUG 14250 --- [deliveryapp] [           main] o.h.q.sqm.function.SqmFunctionRegistry   : Registered SqmFunctionTemplate [org.hibernate.dialect.function.array.OracleArrayToStringFunction@11ce9319] under array_to_string; prior registration was null
2024-05-05T02:26:25.113-04:00 DEBUG 14250 --- [deliveryapp] [           main] org.hibernate.HQL_FUNCTIONS              : abs(NUMERIC arg)
2024-05-05T02:26:25.113-04:00 DEBUG 14250 --- [deliveryapp] [           main] org.hibernate.HQL_FUNCTIONS              : Double acos(NUMERIC arg)
2024-05-05T02:26:25.113-04:00 DEBUG 14250 --- [deliveryapp] [           main] org.hibernate.HQL_FUNCTIONS              : add_months(DATE datetime, INTEGER months)
2024-05-05T02:26:25.113-04:00 DEBUG 14250 --- [deliveryapp] [           main] org.hibernate.HQL_FUNCTIONS              : Boolean any(BOOLEAN arg)
2024-05-05T02:26:25.113-04:00 DEBUG 14250 --- [deliveryapp] [           main] org.hibernate.HQL_FUNCTIONS              : array( ... )
2024-05-05T02:26:25.113-04:00 DEBUG 14250 --- [deliveryapp] [           main] org.hibernate.HQL_FUNCTIONS              : array_agg(arg)
2024-05-05T02:26:25.113-04:00 DEBUG 14250 --- [deliveryapp] [           main] org.hibernate.HQL_FUNCTIONS              : array_append( ... )
2024-05-05T02:26:25.113-04:00 DEBUG 14250 --- [deliveryapp] [           main] org.hibernate.HQL_FUNCTIONS              : array_concat( ... )
2024-05-05T02:26:25.113-04:00 DEBUG 14250 --- [deliveryapp] [           main] org.hibernate.HQL_FUNCTIONS              : Boolean array_contains(ARRAY haystackArray, OBJECT needleElementOrArray)
2024-05-05T02:26:25.113-04:00 DEBUG 14250 --- [deliveryapp] [           main] org.hibernate.HQL_FUNCTIONS              : Boolean array_contains_nullable(ARRAY haystackArray, OBJECT needleElementOrArray)
2024-05-05T02:26:25.113-04:00 DEBUG 14250 --- [deliveryapp] [           main] org.hibernate.HQL_FUNCTIONS              : array_fill(OBJECT element, INTEGER elementCount)
2024-05-05T02:26:25.113-04:00 DEBUG 14250 --- [deliveryapp] [           main] org.hibernate.HQL_FUNCTIONS              : array_fill_list(OBJECT element, INTEGER elementCount)
2024-05-05T02:26:25.113-04:00 DEBUG 14250 --- [deliveryapp] [           main] org.hibernate.HQL_FUNCTIONS              : array_get( ... )
2024-05-05T02:26:25.113-04:00 DEBUG 14250 --- [deliveryapp] [           main] org.hibernate.HQL_FUNCTIONS              : Integer array_length(ARRAY array)
2024-05-05T02:26:25.113-04:00 DEBUG 14250 --- [deliveryapp] [           main] org.hibernate.HQL_FUNCTIONS              : array_list( ... )
2024-05-05T02:26:25.113-04:00 DEBUG 14250 --- [deliveryapp] [           main] org.hibernate.HQL_FUNCTIONS              : Boolean array_overlaps(ARRAY array0, OBJECT array1)
2024-05-05T02:26:25.113-04:00 DEBUG 14250 --- [deliveryapp] [           main] org.hibernate.HQL_FUNCTIONS              : Boolean array_overlaps_nullable(ARRAY array0, OBJECT array1)
2024-05-05T02:26:25.114-04:00 DEBUG 14250 --- [deliveryapp] [           main] org.hibernate.HQL_FUNCTIONS              : Integer array_position(ARRAY array, OBJECT element[, INTEGER startPosition])
2024-05-05T02:26:25.114-04:00 DEBUG 14250 --- [deliveryapp] [           main] org.hibernate.HQL_FUNCTIONS              : int[] array_positions(ARRAY array, OBJECT element)
2024-05-05T02:26:25.114-04:00 DEBUG 14250 --- [deliveryapp] [           main] org.hibernate.HQL_FUNCTIONS              : List array_positions_list(ARRAY array, OBJECT element)
2024-05-05T02:26:25.114-04:00 DEBUG 14250 --- [deliveryapp] [           main] org.hibernate.HQL_FUNCTIONS              : array_prepend( ... )
2024-05-05T02:26:25.114-04:00 DEBUG 14250 --- [deliveryapp] [           main] org.hibernate.HQL_FUNCTIONS              : array_remove( ... )
2024-05-05T02:26:25.114-04:00 DEBUG 14250 --- [deliveryapp] [           main] org.hibernate.HQL_FUNCTIONS              : array_remove_index( ... )
2024-05-05T02:26:25.114-04:00 DEBUG 14250 --- [deliveryapp] [           main] org.hibernate.HQL_FUNCTIONS              : array_replace( ... )
2024-05-05T02:26:25.114-04:00 DEBUG 14250 --- [deliveryapp] [           main] org.hibernate.HQL_FUNCTIONS              : array_set( ... )
2024-05-05T02:26:25.114-04:00 DEBUG 14250 --- [deliveryapp] [           main] org.hibernate.HQL_FUNCTIONS              : array_slice( ... )
2024-05-05T02:26:25.114-04:00 DEBUG 14250 --- [deliveryapp] [           main] org.hibernate.HQL_FUNCTIONS              : String array_to_string( ... )
2024-05-05T02:26:25.114-04:00 DEBUG 14250 --- [deliveryapp] [           main] org.hibernate.HQL_FUNCTIONS              : array_trim( ... )
2024-05-05T02:26:25.114-04:00 DEBUG 14250 --- [deliveryapp] [           main] org.hibernate.HQL_FUNCTIONS              : Integer ascii(STRING arg)
2024-05-05T02:26:25.114-04:00 DEBUG 14250 --- [deliveryapp] [           main] org.hibernate.HQL_FUNCTIONS              : Double asin(NUMERIC arg)
2024-05-05T02:26:25.114-04:00 DEBUG 14250 --- [deliveryapp] [           main] org.hibernate.HQL_FUNCTIONS              : Double atan(NUMERIC arg)
2024-05-05T02:26:25.114-04:00 DEBUG 14250 --- [deliveryapp] [           main] org.hibernate.HQL_FUNCTIONS              : Double atan2(NUMERIC arg0, NUMERIC arg1)
2024-05-05T02:26:25.114-04:00 DEBUG 14250 --- [deliveryapp] [           main] org.hibernate.HQL_FUNCTIONS              : avg(arg)
2024-05-05T02:26:25.114-04:00 DEBUG 14250 --- [deliveryapp] [           main] org.hibernate.HQL_FUNCTIONS              : Integer bit_length(STRING_OR_CLOB arg)
2024-05-05T02:26:25.114-04:00 DEBUG 14250 --- [deliveryapp] [           main] org.hibernate.HQL_FUNCTIONS              : bitand(arg0, arg1)
2024-05-05T02:26:25.114-04:00 DEBUG 14250 --- [deliveryapp] [           main] org.hibernate.HQL_FUNCTIONS              : cast(arg as Type)
2024-05-05T02:26:25.114-04:00 DEBUG 14250 --- [deliveryapp] [           main] org.hibernate.HQL_FUNCTIONS              : ceil(NUMERIC arg)
2024-05-05T02:26:25.114-04:00 DEBUG 14250 --- [deliveryapp] [           main] org.hibernate.HQL_FUNCTIONS              : ceiling(NUMERIC arg)
2024-05-05T02:26:25.114-04:00 DEBUG 14250 --- [deliveryapp] [           main] org.hibernate.HQL_FUNCTIONS              : Character char(INTEGER arg)
2024-05-05T02:26:25.114-04:00 DEBUG 14250 --- [deliveryapp] [           main] org.hibernate.HQL_FUNCTIONS              : Integer character_length(STRING_OR_CLOB arg)
2024-05-05T02:26:25.114-04:00 DEBUG 14250 --- [deliveryapp] [           main] org.hibernate.HQL_FUNCTIONS              : Character chr(INTEGER arg)
2024-05-05T02:26:25.114-04:00 DEBUG 14250 --- [deliveryapp] [           main] org.hibernate.HQL_FUNCTIONS              : coalesce(arg0[, arg1[, ...]])
2024-05-05T02:26:25.114-04:00 DEBUG 14250 --- [deliveryapp] [           main] org.hibernate.HQL_FUNCTIONS              : String collate(STRING string as COLLATION collation)
2024-05-05T02:26:25.114-04:00 DEBUG 14250 --- [deliveryapp] [           main] org.hibernate.HQL_FUNCTIONS              : String concat(STRING string0[, STRING string1[, ...]])
2024-05-05T02:26:25.114-04:00 DEBUG 14250 --- [deliveryapp] [           main] org.hibernate.HQL_FUNCTIONS              : Double corr(NUMERIC arg0, NUMERIC arg1)
2024-05-05T02:26:25.114-04:00 DEBUG 14250 --- [deliveryapp] [           main] org.hibernate.HQL_FUNCTIONS              : Double cos(NUMERIC arg)
2024-05-05T02:26:25.114-04:00 DEBUG 14250 --- [deliveryapp] [           main] org.hibernate.HQL_FUNCTIONS              : Double cosh(NUMERIC arg)
2024-05-05T02:26:25.114-04:00 DEBUG 14250 --- [deliveryapp] [           main] org.hibernate.HQL_FUNCTIONS              : Long count([distinct ]{arg|*})
2024-05-05T02:26:25.114-04:00 DEBUG 14250 --- [deliveryapp] [           main] org.hibernate.HQL_FUNCTIONS              : Double covar_pop(NUMERIC arg0, NUMERIC arg1)
2024-05-05T02:26:25.114-04:00 DEBUG 14250 --- [deliveryapp] [           main] org.hibernate.HQL_FUNCTIONS              : Double covar_samp(NUMERIC arg0, NUMERIC arg1)
2024-05-05T02:26:25.114-04:00 DEBUG 14250 --- [deliveryapp] [           main] org.hibernate.HQL_FUNCTIONS              : Double cume_dist([arg0[, ...]])
2024-05-05T02:26:25.114-04:00 DEBUG 14250 --- [deliveryapp] [           main] org.hibernate.HQL_FUNCTIONS              : Date current date
2024-05-05T02:26:25.114-04:00 DEBUG 14250 --- [deliveryapp] [           main] org.hibernate.HQL_FUNCTIONS              : Time current time
2024-05-05T02:26:25.114-04:00 DEBUG 14250 --- [deliveryapp] [           main] org.hibernate.HQL_FUNCTIONS              : Timestamp current timestamp
2024-05-05T02:26:25.114-04:00 DEBUG 14250 --- [deliveryapp] [           main] org.hibernate.HQL_FUNCTIONS              : Date current_date
2024-05-05T02:26:25.114-04:00 DEBUG 14250 --- [deliveryapp] [           main] org.hibernate.HQL_FUNCTIONS              : Instant current_instant
2024-05-05T02:26:25.114-04:00 DEBUG 14250 --- [deliveryapp] [           main] org.hibernate.HQL_FUNCTIONS              : Time current_time
2024-05-05T02:26:25.114-04:00 DEBUG 14250 --- [deliveryapp] [           main] org.hibernate.HQL_FUNCTIONS              : Timestamp current_timestamp
2024-05-05T02:26:25.114-04:00 DEBUG 14250 --- [deliveryapp] [           main] org.hibernate.HQL_FUNCTIONS              : dateadd(TEMPORAL_UNIT field, INTEGER magnitude, TEMPORAL datetime)
2024-05-05T02:26:25.114-04:00 DEBUG 14250 --- [deliveryapp] [           main] org.hibernate.HQL_FUNCTIONS              : basicType@2(java.lang.Long,-5)|basicType@15(java.lang.Double,8) datediff(TEMPORAL_UNIT field, TEMPORAL start, TEMPORAL end)
2024-05-05T02:26:25.114-04:00 DEBUG 14250 --- [deliveryapp] [           main] org.hibernate.HQL_FUNCTIONS              : Double degrees(NUMERIC arg)
2024-05-05T02:26:25.114-04:00 DEBUG 14250 --- [deliveryapp] [           main] org.hibernate.HQL_FUNCTIONS              : Long dense_rank([arg0[, ...]])
2024-05-05T02:26:25.114-04:00 DEBUG 14250 --- [deliveryapp] [           main] org.hibernate.HQL_FUNCTIONS              : Boolean every(BOOLEAN arg)
2024-05-05T02:26:25.114-04:00 DEBUG 14250 --- [deliveryapp] [           main] org.hibernate.HQL_FUNCTIONS              : Double exp(NUMERIC arg)
2024-05-05T02:26:25.114-04:00 DEBUG 14250 --- [deliveryapp] [           main] org.hibernate.HQL_FUNCTIONS              : extract(TEMPORAL_UNIT field from TEMPORAL arg)
2024-05-05T02:26:25.114-04:00 DEBUG 14250 --- [deliveryapp] [           main] org.hibernate.HQL_FUNCTIONS              : first_valueANY value
2024-05-05T02:26:25.114-04:00 DEBUG 14250 --- [deliveryapp] [           main] org.hibernate.HQL_FUNCTIONS              : floor(NUMERIC arg)
2024-05-05T02:26:25.114-04:00 DEBUG 14250 --- [deliveryapp] [           main] org.hibernate.HQL_FUNCTIONS              : String format(TEMPORAL datetime as STRING pattern)
2024-05-05T02:26:25.114-04:00 DEBUG 14250 --- [deliveryapp] [           main] org.hibernate.HQL_FUNCTIONS              : greatest(COMPARABLE arg0, COMPARABLE arg1[, arg2[, ...]])
2024-05-05T02:26:25.114-04:00 DEBUG 14250 --- [deliveryapp] [           main] org.hibernate.HQL_FUNCTIONS              : ifnull(arg0, arg1)
2024-05-05T02:26:25.114-04:00 DEBUG 14250 --- [deliveryapp] [           main] org.hibernate.HQL_FUNCTIONS              : String initcap(arg)
2024-05-05T02:26:25.114-04:00 DEBUG 14250 --- [deliveryapp] [           main] org.hibernate.HQL_FUNCTIONS              : Instant instant
2024-05-05T02:26:25.114-04:00 DEBUG 14250 --- [deliveryapp] [           main] org.hibernate.HQL_FUNCTIONS              : Integer instr(STRING string, STRING pattern[, INTEGER start[, INTEGER occurrence]])
2024-05-05T02:26:25.114-04:00 DEBUG 14250 --- [deliveryapp] [           main] org.hibernate.HQL_FUNCTIONS              : lagANY value[, INTEGER offset[, ANY default]]
2024-05-05T02:26:25.114-04:00 DEBUG 14250 --- [deliveryapp] [           main] org.hibernate.HQL_FUNCTIONS              : Date last_day(DATE arg)
2024-05-05T02:26:25.114-04:00 DEBUG 14250 --- [deliveryapp] [           main] org.hibernate.HQL_FUNCTIONS              : last_valueANY value
2024-05-05T02:26:25.114-04:00 DEBUG 14250 --- [deliveryapp] [           main] org.hibernate.HQL_FUNCTIONS              : leadANY value[, INTEGER offset[, ANY default]]
2024-05-05T02:26:25.114-04:00 DEBUG 14250 --- [deliveryapp] [           main] org.hibernate.HQL_FUNCTIONS              : least(COMPARABLE arg0, COMPARABLE arg1[, arg2[, ...]])
2024-05-05T02:26:25.114-04:00 DEBUG 14250 --- [deliveryapp] [           main] org.hibernate.HQL_FUNCTIONS              : String left(STRING string, INTEGER length)
2024-05-05T02:26:25.114-04:00 DEBUG 14250 --- [deliveryapp] [           main] org.hibernate.HQL_FUNCTIONS              : Integer length(STRING_OR_CLOB arg)
2024-05-05T02:26:25.114-04:00 DEBUG 14250 --- [deliveryapp] [           main] org.hibernate.HQL_FUNCTIONS              : String listagg(STRING arg0, STRING arg1)
2024-05-05T02:26:25.114-04:00 DEBUG 14250 --- [deliveryapp] [           main] org.hibernate.HQL_FUNCTIONS              : Double ln(NUMERIC arg)
2024-05-05T02:26:25.114-04:00 DEBUG 14250 --- [deliveryapp] [           main] org.hibernate.HQL_FUNCTIONS              : LocalDate local date
2024-05-05T02:26:25.114-04:00 DEBUG 14250 --- [deliveryapp] [           main] org.hibernate.HQL_FUNCTIONS              : LocalDateTime local datetime
2024-05-05T02:26:25.114-04:00 DEBUG 14250 --- [deliveryapp] [           main] org.hibernate.HQL_FUNCTIONS              : LocalTime local time
2024-05-05T02:26:25.115-04:00 DEBUG 14250 --- [deliveryapp] [           main] org.hibernate.HQL_FUNCTIONS              : LocalDate local_date
2024-05-05T02:26:25.115-04:00 DEBUG 14250 --- [deliveryapp] [           main] org.hibernate.HQL_FUNCTIONS              : LocalDateTime local_datetime
2024-05-05T02:26:25.115-04:00 DEBUG 14250 --- [deliveryapp] [           main] org.hibernate.HQL_FUNCTIONS              : LocalTime local_time
2024-05-05T02:26:25.115-04:00 DEBUG 14250 --- [deliveryapp] [           main] org.hibernate.HQL_FUNCTIONS              : Integer locate(pattern, string[, start])
2024-05-05T02:26:25.115-04:00 DEBUG 14250 --- [deliveryapp] [           main] org.hibernate.HQL_FUNCTIONS              : Double log(NUMERIC arg0[, NUMERIC arg1])
2024-05-05T02:26:25.115-04:00 DEBUG 14250 --- [deliveryapp] [           main] org.hibernate.HQL_FUNCTIONS              : Double log10(NUMERIC arg)
2024-05-05T02:26:25.115-04:00 DEBUG 14250 --- [deliveryapp] [           main] org.hibernate.HQL_FUNCTIONS              : String lower(STRING string)
2024-05-05T02:26:25.115-04:00 DEBUG 14250 --- [deliveryapp] [           main] org.hibernate.HQL_FUNCTIONS              : String lpad(STRING string, INTEGER length[, STRING padding])
2024-05-05T02:26:25.115-04:00 DEBUG 14250 --- [deliveryapp] [           main] org.hibernate.HQL_FUNCTIONS              : String ltrim(STRING string[, STRING characters])
2024-05-05T02:26:25.115-04:00 DEBUG 14250 --- [deliveryapp] [           main] org.hibernate.HQL_FUNCTIONS              : max(COMPARABLE arg)
2024-05-05T02:26:25.115-04:00 DEBUG 14250 --- [deliveryapp] [           main] org.hibernate.HQL_FUNCTIONS              : Double median(NUMERIC arg)
2024-05-05T02:26:25.115-04:00 DEBUG 14250 --- [deliveryapp] [           main] org.hibernate.HQL_FUNCTIONS              : min(COMPARABLE arg)
2024-05-05T02:26:25.115-04:00 DEBUG 14250 --- [deliveryapp] [           main] org.hibernate.HQL_FUNCTIONS              : Integer mod(INTEGER arg0, INTEGER arg1)
2024-05-05T02:26:25.115-04:00 DEBUG 14250 --- [deliveryapp] [           main] org.hibernate.HQL_FUNCTIONS              : mode()
2024-05-05T02:26:25.115-04:00 DEBUG 14250 --- [deliveryapp] [           main] org.hibernate.HQL_FUNCTIONS              : Integer months_between(DATE end, DATE start)
2024-05-05T02:26:25.115-04:00 DEBUG 14250 --- [deliveryapp] [           main] org.hibernate.HQL_FUNCTIONS              : nth_valueANY value, INTEGER nth
2024-05-05T02:26:25.115-04:00 DEBUG 14250 --- [deliveryapp] [           main] org.hibernate.HQL_FUNCTIONS              : nullif(arg0, arg1)
2024-05-05T02:26:25.115-04:00 DEBUG 14250 --- [deliveryapp] [           main] org.hibernate.HQL_FUNCTIONS              : Integer octet_length(STRING_OR_CLOB arg)
2024-05-05T02:26:25.115-04:00 DEBUG 14250 --- [deliveryapp] [           main] org.hibernate.HQL_FUNCTIONS              : OffsetDateTime offset datetime
2024-05-05T02:26:25.115-04:00 DEBUG 14250 --- [deliveryapp] [           main] org.hibernate.HQL_FUNCTIONS              : OffsetDateTime offset_datetime
2024-05-05T02:26:25.115-04:00 DEBUG 14250 --- [deliveryapp] [           main] org.hibernate.HQL_FUNCTIONS              : String overlay(STRING string placing STRING replacement from INTEGER start[ for INTEGER length])
2024-05-05T02:26:25.115-04:00 DEBUG 14250 --- [deliveryapp] [           main] org.hibernate.HQL_FUNCTIONS              : String pad(STRING string with INTEGER length {leading|trailing}[ STRING character])
2024-05-05T02:26:25.115-04:00 DEBUG 14250 --- [deliveryapp] [           main] org.hibernate.HQL_FUNCTIONS              : Double percent_rank([arg0[, ...]])
2024-05-05T02:26:25.115-04:00 DEBUG 14250 --- [deliveryapp] [           main] org.hibernate.HQL_FUNCTIONS              : percentile_cont(NUMERIC arg)
2024-05-05T02:26:25.115-04:00 DEBUG 14250 --- [deliveryapp] [           main] org.hibernate.HQL_FUNCTIONS              : percentile_disc(NUMERIC arg)
2024-05-05T02:26:25.115-04:00 DEBUG 14250 --- [deliveryapp] [           main] org.hibernate.HQL_FUNCTIONS              : Double pi
2024-05-05T02:26:25.115-04:00 DEBUG 14250 --- [deliveryapp] [           main] org.hibernate.HQL_FUNCTIONS              : Integer position(STRING pattern in STRING string)
2024-05-05T02:26:25.115-04:00 DEBUG 14250 --- [deliveryapp] [           main] org.hibernate.HQL_FUNCTIONS              : Double power(NUMERIC arg0, NUMERIC arg1)
2024-05-05T02:26:25.115-04:00 DEBUG 14250 --- [deliveryapp] [           main] org.hibernate.HQL_FUNCTIONS              : Double radians(NUMERIC arg)
2024-05-05T02:26:25.115-04:00 DEBUG 14250 --- [deliveryapp] [           main] org.hibernate.HQL_FUNCTIONS              : Long rank([arg0[, ...]])
2024-05-05T02:26:25.115-04:00 DEBUG 14250 --- [deliveryapp] [           main] org.hibernate.HQL_FUNCTIONS              : Double regr_avgx(NUMERIC arg0, NUMERIC arg1)
2024-05-05T02:26:25.115-04:00 DEBUG 14250 --- [deliveryapp] [           main] org.hibernate.HQL_FUNCTIONS              : Double regr_avgy(NUMERIC arg0, NUMERIC arg1)
2024-05-05T02:26:25.115-04:00 DEBUG 14250 --- [deliveryapp] [           main] org.hibernate.HQL_FUNCTIONS              : Double regr_count(NUMERIC arg0, NUMERIC arg1)
2024-05-05T02:26:25.115-04:00 DEBUG 14250 --- [deliveryapp] [           main] org.hibernate.HQL_FUNCTIONS              : Double regr_intercept(NUMERIC arg0, NUMERIC arg1)
2024-05-05T02:26:25.115-04:00 DEBUG 14250 --- [deliveryapp] [           main] org.hibernate.HQL_FUNCTIONS              : Double regr_r2(NUMERIC arg0, NUMERIC arg1)
2024-05-05T02:26:25.115-04:00 DEBUG 14250 --- [deliveryapp] [           main] org.hibernate.HQL_FUNCTIONS              : Double regr_slope(NUMERIC arg0, NUMERIC arg1)
2024-05-05T02:26:25.115-04:00 DEBUG 14250 --- [deliveryapp] [           main] org.hibernate.HQL_FUNCTIONS              : Double regr_sxx(NUMERIC arg0, NUMERIC arg1)
2024-05-05T02:26:25.115-04:00 DEBUG 14250 --- [deliveryapp] [           main] org.hibernate.HQL_FUNCTIONS              : Double regr_sxy(NUMERIC arg0, NUMERIC arg1)
2024-05-05T02:26:25.115-04:00 DEBUG 14250 --- [deliveryapp] [           main] org.hibernate.HQL_FUNCTIONS              : Double regr_syy(NUMERIC arg0, NUMERIC arg1)
2024-05-05T02:26:25.115-04:00 DEBUG 14250 --- [deliveryapp] [           main] org.hibernate.HQL_FUNCTIONS              : String repeat(STRING string, INTEGER times)
2024-05-05T02:26:25.115-04:00 DEBUG 14250 --- [deliveryapp] [           main] org.hibernate.HQL_FUNCTIONS              : String replace(STRING string, STRING pattern, STRING replacement)
2024-05-05T02:26:25.115-04:00 DEBUG 14250 --- [deliveryapp] [           main] org.hibernate.HQL_FUNCTIONS              : String right(STRING string, INTEGER length)
2024-05-05T02:26:25.115-04:00 DEBUG 14250 --- [deliveryapp] [           main] org.hibernate.HQL_FUNCTIONS              : round(NUMERIC number[, INTEGER places])
2024-05-05T02:26:25.115-04:00 DEBUG 14250 --- [deliveryapp] [           main] org.hibernate.HQL_FUNCTIONS              : Long row_number()
2024-05-05T02:26:25.115-04:00 DEBUG 14250 --- [deliveryapp] [           main] org.hibernate.HQL_FUNCTIONS              : Long rowid
2024-05-05T02:26:25.115-04:00 DEBUG 14250 --- [deliveryapp] [           main] org.hibernate.HQL_FUNCTIONS              : Long rownum
2024-05-05T02:26:25.115-04:00 DEBUG 14250 --- [deliveryapp] [           main] org.hibernate.HQL_FUNCTIONS              : String rpad(STRING string, INTEGER length[, STRING padding])
2024-05-05T02:26:25.115-04:00 DEBUG 14250 --- [deliveryapp] [           main] org.hibernate.HQL_FUNCTIONS              : String rtrim(STRING string[, STRING characters])
2024-05-05T02:26:25.115-04:00 DEBUG 14250 --- [deliveryapp] [           main] org.hibernate.HQL_FUNCTIONS              : Integer sign(NUMERIC arg)
2024-05-05T02:26:25.115-04:00 DEBUG 14250 --- [deliveryapp] [           main] org.hibernate.HQL_FUNCTIONS              : Double sin(NUMERIC arg)
2024-05-05T02:26:25.115-04:00 DEBUG 14250 --- [deliveryapp] [           main] org.hibernate.HQL_FUNCTIONS              : Double sinh(NUMERIC arg)
2024-05-05T02:26:25.115-04:00 DEBUG 14250 --- [deliveryapp] [           main] org.hibernate.HQL_FUNCTIONS              : String soundex(arg)
2024-05-05T02:26:25.115-04:00 DEBUG 14250 --- [deliveryapp] [           main] org.hibernate.HQL_FUNCTIONS              : Object sql
2024-05-05T02:26:25.115-04:00 DEBUG 14250 --- [deliveryapp] [           main] org.hibernate.HQL_FUNCTIONS              : Double sqrt(NUMERIC arg)
2024-05-05T02:26:25.115-04:00 DEBUG 14250 --- [deliveryapp] [           main] org.hibernate.HQL_FUNCTIONS              : Double stddev(NUMERIC arg)
2024-05-05T02:26:25.115-04:00 DEBUG 14250 --- [deliveryapp] [           main] org.hibernate.HQL_FUNCTIONS              : Double stddev_pop(NUMERIC arg)
2024-05-05T02:26:25.115-04:00 DEBUG 14250 --- [deliveryapp] [           main] org.hibernate.HQL_FUNCTIONS              : Double stddev_samp(NUMERIC arg)
2024-05-05T02:26:25.115-04:00 DEBUG 14250 --- [deliveryapp] [           main] org.hibernate.HQL_FUNCTIONS              : String str(arg)
2024-05-05T02:26:25.115-04:00 DEBUG 14250 --- [deliveryapp] [           main] org.hibernate.HQL_FUNCTIONS              : String substr(STRING string, INTEGER start[, INTEGER length])
2024-05-05T02:26:25.115-04:00 DEBUG 14250 --- [deliveryapp] [           main] org.hibernate.HQL_FUNCTIONS              : String substring(STRING string{ from|,} INTEGER start[{ for|,} INTEGER length])
2024-05-05T02:26:25.115-04:00 DEBUG 14250 --- [deliveryapp] [           main] org.hibernate.HQL_FUNCTIONS              : sum(arg)
2024-05-05T02:26:25.115-04:00 DEBUG 14250 --- [deliveryapp] [           main] org.hibernate.HQL_FUNCTIONS              : Timestamp sysdate
2024-05-05T02:26:25.115-04:00 DEBUG 14250 --- [deliveryapp] [           main] org.hibernate.HQL_FUNCTIONS              : Timestamp systimestamp
2024-05-05T02:26:25.115-04:00 DEBUG 14250 --- [deliveryapp] [           main] org.hibernate.HQL_FUNCTIONS              : Double tan(NUMERIC arg)
2024-05-05T02:26:25.115-04:00 DEBUG 14250 --- [deliveryapp] [           main] org.hibernate.HQL_FUNCTIONS              : Double tanh(NUMERIC arg)
2024-05-05T02:26:25.115-04:00 DEBUG 14250 --- [deliveryapp] [           main] org.hibernate.HQL_FUNCTIONS              : timestampadd(TEMPORAL_UNIT field, INTEGER magnitude, TEMPORAL datetime)
2024-05-05T02:26:25.115-04:00 DEBUG 14250 --- [deliveryapp] [           main] org.hibernate.HQL_FUNCTIONS              : basicType@2(java.lang.Long,-5)|basicType@15(java.lang.Double,8) timestampdiff(TEMPORAL_UNIT field, TEMPORAL start, TEMPORAL end)
2024-05-05T02:26:25.115-04:00 DEBUG 14250 --- [deliveryapp] [           main] org.hibernate.HQL_FUNCTIONS              : String to_char(ANY arg0[, STRING arg1, STRING arg2])
2024-05-05T02:26:25.115-04:00 DEBUG 14250 --- [deliveryapp] [           main] org.hibernate.HQL_FUNCTIONS              : Date to_date(STRING arg0[, STRING arg1, STRING arg2])
2024-05-05T02:26:25.115-04:00 DEBUG 14250 --- [deliveryapp] [           main] org.hibernate.HQL_FUNCTIONS              : Double to_number(STRING arg0[, STRING arg1, STRING arg2])
2024-05-05T02:26:25.115-04:00 DEBUG 14250 --- [deliveryapp] [           main] org.hibernate.HQL_FUNCTIONS              : Timestamp to_timestamp(STRING arg0[, STRING arg1, STRING arg2])
2024-05-05T02:26:25.115-04:00 DEBUG 14250 --- [deliveryapp] [           main] org.hibernate.HQL_FUNCTIONS              : String translate(STRING arg0, STRING arg1, STRING arg2)
2024-05-05T02:26:25.115-04:00 DEBUG 14250 --- [deliveryapp] [           main] org.hibernate.HQL_FUNCTIONS              : String trim([[{leading|trailing|both} ][STRING arg0 ]from] STRING arg1)
2024-05-05T02:26:25.115-04:00 DEBUG 14250 --- [deliveryapp] [           main] org.hibernate.HQL_FUNCTIONS              : trunc( ... )
2024-05-05T02:26:25.115-04:00 DEBUG 14250 --- [deliveryapp] [           main] org.hibernate.HQL_FUNCTIONS              : truncate( ... )
2024-05-05T02:26:25.115-04:00 DEBUG 14250 --- [deliveryapp] [           main] org.hibernate.HQL_FUNCTIONS              : String upper(STRING string)
2024-05-05T02:26:25.115-04:00 DEBUG 14250 --- [deliveryapp] [           main] org.hibernate.HQL_FUNCTIONS              : Double var_pop(NUMERIC arg)
2024-05-05T02:26:25.115-04:00 DEBUG 14250 --- [deliveryapp] [           main] org.hibernate.HQL_FUNCTIONS              : Double var_samp(NUMERIC arg)
2024-05-05T02:26:25.115-04:00 DEBUG 14250 --- [deliveryapp] [           main] org.hibernate.HQL_FUNCTIONS              : Double variance(NUMERIC arg)
2024-05-05T02:26:25.118-04:00 DEBUG 14250 --- [deliveryapp] [           main] org.hibernate.orm.query.plan.cache       : Starting QueryInterpretationCache(2048)
2024-05-05T02:26:25.155-04:00 DEBUG 14250 --- [deliveryapp] [           main] .h.s.i.SessionFactoryServiceRegistryImpl : EventListenerRegistry access via ServiceRegistry is deprecated.  Use `sessionFactory.getEventEngine().getListenerRegistry()` instead
2024-05-05T02:26:25.155-04:00 DEBUG 14250 --- [deliveryapp] [           main] h.e.i.EntityCopyObserverFactoryInitiator : Configured EntityCopyObserver strategy: disallow
2024-05-05T02:26:25.197-04:00 DEBUG 14250 --- [deliveryapp] [           main] org.hibernate.ormbytecode.interceptor    : To-one property `com.example.DeliveryApp.model.Rol#usuario` was mapped with LAZY + NO_PROXY but the class was not enhanced
2024-05-05T02:26:25.197-04:00 DEBUG 14250 --- [deliveryapp] [           main] org.hibernate.ormbytecode.interceptor    : To-one property `com.example.DeliveryApp.model.Rol#usuario` was mapped with LAZY + NO_PROXY but the class was not enhanced
2024-05-05T02:26:25.197-04:00 DEBUG 14250 --- [deliveryapp] [           main] o.h.boot.internal.ClassLoaderAccessImpl  : Not known whether passed class name [com.example.DeliveryApp.model.Rol] is safe
2024-05-05T02:26:25.197-04:00 DEBUG 14250 --- [deliveryapp] [           main] o.h.boot.internal.ClassLoaderAccessImpl  : No temp ClassLoader provided; using live ClassLoader for loading potentially unsafe class : com.example.DeliveryApp.model.Rol
2024-05-05T02:26:25.287-04:00 DEBUG 14250 --- [deliveryapp] [           main] o.h.b.i.bytebuddy.BytecodeProviderImpl   : HHH000513: Unable to create the ReflectionOptimizer for [com.example.DeliveryApp.model.Rol]: private accessor [activo]
2024-05-05T02:26:25.289-04:00 DEBUG 14250 --- [deliveryapp] [           main] org.hibernate.ormbytecode.interceptor    : To-one property `com.example.DeliveryApp.model.Rol#usuario` was mapped with LAZY + NO_PROXY but the class was not enhanced
2024-05-05T02:26:25.300-04:00 DEBUG 14250 --- [deliveryapp] [           main] o.h.boot.internal.ClassLoaderAccessImpl  : Not known whether passed class name [com.example.DeliveryApp.model.Usuario] is safe
2024-05-05T02:26:25.300-04:00 DEBUG 14250 --- [deliveryapp] [           main] o.h.boot.internal.ClassLoaderAccessImpl  : No temp ClassLoader provided; using live ClassLoader for loading potentially unsafe class : com.example.DeliveryApp.model.Usuario
2024-05-05T02:26:25.315-04:00 DEBUG 14250 --- [deliveryapp] [           main] o.h.b.i.bytebuddy.BytecodeProviderImpl   : HHH000513: Unable to create the ReflectionOptimizer for [com.example.DeliveryApp.model.Usuario]: private accessor [despachos]
2024-05-05T02:26:25.315-04:00 DEBUG 14250 --- [deliveryapp] [           main] org.hibernate.ormbytecode.interceptor    : To-one property `com.example.DeliveryApp.model.Despacho#usuario` was mapped with LAZY + NO_PROXY but the class was not enhanced
2024-05-05T02:26:25.315-04:00 DEBUG 14250 --- [deliveryapp] [           main] org.hibernate.ormbytecode.interceptor    : To-one property `com.example.DeliveryApp.model.Despacho#usuario` was mapped with LAZY + NO_PROXY but the class was not enhanced
2024-05-05T02:26:25.315-04:00 DEBUG 14250 --- [deliveryapp] [           main] o.h.boot.internal.ClassLoaderAccessImpl  : Not known whether passed class name [com.example.DeliveryApp.model.Despacho] is safe
2024-05-05T02:26:25.315-04:00 DEBUG 14250 --- [deliveryapp] [           main] o.h.boot.internal.ClassLoaderAccessImpl  : No temp ClassLoader provided; using live ClassLoader for loading potentially unsafe class : com.example.DeliveryApp.model.Despacho
2024-05-05T02:26:25.327-04:00 DEBUG 14250 --- [deliveryapp] [           main] o.h.b.i.bytebuddy.BytecodeProviderImpl   : HHH000513: Unable to create the ReflectionOptimizer for [com.example.DeliveryApp.model.Despacho]: private accessor [activo]
2024-05-05T02:26:25.327-04:00 DEBUG 14250 --- [deliveryapp] [           main] org.hibernate.ormbytecode.interceptor    : To-one property `com.example.DeliveryApp.model.Despacho#usuario` was mapped with LAZY + NO_PROXY but the class was not enhanced
2024-05-05T02:26:25.335-04:00 DEBUG 14250 --- [deliveryapp] [           main] org.hibernate.orm.jdbc.mutation          : Skipping collection (re)creation - com.example.DeliveryApp.model.Usuario.roles
2024-05-05T02:26:25.335-04:00 DEBUG 14250 --- [deliveryapp] [           main] org.hibernate.orm.jdbc.mutation          : Skipping collection row deletions - com.example.DeliveryApp.model.Usuario.roles
2024-05-05T02:26:25.335-04:00 DEBUG 14250 --- [deliveryapp] [           main] org.hibernate.orm.jdbc.mutation          : Skipping collection removals - com.example.DeliveryApp.model.Usuario.roles
2024-05-05T02:26:25.336-04:00 DEBUG 14250 --- [deliveryapp] [           main] org.hibernate.orm.jdbc.mutation          : Skipping collection (re)creation - com.example.DeliveryApp.model.Usuario.despachos
2024-05-05T02:26:25.336-04:00 DEBUG 14250 --- [deliveryapp] [           main] org.hibernate.orm.jdbc.mutation          : Skipping collection row deletions - com.example.DeliveryApp.model.Usuario.despachos
2024-05-05T02:26:25.336-04:00 DEBUG 14250 --- [deliveryapp] [           main] org.hibernate.orm.jdbc.mutation          : Skipping collection removals - com.example.DeliveryApp.model.Usuario.despachos
2024-05-05T02:26:25.350-04:00 DEBUG 14250 --- [deliveryapp] [           main] o.hibernate.orm.model.mapping.creation   : Starting post-init callbacks
2024-05-05T02:26:25.350-04:00 DEBUG 14250 --- [deliveryapp] [           main] o.hibernate.orm.model.mapping.creation   : Starting PostInitCallbackEntry : To-one key - NavigableRole[com.example.DeliveryApp.model.Rol.usuario]
2024-05-05T02:26:25.352-04:00 DEBUG 14250 --- [deliveryapp] [           main] o.hibernate.orm.model.mapping.creation   : Starting PostInitCallbackEntry : Entity(com.example.DeliveryApp.model.Rol) `staticFetchableList` generator
2024-05-05T02:26:25.352-04:00 DEBUG 14250 --- [deliveryapp] [           main] o.hibernate.orm.model.mapping.creation   : Starting PostInitCallbackEntry : PluralAttributeMapping( NavigableRole[com.example.DeliveryApp.model.Usuario.despachos#{element}]) - element descriptor
2024-05-05T02:26:25.352-04:00 DEBUG 14250 --- [deliveryapp] [           main] o.hibernate.orm.model.mapping.creation   : Starting PostInitCallbackEntry : PluralAttributeMapping(com.example.DeliveryApp.model.Usuario.despachos)#finishInitialization
2024-05-05T02:26:25.352-04:00 DEBUG 14250 --- [deliveryapp] [           main] o.hibernate.orm.model.mapping.creation   : Starting PostInitCallbackEntry : PluralAttributeMapping(com.example.DeliveryApp.model.Usuario.despachos) - key descriptor
2024-05-05T02:26:25.352-04:00 DEBUG 14250 --- [deliveryapp] [           main] o.hibernate.orm.model.mapping.creation   : Starting PostInitCallbackEntry : PluralAttributeMapping( NavigableRole[com.example.DeliveryApp.model.Usuario.roles#{element}]) - element descriptor
2024-05-05T02:26:25.352-04:00 DEBUG 14250 --- [deliveryapp] [           main] o.hibernate.orm.model.mapping.creation   : Starting PostInitCallbackEntry : PluralAttributeMapping(com.example.DeliveryApp.model.Usuario.roles)#finishInitialization
2024-05-05T02:26:25.352-04:00 DEBUG 14250 --- [deliveryapp] [           main] o.hibernate.orm.model.mapping.creation   : Starting PostInitCallbackEntry : PluralAttributeMapping(com.example.DeliveryApp.model.Usuario.roles) - key descriptor
2024-05-05T02:26:25.352-04:00 DEBUG 14250 --- [deliveryapp] [           main] o.hibernate.orm.model.mapping.creation   : Starting PostInitCallbackEntry : Entity(com.example.DeliveryApp.model.Usuario) `staticFetchableList` generator
2024-05-05T02:26:25.352-04:00 DEBUG 14250 --- [deliveryapp] [           main] o.hibernate.orm.model.mapping.creation   : Starting PostInitCallbackEntry : To-one key - NavigableRole[com.example.DeliveryApp.model.Despacho.usuario]
2024-05-05T02:26:25.352-04:00 DEBUG 14250 --- [deliveryapp] [           main] o.hibernate.orm.model.mapping.creation   : Starting PostInitCallbackEntry : Entity(com.example.DeliveryApp.model.Despacho) `staticFetchableList` generator
2024-05-05T02:26:25.352-04:00 DEBUG 14250 --- [deliveryapp] [           main] o.hibernate.orm.model.mapping.creation   : Starting PostInitCallbackEntry : PluralAttributeMapping( NavigableRole[com.example.DeliveryApp.model.Usuario.despachos#{element}]) - element descriptor
2024-05-05T02:26:25.352-04:00 DEBUG 14250 --- [deliveryapp] [           main] o.hibernate.orm.model.mapping.creation   : Starting PostInitCallbackEntry : PluralAttributeMapping( NavigableRole[com.example.DeliveryApp.model.Usuario.roles#{element}]) - element descriptor
2024-05-05T02:26:25.402-04:00 DEBUG 14250 --- [deliveryapp] [           main] org.hibernate.orm.sql.ast.create         : Created new SQL alias : r1_0
2024-05-05T02:26:25.403-04:00 DEBUG 14250 --- [deliveryapp] [           main] org.hibernate.orm.sql.ast.create         : Registration of TableGroup [StandardTableGroup(com.example.DeliveryApp.model.Rol)] with identifierForTableGroup [com.example.DeliveryApp.model.Rol] for NavigablePath [com.example.DeliveryApp.model.Rol] 
2024-05-05T02:26:25.409-04:00 DEBUG 14250 --- [deliveryapp] [           main] org.hibernate.orm.sql.ast.create         : Registration of TableGroup [org.hibernate.sql.ast.tree.from.LazyTableGroup@1a7437d8] with identifierForTableGroup [com.example.DeliveryApp.model.Rol.usuario] for NavigablePath [com.example.DeliveryApp.model.Rol.usuario] 
2024-05-05T02:26:25.410-04:00 DEBUG 14250 --- [deliveryapp] [           main] org.hibernate.orm.sql.ast.create         : Created new SQL alias : u1_0
2024-05-05T02:26:25.414-04:00 DEBUG 14250 --- [deliveryapp] [           main] org.hibernate.orm.results.graph.AST      : DomainResult Graph:
 \-EntityResultImpl [com.example.DeliveryApp.model.Rol]
 |  +-BasicFetch [com.example.DeliveryApp.model.Rol.activo]
 |  +-BasicFetch [com.example.DeliveryApp.model.Rol.rol]
 |  \-EntityFetchJoinedImpl [com.example.DeliveryApp.model.Rol.usuario]

2024-05-05T02:26:25.416-04:00 DEBUG 14250 --- [deliveryapp] [           main] org.hibernate.orm.sql.ast.tree           : SQL AST Tree:
    SelectStatement {
      FromClause {
        StandardTableGroup (r1 : com.example.DeliveryApp.model.Rol) {
          primaryTableReference : roles as r1_0
          TableGroupJoins {
            left  join LazyTableGroup (u1 : com.example.DeliveryApp.model.Rol.usuario) {
              primaryTableReference : usuarios as u1_0
            }
          }
        }
      }
    }

2024-05-05T02:26:25.418-04:00 DEBUG 14250 --- [deliveryapp] [           main] o.h.p.entity.AbstractEntityPersister     : Static SQL for entity: com.example.DeliveryApp.model.Rol
2024-05-05T02:26:25.418-04:00 DEBUG 14250 --- [deliveryapp] [           main] o.h.p.entity.AbstractEntityPersister     :  Version select: select id from roles where id=?
2024-05-05T02:26:25.418-04:00 DEBUG 14250 --- [deliveryapp] [           main] o.h.p.entity.AbstractEntityPersister     :  Insert (0): insert into roles (activo,rol,usuario_id,id) values (?,?,?,default)
2024-05-05T02:26:25.418-04:00 DEBUG 14250 --- [deliveryapp] [           main] o.h.p.entity.AbstractEntityPersister     :  Update (0): update roles set activo=?,rol=?,usuario_id=? where id=?
2024-05-05T02:26:25.418-04:00 DEBUG 14250 --- [deliveryapp] [           main] o.h.p.entity.AbstractEntityPersister     :  Delete (0): delete from roles where id=?
2024-05-05T02:26:25.418-04:00 DEBUG 14250 --- [deliveryapp] [           main] org.hibernate.orm.sql.ast.create         : Created new SQL alias : u1_0
2024-05-05T02:26:25.418-04:00 DEBUG 14250 --- [deliveryapp] [           main] org.hibernate.orm.sql.ast.create         : Registration of TableGroup [StandardTableGroup(com.example.DeliveryApp.model.Usuario)] with identifierForTableGroup [com.example.DeliveryApp.model.Usuario] for NavigablePath [com.example.DeliveryApp.model.Usuario] 
2024-05-05T02:26:25.418-04:00 DEBUG 14250 --- [deliveryapp] [           main] org.hibernate.orm.results.graph.AST      : DomainResult Graph:
 \-EntityResultImpl [com.example.DeliveryApp.model.Usuario]
 |  +-DelayedCollectionFetch [com.example.DeliveryApp.model.Usuario.despachos]
 |  +-BasicFetch [com.example.DeliveryApp.model.Usuario.password]
 |  +-DelayedCollectionFetch [com.example.DeliveryApp.model.Usuario.roles]
 |  \-BasicFetch [com.example.DeliveryApp.model.Usuario.username]

2024-05-05T02:26:25.418-04:00 DEBUG 14250 --- [deliveryapp] [           main] org.hibernate.orm.sql.ast.tree           : SQL AST Tree:
    SelectStatement {
      FromClause {
        StandardTableGroup (u1 : com.example.DeliveryApp.model.Usuario) {
          primaryTableReference : usuarios as u1_0
        }
      }
    }

2024-05-05T02:26:25.418-04:00 DEBUG 14250 --- [deliveryapp] [           main] o.h.p.entity.AbstractEntityPersister     : Static SQL for entity: com.example.DeliveryApp.model.Usuario
2024-05-05T02:26:25.418-04:00 DEBUG 14250 --- [deliveryapp] [           main] o.h.p.entity.AbstractEntityPersister     :  Version select: select id from usuarios where id=?
2024-05-05T02:26:25.418-04:00 DEBUG 14250 --- [deliveryapp] [           main] o.h.p.entity.AbstractEntityPersister     :  Insert (0): insert into usuarios (password,username,id) values (?,?,default)
2024-05-05T02:26:25.418-04:00 DEBUG 14250 --- [deliveryapp] [           main] o.h.p.entity.AbstractEntityPersister     :  Update (0): update usuarios set password=?,username=? where id=?
2024-05-05T02:26:25.418-04:00 DEBUG 14250 --- [deliveryapp] [           main] o.h.p.entity.AbstractEntityPersister     :  Delete (0): delete from usuarios where id=?
2024-05-05T02:26:25.418-04:00 DEBUG 14250 --- [deliveryapp] [           main] org.hibernate.orm.sql.ast.create         : Created new SQL alias : d1_0
2024-05-05T02:26:25.418-04:00 DEBUG 14250 --- [deliveryapp] [           main] org.hibernate.orm.sql.ast.create         : Registration of TableGroup [StandardTableGroup(com.example.DeliveryApp.model.Despacho)] with identifierForTableGroup [com.example.DeliveryApp.model.Despacho] for NavigablePath [com.example.DeliveryApp.model.Despacho] 
2024-05-05T02:26:25.422-04:00 DEBUG 14250 --- [deliveryapp] [           main] org.hibernate.orm.sql.ast.create         : Registration of TableGroup [org.hibernate.sql.ast.tree.from.LazyTableGroup@5c81ddab] with identifierForTableGroup [com.example.DeliveryApp.model.Despacho.usuario] for NavigablePath [com.example.DeliveryApp.model.Despacho.usuario] 
2024-05-05T02:26:25.422-04:00 DEBUG 14250 --- [deliveryapp] [           main] org.hibernate.orm.sql.ast.create         : Created new SQL alias : u1_0
2024-05-05T02:26:25.423-04:00 DEBUG 14250 --- [deliveryapp] [           main] org.hibernate.orm.results.graph.AST      : DomainResult Graph:
 \-EntityResultImpl [com.example.DeliveryApp.model.Despacho]
 |  +-BasicFetch [com.example.DeliveryApp.model.Despacho.activo]
 |  +-BasicFetch [com.example.DeliveryApp.model.Despacho.direccion]
 |  \-EntityFetchJoinedImpl [com.example.DeliveryApp.model.Despacho.usuario]

2024-05-05T02:26:25.423-04:00 DEBUG 14250 --- [deliveryapp] [           main] org.hibernate.orm.sql.ast.tree           : SQL AST Tree:
    SelectStatement {
      FromClause {
        StandardTableGroup (d1 : com.example.DeliveryApp.model.Despacho) {
          primaryTableReference : despachos as d1_0
          TableGroupJoins {
            left  join LazyTableGroup (u1 : com.example.DeliveryApp.model.Despacho.usuario) {
              primaryTableReference : usuarios as u1_0
            }
          }
        }
      }
    }

2024-05-05T02:26:25.423-04:00 DEBUG 14250 --- [deliveryapp] [           main] o.h.p.entity.AbstractEntityPersister     : Static SQL for entity: com.example.DeliveryApp.model.Despacho
2024-05-05T02:26:25.423-04:00 DEBUG 14250 --- [deliveryapp] [           main] o.h.p.entity.AbstractEntityPersister     :  Version select: select id from despachos where id=?
2024-05-05T02:26:25.423-04:00 DEBUG 14250 --- [deliveryapp] [           main] o.h.p.entity.AbstractEntityPersister     :  Insert (0): insert into despachos (activo,direccion,usuario_id,id) values (?,?,?,default)
2024-05-05T02:26:25.423-04:00 DEBUG 14250 --- [deliveryapp] [           main] o.h.p.entity.AbstractEntityPersister     :  Update (0): update despachos set activo=?,direccion=?,usuario_id=? where id=?
2024-05-05T02:26:25.423-04:00 DEBUG 14250 --- [deliveryapp] [           main] o.h.p.entity.AbstractEntityPersister     :  Delete (0): delete from despachos where id=?
2024-05-05T02:26:25.424-04:00 DEBUG 14250 --- [deliveryapp] [           main] org.hibernate.orm.sql.ast.create         : Created new SQL alias : r1_0
2024-05-05T02:26:25.424-04:00 DEBUG 14250 --- [deliveryapp] [           main] org.hibernate.orm.sql.ast.create         : Registration of TableGroup [org.hibernate.sql.ast.tree.from.OneToManyTableGroup@63896cf7] with identifierForTableGroup [com.example.DeliveryApp.model.Usuario.roles] for NavigablePath [com.example.DeliveryApp.model.Usuario.roles] 
2024-05-05T02:26:25.424-04:00 DEBUG 14250 --- [deliveryapp] [           main] org.hibernate.orm.sql.ast.create         : Registration of TableGroup [StandardTableGroup(com.example.DeliveryApp.model.Usuario.roles.{element})] with identifierForTableGroup [com.example.DeliveryApp.model.Usuario.roles.{element}] for NavigablePath [com.example.DeliveryApp.model.Usuario.roles.{element}] 
2024-05-05T02:26:25.427-04:00 DEBUG 14250 --- [deliveryapp] [           main] org.hibernate.orm.sql.ast.create         : Registration of TableGroup [org.hibernate.sql.ast.tree.from.LazyTableGroup@71135794] with identifierForTableGroup [com.example.DeliveryApp.model.Usuario.roles.{element}.usuario] for NavigablePath [com.example.DeliveryApp.model.Usuario.roles.{element}.usuario] 
2024-05-05T02:26:25.427-04:00 DEBUG 14250 --- [deliveryapp] [           main] org.hibernate.orm.results.graph.AST      : DomainResult Graph:
 \-CollectionDomainResult [com.example.DeliveryApp.model.Usuario.roles]

2024-05-05T02:26:25.427-04:00 DEBUG 14250 --- [deliveryapp] [           main] org.hibernate.orm.sql.ast.tree           : SQL AST Tree:
    SelectStatement {
      FromClause {
        OneToManyTableGroup (r1 : com.example.DeliveryApp.model.Usuario.roles) {
          primaryTableReference : roles as r1_0
          TableGroupJoins {
            left  join LazyTableGroup (u1 : com.example.DeliveryApp.model.Usuario.roles.{element}.usuario) {
            }
          }
        }
      }
    }

2024-05-05T02:26:25.428-04:00 DEBUG 14250 --- [deliveryapp] [           main] org.hibernate.orm.jdbc.mutation          : Static SQL for collection: com.example.DeliveryApp.model.Usuario.roles
2024-05-05T02:26:25.428-04:00 DEBUG 14250 --- [deliveryapp] [           main] org.hibernate.orm.sql.ast.create         : Created new SQL alias : d1_0
2024-05-05T02:26:25.428-04:00 DEBUG 14250 --- [deliveryapp] [           main] org.hibernate.orm.sql.ast.create         : Registration of TableGroup [org.hibernate.sql.ast.tree.from.OneToManyTableGroup@192ecf8] with identifierForTableGroup [com.example.DeliveryApp.model.Usuario.despachos] for NavigablePath [com.example.DeliveryApp.model.Usuario.despachos] 
2024-05-05T02:26:25.428-04:00 DEBUG 14250 --- [deliveryapp] [           main] org.hibernate.orm.sql.ast.create         : Registration of TableGroup [StandardTableGroup(com.example.DeliveryApp.model.Usuario.despachos.{element})] with identifierForTableGroup [com.example.DeliveryApp.model.Usuario.despachos.{element}] for NavigablePath [com.example.DeliveryApp.model.Usuario.despachos.{element}] 
2024-05-05T02:26:25.428-04:00 DEBUG 14250 --- [deliveryapp] [           main] org.hibernate.orm.sql.ast.create         : Registration of TableGroup [org.hibernate.sql.ast.tree.from.LazyTableGroup@263e512e] with identifierForTableGroup [com.example.DeliveryApp.model.Usuario.despachos.{element}.usuario] for NavigablePath [com.example.DeliveryApp.model.Usuario.despachos.{element}.usuario] 
2024-05-05T02:26:25.428-04:00 DEBUG 14250 --- [deliveryapp] [           main] org.hibernate.orm.results.graph.AST      : DomainResult Graph:
 \-CollectionDomainResult [com.example.DeliveryApp.model.Usuario.despachos]

2024-05-05T02:26:25.428-04:00 DEBUG 14250 --- [deliveryapp] [           main] org.hibernate.orm.sql.ast.tree           : SQL AST Tree:
    SelectStatement {
      FromClause {
        OneToManyTableGroup (d1 : com.example.DeliveryApp.model.Usuario.despachos) {
          primaryTableReference : despachos as d1_0
          TableGroupJoins {
            left  join LazyTableGroup (u1 : com.example.DeliveryApp.model.Usuario.despachos.{element}.usuario) {
            }
          }
        }
      }
    }

2024-05-05T02:26:25.428-04:00 DEBUG 14250 --- [deliveryapp] [           main] org.hibernate.orm.jdbc.mutation          : Static SQL for collection: com.example.DeliveryApp.model.Usuario.despachos
2024-05-05T02:26:25.439-04:00  INFO 14250 --- [deliveryapp] [           main] o.h.e.t.j.p.i.JtaPlatformInitiator       : HHH000489: No JTA platform available (set 'hibernate.transaction.jta.platform' to enable JTA platform integration)
2024-05-05T02:26:25.440-04:00 DEBUG 14250 --- [deliveryapp] [           main] o.h.type.spi.TypeConfiguration$Scope     : Scoping TypeConfiguration [org.hibernate.type.spi.TypeConfiguration@2a631049] to SessionFactoryImplementor [org.hibernate.internal.SessionFactoryImpl@583b4af4]
2024-05-05T02:26:25.440-04:00 DEBUG 14250 --- [deliveryapp] [           main] o.h.query.named.NamedObjectRepository    : Checking 0 named HQL queries
2024-05-05T02:26:25.440-04:00 DEBUG 14250 --- [deliveryapp] [           main] o.h.query.named.NamedObjectRepository    : Checking 0 named SQL queries
2024-05-05T02:26:25.440-04:00 DEBUG 14250 --- [deliveryapp] [           main] .h.t.s.s.SchemaManagementToolCoordinator : No schema actions specified for contributor `orm`; doing nothing
2024-05-05T02:26:25.440-04:00 DEBUG 14250 --- [deliveryapp] [           main] .h.t.s.s.SchemaManagementToolCoordinator : No actions found; doing nothing
2024-05-05T02:26:25.441-04:00 DEBUG 14250 --- [deliveryapp] [           main] o.h.internal.SessionFactoryRegistry      : Initializing SessionFactoryRegistry : org.hibernate.internal.SessionFactoryRegistry@166a5659
2024-05-05T02:26:25.441-04:00 DEBUG 14250 --- [deliveryapp] [           main] o.h.internal.SessionFactoryRegistry      : Registering SessionFactory: 929812fb-90f2-4624-9647-9b083775c18b (<unnamed>)
2024-05-05T02:26:25.441-04:00 DEBUG 14250 --- [deliveryapp] [           main] o.h.internal.SessionFactoryRegistry      : Not binding SessionFactory to JNDI, no JNDI name configured
2024-05-05T02:26:25.441-04:00 DEBUG 14250 --- [deliveryapp] [           main] o.hibernate.internal.SessionFactoryImpl  : Instantiated SessionFactory
2024-05-05T02:26:25.441-04:00  INFO 14250 --- [deliveryapp] [           main] j.LocalContainerEntityManagerFactoryBean : Initialized JPA EntityManagerFactory for persistence unit 'default'
2024-05-05T02:26:25.443-04:00 DEBUG 14250 --- [deliveryapp] [           main] o.s.b.f.s.DefaultListableBeanFactory     : Creating shared instance of singleton bean 'deliveryApp'
2024-05-05T02:26:25.444-04:00 DEBUG 14250 --- [deliveryapp] [           main] o.s.b.f.s.DefaultListableBeanFactory     : Creating shared instance of singleton bean 'org.springframework.boot.test.autoconfigure.jdbc.TestDatabaseAutoConfiguration'
2024-05-05T02:26:25.445-04:00 DEBUG 14250 --- [deliveryapp] [           main] o.s.b.f.s.DefaultListableBeanFactory     : Creating shared instance of singleton bean 'org.springframework.boot.autoconfigure.jdbc.metadata.DataSourcePoolMetadataProvidersConfiguration'
2024-05-05T02:26:25.445-04:00 DEBUG 14250 --- [deliveryapp] [           main] o.s.b.f.s.DefaultListableBeanFactory     : Creating shared instance of singleton bean 'org.springframework.boot.autoconfigure.jdbc.DataSourceAutoConfiguration'
2024-05-05T02:26:25.445-04:00 DEBUG 14250 --- [deliveryapp] [           main] o.s.b.f.s.DefaultListableBeanFactory     : Creating shared instance of singleton bean 'org.springframework.boot.context.properties.EnableConfigurationPropertiesRegistrar.methodValidationExcludeFilter'
2024-05-05T02:26:25.446-04:00 DEBUG 14250 --- [deliveryapp] [           main] o.s.b.f.s.DefaultListableBeanFactory     : Creating shared instance of singleton bean 'org.springframework.boot.autoconfigure.orm.jpa.JpaBaseConfiguration$PersistenceManagedTypesConfiguration'
2024-05-05T02:26:25.446-04:00 DEBUG 14250 --- [deliveryapp] [           main] o.s.b.f.s.DefaultListableBeanFactory     : Creating shared instance of singleton bean 'transactionManager'
2024-05-05T02:26:25.451-04:00 DEBUG 14250 --- [deliveryapp] [           main] o.s.b.f.s.DefaultListableBeanFactory     : Creating shared instance of singleton bean 'org.springframework.boot.autoconfigure.orm.jpa.HibernateJpaAutoConfiguration'
2024-05-05T02:26:25.451-04:00 DEBUG 14250 --- [deliveryapp] [           main] o.s.b.f.s.DefaultListableBeanFactory     : Creating shared instance of singleton bean 'org.springframework.boot.autoconfigure.data.jpa.JpaRepositoriesAutoConfiguration'
2024-05-05T02:26:25.451-04:00 DEBUG 14250 --- [deliveryapp] [           main] o.s.b.f.s.DefaultListableBeanFactory     : Creating shared instance of singleton bean 'jpaSharedEM_entityManagerFactory'
2024-05-05T02:26:25.468-04:00 DEBUG 14250 --- [deliveryapp] [           main] o.s.b.f.s.DefaultListableBeanFactory     : Creating shared instance of singleton bean 'org.springframework.data.jpa.util.JpaMetamodelCacheCleanup'
2024-05-05T02:26:25.469-04:00 DEBUG 14250 --- [deliveryapp] [           main] o.s.b.f.s.DefaultListableBeanFactory     : Creating shared instance of singleton bean 'org.springframework.data.jpa.repository.support.JpaEvaluationContextExtension'
2024-05-05T02:26:25.470-04:00 DEBUG 14250 --- [deliveryapp] [           main] o.s.b.f.s.DefaultListableBeanFactory     : Creating shared instance of singleton bean 'jpa.named-queries#0'
2024-05-05T02:26:25.472-04:00 DEBUG 14250 --- [deliveryapp] [           main] o.s.b.f.s.DefaultListableBeanFactory     : Creating shared instance of singleton bean 'jpa.UsuariosRepository.fragments#0'
2024-05-05T02:26:25.473-04:00 DEBUG 14250 --- [deliveryapp] [           main] o.s.b.f.s.DefaultListableBeanFactory     : Creating shared instance of singleton bean 'usuariosRepository'
2024-05-05T02:26:25.479-04:00 DEBUG 14250 --- [deliveryapp] [           main] o.s.b.f.s.DefaultListableBeanFactory     : Creating shared instance of singleton bean 'jpaMappingContext'
2024-05-05T02:26:25.480-04:00 DEBUG 14250 --- [deliveryapp] [           main] .c.JpaMetamodelMappingContextFactoryBean : Initializing JpaMetamodelMappingContext…
2024-05-05T02:26:25.486-04:00 DEBUG 14250 --- [deliveryapp] [           main] .c.JpaMetamodelMappingContextFactoryBean : Finished initializing JpaMetamodelMappingContext
2024-05-05T02:26:25.498-04:00 DEBUG 14250 --- [deliveryapp] [           main] tor$SharedEntityManagerInvocationHandler : Creating new EntityManager for shared EntityManager invocation
2024-05-05T02:26:25.511-04:00 DEBUG 14250 --- [deliveryapp] [           main] o.h.stat.internal.StatisticsInitiator    : Statistics initialized [enabled=false]
2024-05-05T02:26:25.514-04:00 DEBUG 14250 --- [deliveryapp] [           main] tor$SharedEntityManagerInvocationHandler : Creating new EntityManager for shared EntityManager invocation
2024-05-05T02:26:25.534-04:00 DEBUG 14250 --- [deliveryapp] [           main] o.s.d.r.c.s.RepositoryFactorySupport     : Initializing repository instance for com.example.DeliveryApp.repository.UsuariosRepository…
2024-05-05T02:26:25.542-04:00 DEBUG 14250 --- [deliveryapp] [           main] tor$SharedEntityManagerInvocationHandler : Creating new EntityManager for shared EntityManager invocation
2024-05-05T02:26:25.572-04:00 DEBUG 14250 --- [deliveryapp] [           main] o.s.d.jpa.repository.query.NamedQuery    : Looking up named query Usuario.findByUsername
2024-05-05T02:26:25.574-04:00 DEBUG 14250 --- [deliveryapp] [           main] cResourceLocalTransactionCoordinatorImpl : JDBC transaction marked for rollback-only (exception provided for stack trace)

java.lang.Exception: exception just for purpose of providing stack trace
	at org.hibernate.resource.transaction.backend.jdbc.internal.JdbcResourceLocalTransactionCoordinatorImpl$TransactionDriverControlImpl.markRollbackOnly(JdbcResourceLocalTransactionCoordinatorImpl.java:310) ~[hibernate-core-6.4.4.Final.jar:6.4.4.Final]
	at org.hibernate.internal.AbstractSharedSessionContract.buildNamedQuery(AbstractSharedSessionContract.java:1097) ~[hibernate-core-6.4.4.Final.jar:6.4.4.Final]
	at org.hibernate.internal.AbstractSharedSessionContract.createNamedQuery(AbstractSharedSessionContract.java:975) ~[hibernate-core-6.4.4.Final.jar:6.4.4.Final]
	at org.hibernate.internal.AbstractSharedSessionContract.createNamedQuery(AbstractSharedSessionContract.java:136) ~[hibernate-core-6.4.4.Final.jar:6.4.4.Final]
	at java.base/jdk.internal.reflect.DirectMethodHandleAccessor.invoke(DirectMethodHandleAccessor.java:103) ~[na:na]
	at java.base/java.lang.reflect.Method.invoke(Method.java:580) ~[na:na]
	at org.springframework.orm.jpa.ExtendedEntityManagerCreator$ExtendedEntityManagerInvocationHandler.invoke(ExtendedEntityManagerCreator.java:364) ~[spring-orm-6.1.5.jar:6.1.5]
	at jdk.proxy2/jdk.proxy2.$Proxy122.createNamedQuery(Unknown Source) ~[na:na]
	at org.springframework.data.jpa.repository.query.NamedQuery.hasNamedQuery(NamedQuery.java:113) ~[spring-data-jpa-3.2.4.jar:3.2.4]
	at org.springframework.data.jpa.repository.query.NamedQuery.lookupFrom(NamedQuery.java:141) ~[spring-data-jpa-3.2.4.jar:3.2.4]
	at org.springframework.data.jpa.repository.query.JpaQueryLookupStrategy$DeclaredQueryLookupStrategy.resolveQuery(JpaQueryLookupStrategy.java:180) ~[spring-data-jpa-3.2.4.jar:3.2.4]
	at org.springframework.data.jpa.repository.query.JpaQueryLookupStrategy$CreateIfNotFoundQueryLookupStrategy.resolveQuery(JpaQueryLookupStrategy.java:252) ~[spring-data-jpa-3.2.4.jar:3.2.4]
	at org.springframework.data.jpa.repository.query.JpaQueryLookupStrategy$AbstractQueryLookupStrategy.resolveQuery(JpaQueryLookupStrategy.java:95) ~[spring-data-jpa-3.2.4.jar:3.2.4]
	at org.springframework.data.repository.core.support.QueryExecutorMethodInterceptor.lookupQuery(QueryExecutorMethodInterceptor.java:111) ~[spring-data-commons-3.2.4.jar:3.2.4]
	at org.springframework.data.repository.core.support.QueryExecutorMethodInterceptor.mapMethodsToQuery(QueryExecutorMethodInterceptor.java:99) ~[spring-data-commons-3.2.4.jar:3.2.4]
	at org.springframework.data.repository.core.support.QueryExecutorMethodInterceptor.lambda$new$0(QueryExecutorMethodInterceptor.java:88) ~[spring-data-commons-3.2.4.jar:3.2.4]
	at java.base/java.util.Optional.map(Optional.java:260) ~[na:na]
	at org.springframework.data.repository.core.support.QueryExecutorMethodInterceptor.<init>(QueryExecutorMethodInterceptor.java:88) ~[spring-data-commons-3.2.4.jar:3.2.4]
	at org.springframework.data.repository.core.support.RepositoryFactorySupport.getRepository(RepositoryFactorySupport.java:357) ~[spring-data-commons-3.2.4.jar:3.2.4]
	at org.springframework.data.repository.core.support.RepositoryFactoryBeanSupport.lambda$afterPropertiesSet$5(RepositoryFactoryBeanSupport.java:279) ~[spring-data-commons-3.2.4.jar:3.2.4]
	at org.springframework.data.util.Lazy.getNullable(Lazy.java:135) ~[spring-data-commons-3.2.4.jar:3.2.4]
	at org.springframework.data.util.Lazy.get(Lazy.java:113) ~[spring-data-commons-3.2.4.jar:3.2.4]
	at org.springframework.data.repository.core.support.RepositoryFactoryBeanSupport.afterPropertiesSet(RepositoryFactoryBeanSupport.java:285) ~[spring-data-commons-3.2.4.jar:3.2.4]
	at org.springframework.data.jpa.repository.support.JpaRepositoryFactoryBean.afterPropertiesSet(JpaRepositoryFactoryBean.java:132) ~[spring-data-jpa-3.2.4.jar:3.2.4]
	at org.springframework.beans.factory.support.AbstractAutowireCapableBeanFactory.invokeInitMethods(AbstractAutowireCapableBeanFactory.java:1833) ~[spring-beans-6.1.5.jar:6.1.5]
	at org.springframework.beans.factory.support.AbstractAutowireCapableBeanFactory.initializeBean(AbstractAutowireCapableBeanFactory.java:1782) ~[spring-beans-6.1.5.jar:6.1.5]
	at org.springframework.beans.factory.support.AbstractAutowireCapableBeanFactory.doCreateBean(AbstractAutowireCapableBeanFactory.java:600) ~[spring-beans-6.1.5.jar:6.1.5]
	at org.springframework.beans.factory.support.AbstractAutowireCapableBeanFactory.createBean(AbstractAutowireCapableBeanFactory.java:522) ~[spring-beans-6.1.5.jar:6.1.5]
	at org.springframework.beans.factory.support.AbstractBeanFactory.lambda$doGetBean$0(AbstractBeanFactory.java:326) ~[spring-beans-6.1.5.jar:6.1.5]
	at org.springframework.beans.factory.support.DefaultSingletonBeanRegistry.getSingleton(DefaultSingletonBeanRegistry.java:234) ~[spring-beans-6.1.5.jar:6.1.5]
	at org.springframework.beans.factory.support.AbstractBeanFactory.doGetBean(AbstractBeanFactory.java:324) ~[spring-beans-6.1.5.jar:6.1.5]
	at org.springframework.beans.factory.support.AbstractBeanFactory.getBean(AbstractBeanFactory.java:200) ~[spring-beans-6.1.5.jar:6.1.5]
	at org.springframework.beans.factory.support.DefaultListableBeanFactory.preInstantiateSingletons(DefaultListableBeanFactory.java:969) ~[spring-beans-6.1.5.jar:6.1.5]
	at org.springframework.context.support.AbstractApplicationContext.finishBeanFactoryInitialization(AbstractApplicationContext.java:962) ~[spring-context-6.1.5.jar:6.1.5]
	at org.springframework.context.support.AbstractApplicationContext.refresh(AbstractApplicationContext.java:624) ~[spring-context-6.1.5.jar:6.1.5]
	at org.springframework.boot.SpringApplication.refresh(SpringApplication.java:754) ~[spring-boot-3.2.4.jar:3.2.4]
	at org.springframework.boot.SpringApplication.refreshContext(SpringApplication.java:456) ~[spring-boot-3.2.4.jar:3.2.4]
	at org.springframework.boot.SpringApplication.run(SpringApplication.java:334) ~[spring-boot-3.2.4.jar:3.2.4]
	at org.springframework.boot.test.context.SpringBootContextLoader.lambda$loadContext$3(SpringBootContextLoader.java:137) ~[spring-boot-test-3.2.4.jar:3.2.4]
	at org.springframework.util.function.ThrowingSupplier.get(ThrowingSupplier.java:58) ~[spring-core-6.1.5.jar:6.1.5]
	at org.springframework.util.function.ThrowingSupplier.get(ThrowingSupplier.java:46) ~[spring-core-6.1.5.jar:6.1.5]
	at org.springframework.boot.SpringApplication.withHook(SpringApplication.java:1454) ~[spring-boot-3.2.4.jar:3.2.4]
	at org.springframework.boot.test.context.SpringBootContextLoader$ContextLoaderHook.run(SpringBootContextLoader.java:553) ~[spring-boot-test-3.2.4.jar:3.2.4]
	at org.springframework.boot.test.context.SpringBootContextLoader.loadContext(SpringBootContextLoader.java:137) ~[spring-boot-test-3.2.4.jar:3.2.4]
	at org.springframework.boot.test.context.SpringBootContextLoader.loadContext(SpringBootContextLoader.java:108) ~[spring-boot-test-3.2.4.jar:3.2.4]
	at org.springframework.test.context.cache.DefaultCacheAwareContextLoaderDelegate.loadContextInternal(DefaultCacheAwareContextLoaderDelegate.java:225) ~[spring-test-6.1.5.jar:6.1.5]
	at org.springframework.test.context.cache.DefaultCacheAwareContextLoaderDelegate.loadContext(DefaultCacheAwareContextLoaderDelegate.java:152) ~[spring-test-6.1.5.jar:6.1.5]
	at org.springframework.test.context.support.DefaultTestContext.getApplicationContext(DefaultTestContext.java:130) ~[spring-test-6.1.5.jar:6.1.5]
	at org.springframework.test.context.support.DependencyInjectionTestExecutionListener.injectDependencies(DependencyInjectionTestExecutionListener.java:142) ~[spring-test-6.1.5.jar:6.1.5]
	at org.springframework.test.context.support.DependencyInjectionTestExecutionListener.prepareTestInstance(DependencyInjectionTestExecutionListener.java:98) ~[spring-test-6.1.5.jar:6.1.5]
	at org.springframework.test.context.TestContextManager.prepareTestInstance(TestContextManager.java:260) ~[spring-test-6.1.5.jar:6.1.5]
	at org.springframework.test.context.junit.jupiter.SpringExtension.postProcessTestInstance(SpringExtension.java:163) ~[spring-test-6.1.5.jar:6.1.5]
	at org.junit.jupiter.engine.descriptor.ClassBasedTestDescriptor.lambda$invokeTestInstancePostProcessors$10(ClassBasedTestDescriptor.java:378) ~[junit-jupiter-engine-5.10.2.jar:5.10.2]
	at org.junit.jupiter.engine.descriptor.ClassBasedTestDescriptor.executeAndMaskThrowable(ClassBasedTestDescriptor.java:383) ~[junit-jupiter-engine-5.10.2.jar:5.10.2]
	at org.junit.jupiter.engine.descriptor.ClassBasedTestDescriptor.lambda$invokeTestInstancePostProcessors$11(ClassBasedTestDescriptor.java:378) ~[junit-jupiter-engine-5.10.2.jar:5.10.2]
	at java.base/java.util.stream.ReferencePipeline$3$1.accept(ReferencePipeline.java:197) ~[na:na]
	at java.base/java.util.stream.ReferencePipeline$2$1.accept(ReferencePipeline.java:179) ~[na:na]
	at java.base/java.util.ArrayList$ArrayListSpliterator.forEachRemaining(ArrayList.java:1708) ~[na:na]
	at java.base/java.util.stream.AbstractPipeline.copyInto(AbstractPipeline.java:509) ~[na:na]
	at java.base/java.util.stream.AbstractPipeline.wrapAndCopyInto(AbstractPipeline.java:499) ~[na:na]
	at java.base/java.util.stream.StreamSpliterators$WrappingSpliterator.forEachRemaining(StreamSpliterators.java:310) ~[na:na]
	at java.base/java.util.stream.Streams$ConcatSpliterator.forEachRemaining(Streams.java:735) ~[na:na]
	at java.base/java.util.stream.Streams$ConcatSpliterator.forEachRemaining(Streams.java:734) ~[na:na]
	at java.base/java.util.stream.ReferencePipeline$Head.forEach(ReferencePipeline.java:762) ~[na:na]
	at org.junit.jupiter.engine.descriptor.ClassBasedTestDescriptor.invokeTestInstancePostProcessors(ClassBasedTestDescriptor.java:377) ~[junit-jupiter-engine-5.10.2.jar:5.10.2]
	at org.junit.jupiter.engine.descriptor.ClassBasedTestDescriptor.lambda$instantiateAndPostProcessTestInstance$6(ClassBasedTestDescriptor.java:290) ~[junit-jupiter-engine-5.10.2.jar:5.10.2]
	at org.junit.platform.engine.support.hierarchical.ThrowableCollector.execute(ThrowableCollector.java:73) ~[junit-platform-engine-1.10.2.jar:1.10.2]
	at org.junit.jupiter.engine.descriptor.ClassBasedTestDescriptor.instantiateAndPostProcessTestInstance(ClassBasedTestDescriptor.java:289) ~[junit-jupiter-engine-5.10.2.jar:5.10.2]
	at org.junit.jupiter.engine.descriptor.ClassBasedTestDescriptor.lambda$testInstancesProvider$4(ClassBasedTestDescriptor.java:279) ~[junit-jupiter-engine-5.10.2.jar:5.10.2]
	at java.base/java.util.Optional.orElseGet(Optional.java:364) ~[na:na]
	at org.junit.jupiter.engine.descriptor.ClassBasedTestDescriptor.lambda$testInstancesProvider$5(ClassBasedTestDescriptor.java:278) ~[junit-jupiter-engine-5.10.2.jar:5.10.2]
	at org.junit.jupiter.engine.execution.TestInstancesProvider.getTestInstances(TestInstancesProvider.java:31) ~[junit-jupiter-engine-5.10.2.jar:5.10.2]
	at org.junit.jupiter.engine.descriptor.TestMethodTestDescriptor.lambda$prepare$0(TestMethodTestDescriptor.java:106) ~[junit-jupiter-engine-5.10.2.jar:5.10.2]
	at org.junit.platform.engine.support.hierarchical.ThrowableCollector.execute(ThrowableCollector.java:73) ~[junit-platform-engine-1.10.2.jar:1.10.2]
	at org.junit.jupiter.engine.descriptor.TestMethodTestDescriptor.prepare(TestMethodTestDescriptor.java:105) ~[junit-jupiter-engine-5.10.2.jar:5.10.2]
	at org.junit.jupiter.engine.descriptor.TestMethodTestDescriptor.prepare(TestMethodTestDescriptor.java:69) ~[junit-jupiter-engine-5.10.2.jar:5.10.2]
	at org.junit.platform.engine.support.hierarchical.NodeTestTask.lambda$prepare$2(NodeTestTask.java:123) ~[junit-platform-engine-1.10.2.jar:1.10.2]
	at org.junit.platform.engine.support.hierarchical.ThrowableCollector.execute(ThrowableCollector.java:73) ~[junit-platform-engine-1.10.2.jar:1.10.2]
	at org.junit.platform.engine.support.hierarchical.NodeTestTask.prepare(NodeTestTask.java:123) ~[junit-platform-engine-1.10.2.jar:1.10.2]
	at org.junit.platform.engine.support.hierarchical.NodeTestTask.execute(NodeTestTask.java:90) ~[junit-platform-engine-1.10.2.jar:1.10.2]
	at java.base/java.util.ArrayList.forEach(ArrayList.java:1596) ~[na:na]
	at org.junit.platform.engine.support.hierarchical.SameThreadHierarchicalTestExecutorService.invokeAll(SameThreadHierarchicalTestExecutorService.java:41) ~[junit-platform-engine-1.10.2.jar:1.10.2]
	at org.junit.platform.engine.support.hierarchical.NodeTestTask.lambda$executeRecursively$6(NodeTestTask.java:155) ~[junit-platform-engine-1.10.2.jar:1.10.2]
	at org.junit.platform.engine.support.hierarchical.ThrowableCollector.execute(ThrowableCollector.java:73) ~[junit-platform-engine-1.10.2.jar:1.10.2]
	at org.junit.platform.engine.support.hierarchical.NodeTestTask.lambda$executeRecursively$8(NodeTestTask.java:141) ~[junit-platform-engine-1.10.2.jar:1.10.2]
	at org.junit.platform.engine.support.hierarchical.Node.around(Node.java:137) ~[junit-platform-engine-1.10.2.jar:1.10.2]
	at org.junit.platform.engine.support.hierarchical.NodeTestTask.lambda$executeRecursively$9(NodeTestTask.java:139) ~[junit-platform-engine-1.10.2.jar:1.10.2]
	at org.junit.platform.engine.support.hierarchical.ThrowableCollector.execute(ThrowableCollector.java:73) ~[junit-platform-engine-1.10.2.jar:1.10.2]
	at org.junit.platform.engine.support.hierarchical.NodeTestTask.executeRecursively(NodeTestTask.java:138) ~[junit-platform-engine-1.10.2.jar:1.10.2]
	at org.junit.platform.engine.support.hierarchical.NodeTestTask.execute(NodeTestTask.java:95) ~[junit-platform-engine-1.10.2.jar:1.10.2]
	at java.base/java.util.ArrayList.forEach(ArrayList.java:1596) ~[na:na]
	at org.junit.platform.engine.support.hierarchical.SameThreadHierarchicalTestExecutorService.invokeAll(SameThreadHierarchicalTestExecutorService.java:41) ~[junit-platform-engine-1.10.2.jar:1.10.2]
	at org.junit.platform.engine.support.hierarchical.NodeTestTask.lambda$executeRecursively$6(NodeTestTask.java:155) ~[junit-platform-engine-1.10.2.jar:1.10.2]
	at org.junit.platform.engine.support.hierarchical.ThrowableCollector.execute(ThrowableCollector.java:73) ~[junit-platform-engine-1.10.2.jar:1.10.2]
	at org.junit.platform.engine.support.hierarchical.NodeTestTask.lambda$executeRecursively$8(NodeTestTask.java:141) ~[junit-platform-engine-1.10.2.jar:1.10.2]
	at org.junit.platform.engine.support.hierarchical.Node.around(Node.java:137) ~[junit-platform-engine-1.10.2.jar:1.10.2]
	at org.junit.platform.engine.support.hierarchical.NodeTestTask.lambda$executeRecursively$9(NodeTestTask.java:139) ~[junit-platform-engine-1.10.2.jar:1.10.2]
	at org.junit.platform.engine.support.hierarchical.ThrowableCollector.execute(ThrowableCollector.java:73) ~[junit-platform-engine-1.10.2.jar:1.10.2]
	at org.junit.platform.engine.support.hierarchical.NodeTestTask.executeRecursively(NodeTestTask.java:138) ~[junit-platform-engine-1.10.2.jar:1.10.2]
	at org.junit.platform.engine.support.hierarchical.NodeTestTask.execute(NodeTestTask.java:95) ~[junit-platform-engine-1.10.2.jar:1.10.2]
	at org.junit.platform.engine.support.hierarchical.SameThreadHierarchicalTestExecutorService.submit(SameThreadHierarchicalTestExecutorService.java:35) ~[junit-platform-engine-1.10.2.jar:1.10.2]
	at org.junit.platform.engine.support.hierarchical.HierarchicalTestExecutor.execute(HierarchicalTestExecutor.java:57) ~[junit-platform-engine-1.10.2.jar:1.10.2]
	at org.junit.platform.engine.support.hierarchical.HierarchicalTestEngine.execute(HierarchicalTestEngine.java:54) ~[junit-platform-engine-1.10.2.jar:1.10.2]
	at org.junit.platform.launcher.core.EngineExecutionOrchestrator.execute(EngineExecutionOrchestrator.java:198) ~[junit-platform-launcher-1.10.2.jar:1.10.2]
	at org.junit.platform.launcher.core.EngineExecutionOrchestrator.execute(EngineExecutionOrchestrator.java:169) ~[junit-platform-launcher-1.10.2.jar:1.10.2]
	at org.junit.platform.launcher.core.EngineExecutionOrchestrator.execute(EngineExecutionOrchestrator.java:93) ~[junit-platform-launcher-1.10.2.jar:1.10.2]
	at org.junit.platform.launcher.core.EngineExecutionOrchestrator.lambda$execute$0(EngineExecutionOrchestrator.java:58) ~[junit-platform-launcher-1.10.2.jar:1.10.2]
	at org.junit.platform.launcher.core.EngineExecutionOrchestrator.withInterceptedStreams(EngineExecutionOrchestrator.java:141) ~[junit-platform-launcher-1.10.2.jar:1.10.2]
	at org.junit.platform.launcher.core.EngineExecutionOrchestrator.execute(EngineExecutionOrchestrator.java:57) ~[junit-platform-launcher-1.10.2.jar:1.10.2]
	at org.junit.platform.launcher.core.DefaultLauncher.execute(DefaultLauncher.java:103) ~[junit-platform-launcher-1.10.2.jar:1.10.2]
	at org.junit.platform.launcher.core.DefaultLauncher.execute(DefaultLauncher.java:85) ~[junit-platform-launcher-1.10.2.jar:1.10.2]
	at org.junit.platform.launcher.core.DelegatingLauncher.execute(DelegatingLauncher.java:47) ~[junit-platform-launcher-1.10.2.jar:1.10.2]
	at org.apache.maven.surefire.junitplatform.LazyLauncher.execute(LazyLauncher.java:56) ~[surefire-junit-platform-3.1.2.jar:3.1.2]
	at org.apache.maven.surefire.junitplatform.JUnitPlatformProvider.execute(JUnitPlatformProvider.java:184) ~[surefire-junit-platform-3.1.2.jar:3.1.2]
	at org.apache.maven.surefire.junitplatform.JUnitPlatformProvider.invokeAllTests(JUnitPlatformProvider.java:148) ~[surefire-junit-platform-3.1.2.jar:3.1.2]
	at org.apache.maven.surefire.junitplatform.JUnitPlatformProvider.invoke(JUnitPlatformProvider.java:122) ~[surefire-junit-platform-3.1.2.jar:3.1.2]
	at org.apache.maven.surefire.booter.ForkedBooter.runSuitesInProcess(ForkedBooter.java:385) ~[surefire-booter-3.1.2.jar:3.1.2]
	at org.apache.maven.surefire.booter.ForkedBooter.execute(ForkedBooter.java:162) ~[surefire-booter-3.1.2.jar:3.1.2]
	at org.apache.maven.surefire.booter.ForkedBooter.run(ForkedBooter.java:507) ~[surefire-booter-3.1.2.jar:3.1.2]
	at org.apache.maven.surefire.booter.ForkedBooter.main(ForkedBooter.java:495) ~[surefire-booter-3.1.2.jar:3.1.2]

2024-05-05T02:26:25.576-04:00 DEBUG 14250 --- [deliveryapp] [           main] o.s.d.jpa.repository.query.NamedQuery    : Did not find named query Usuario.findByUsername
2024-05-05T02:26:25.578-04:00 DEBUG 14250 --- [deliveryapp] [           main] tor$SharedEntityManagerInvocationHandler : Creating new EntityManager for shared EntityManager invocation
2024-05-05T02:26:25.607-04:00 DEBUG 14250 --- [deliveryapp] [           main] o.s.d.r.c.s.RepositoryFactorySupport     : Finished creation of repository instance for com.example.DeliveryApp.repository.UsuariosRepository.
2024-05-05T02:26:25.609-04:00 DEBUG 14250 --- [deliveryapp] [           main] o.s.b.f.s.DefaultListableBeanFactory     : Creating shared instance of singleton bean 'jpa.named-queries#1'
2024-05-05T02:26:25.610-04:00 DEBUG 14250 --- [deliveryapp] [           main] o.s.b.f.s.DefaultListableBeanFactory     : Creating shared instance of singleton bean 'jpa.RolRepository.fragments#0'
2024-05-05T02:26:25.612-04:00 DEBUG 14250 --- [deliveryapp] [           main] o.s.b.f.s.DefaultListableBeanFactory     : Creating shared instance of singleton bean 'rolRepository'
2024-05-05T02:26:25.613-04:00 DEBUG 14250 --- [deliveryapp] [           main] tor$SharedEntityManagerInvocationHandler : Creating new EntityManager for shared EntityManager invocation
2024-05-05T02:26:25.614-04:00 DEBUG 14250 --- [deliveryapp] [           main] o.s.d.r.c.s.RepositoryFactorySupport     : Initializing repository instance for com.example.DeliveryApp.repository.RolRepository…
2024-05-05T02:26:25.614-04:00 DEBUG 14250 --- [deliveryapp] [           main] tor$SharedEntityManagerInvocationHandler : Creating new EntityManager for shared EntityManager invocation
2024-05-05T02:26:25.631-04:00 DEBUG 14250 --- [deliveryapp] [           main] o.s.d.r.c.s.RepositoryFactorySupport     : Finished creation of repository instance for com.example.DeliveryApp.repository.RolRepository.
2024-05-05T02:26:25.631-04:00 DEBUG 14250 --- [deliveryapp] [           main] o.s.b.f.s.DefaultListableBeanFactory     : Creating shared instance of singleton bean 'jpa.named-queries#2'
2024-05-05T02:26:25.632-04:00 DEBUG 14250 --- [deliveryapp] [           main] o.s.b.f.s.DefaultListableBeanFactory     : Creating shared instance of singleton bean 'jpa.DespachoRepository.fragments#0'
2024-05-05T02:26:25.632-04:00 DEBUG 14250 --- [deliveryapp] [           main] o.s.b.f.s.DefaultListableBeanFactory     : Creating shared instance of singleton bean 'despachoRepository'
2024-05-05T02:26:25.633-04:00 DEBUG 14250 --- [deliveryapp] [           main] tor$SharedEntityManagerInvocationHandler : Creating new EntityManager for shared EntityManager invocation
2024-05-05T02:26:25.633-04:00 DEBUG 14250 --- [deliveryapp] [           main] o.s.d.r.c.s.RepositoryFactorySupport     : Initializing repository instance for com.example.DeliveryApp.repository.DespachoRepository…
2024-05-05T02:26:25.634-04:00 DEBUG 14250 --- [deliveryapp] [           main] tor$SharedEntityManagerInvocationHandler : Creating new EntityManager for shared EntityManager invocation
2024-05-05T02:26:25.643-04:00 DEBUG 14250 --- [deliveryapp] [           main] o.s.d.r.c.s.RepositoryFactorySupport     : Finished creation of repository instance for com.example.DeliveryApp.repository.DespachoRepository.
2024-05-05T02:26:25.643-04:00 DEBUG 14250 --- [deliveryapp] [           main] o.s.b.f.s.DefaultListableBeanFactory     : Creating shared instance of singleton bean 'data-jpa.repository-aot-processor#0'
2024-05-05T02:26:25.646-04:00 DEBUG 14250 --- [deliveryapp] [           main] o.s.b.f.s.DefaultListableBeanFactory     : Creating shared instance of singleton bean 'org.springframework.boot.autoconfigure.jdbc.JdbcTemplateConfiguration'
2024-05-05T02:26:25.646-04:00 DEBUG 14250 --- [deliveryapp] [           main] o.s.b.f.s.DefaultListableBeanFactory     : Creating shared instance of singleton bean 'jdbcTemplate'
2024-05-05T02:26:25.646-04:00 DEBUG 14250 --- [deliveryapp] [           main] o.s.b.f.s.DefaultListableBeanFactory     : Creating shared instance of singleton bean 'spring.jdbc-org.springframework.boot.autoconfigure.jdbc.JdbcProperties'
2024-05-05T02:26:25.647-04:00 DEBUG 14250 --- [deliveryapp] [           main] o.s.b.f.s.DefaultListableBeanFactory     : Autowiring by type from bean name 'jdbcTemplate' via factory method to bean named 'dataSource'
2024-05-05T02:26:25.647-04:00 DEBUG 14250 --- [deliveryapp] [           main] o.s.b.f.s.DefaultListableBeanFactory     : Autowiring by type from bean name 'jdbcTemplate' via factory method to bean named 'spring.jdbc-org.springframework.boot.autoconfigure.jdbc.JdbcProperties'
2024-05-05T02:26:25.653-04:00 DEBUG 14250 --- [deliveryapp] [           main] o.s.b.f.s.DefaultListableBeanFactory     : Creating shared instance of singleton bean 'org.springframework.boot.autoconfigure.jdbc.NamedParameterJdbcTemplateConfiguration'
2024-05-05T02:26:25.655-04:00 DEBUG 14250 --- [deliveryapp] [           main] o.s.b.f.s.DefaultListableBeanFactory     : Creating shared instance of singleton bean 'namedParameterJdbcTemplate'
2024-05-05T02:26:25.655-04:00 DEBUG 14250 --- [deliveryapp] [           main] o.s.b.f.s.DefaultListableBeanFactory     : Autowiring by type from bean name 'namedParameterJdbcTemplate' via factory method to bean named 'jdbcTemplate'
2024-05-05T02:26:25.657-04:00 DEBUG 14250 --- [deliveryapp] [           main] o.s.b.f.s.DefaultListableBeanFactory     : Creating shared instance of singleton bean 'org.springframework.boot.autoconfigure.jdbc.JdbcTemplateAutoConfiguration'
2024-05-05T02:26:25.658-04:00 DEBUG 14250 --- [deliveryapp] [           main] o.s.b.f.s.DefaultListableBeanFactory     : Creating shared instance of singleton bean 'org.springframework.boot.autoconfigure.jdbc.JdbcClientAutoConfiguration'
2024-05-05T02:26:25.658-04:00 DEBUG 14250 --- [deliveryapp] [           main] o.s.b.f.s.DefaultListableBeanFactory     : Creating shared instance of singleton bean 'jdbcClient'
2024-05-05T02:26:25.658-04:00 DEBUG 14250 --- [deliveryapp] [           main] o.s.b.f.s.DefaultListableBeanFactory     : Autowiring by type from bean name 'jdbcClient' via factory method to bean named 'namedParameterJdbcTemplate'
2024-05-05T02:26:25.659-04:00 DEBUG 14250 --- [deliveryapp] [           main] o.s.b.f.s.DefaultListableBeanFactory     : Creating shared instance of singleton bean 'org.springframework.boot.autoconfigure.sql.init.SqlInitializationAutoConfiguration'
2024-05-05T02:26:25.659-04:00 DEBUG 14250 --- [deliveryapp] [           main] o.s.b.f.s.DefaultListableBeanFactory     : Creating shared instance of singleton bean 'org.springframework.boot.autoconfigure.jdbc.DataSourceTransactionManagerAutoConfiguration$JdbcTransactionManagerConfiguration'
2024-05-05T02:26:25.659-04:00 DEBUG 14250 --- [deliveryapp] [           main] o.s.b.f.s.DefaultListableBeanFactory     : Creating shared instance of singleton bean 'org.springframework.boot.autoconfigure.jdbc.DataSourceTransactionManagerAutoConfiguration'
2024-05-05T02:26:25.659-04:00 DEBUG 14250 --- [deliveryapp] [           main] o.s.b.f.s.DefaultListableBeanFactory     : Creating shared instance of singleton bean 'org.springframework.boot.autoconfigure.transaction.TransactionAutoConfiguration$EnableTransactionManagementConfiguration$CglibAutoProxyConfiguration'
2024-05-05T02:26:25.659-04:00 DEBUG 14250 --- [deliveryapp] [           main] o.s.b.f.s.DefaultListableBeanFactory     : Creating shared instance of singleton bean 'org.springframework.boot.autoconfigure.transaction.TransactionAutoConfiguration$EnableTransactionManagementConfiguration'
2024-05-05T02:26:25.659-04:00 DEBUG 14250 --- [deliveryapp] [           main] o.s.b.f.s.DefaultListableBeanFactory     : Creating shared instance of singleton bean 'org.springframework.boot.autoconfigure.transaction.TransactionAutoConfiguration$TransactionTemplateConfiguration'
2024-05-05T02:26:25.659-04:00 DEBUG 14250 --- [deliveryapp] [           main] o.s.b.f.s.DefaultListableBeanFactory     : Creating shared instance of singleton bean 'transactionTemplate'
2024-05-05T02:26:25.660-04:00 DEBUG 14250 --- [deliveryapp] [           main] o.s.b.f.s.DefaultListableBeanFactory     : Autowiring by type from bean name 'transactionTemplate' via factory method to bean named 'transactionManager'
2024-05-05T02:26:25.661-04:00 DEBUG 14250 --- [deliveryapp] [           main] o.s.b.f.s.DefaultListableBeanFactory     : Creating shared instance of singleton bean 'org.springframework.boot.autoconfigure.transaction.TransactionAutoConfiguration'
2024-05-05T02:26:25.661-04:00 DEBUG 14250 --- [deliveryapp] [           main] o.s.b.f.s.DefaultListableBeanFactory     : Creating shared instance of singleton bean 'org.springframework.boot.test.autoconfigure.orm.jpa.TestEntityManagerAutoConfiguration'
2024-05-05T02:26:25.661-04:00 DEBUG 14250 --- [deliveryapp] [           main] o.s.b.f.s.DefaultListableBeanFactory     : Creating shared instance of singleton bean 'testEntityManager'
2024-05-05T02:26:25.661-04:00 DEBUG 14250 --- [deliveryapp] [           main] o.s.b.f.s.DefaultListableBeanFactory     : Autowiring by type from bean name 'testEntityManager' via factory method to bean named 'entityManagerFactory'
2024-05-05T02:26:25.666-04:00 DEBUG 14250 --- [deliveryapp] [           main] o.s.c.support.DefaultLifecycleProcessor  : Starting beans in phase -2147483647
2024-05-05T02:26:25.666-04:00 DEBUG 14250 --- [deliveryapp] [           main] o.s.c.support.DefaultLifecycleProcessor  : Successfully started bean 'springBootLoggingLifecycle'
2024-05-05T02:26:25.668-04:00 DEBUG 14250 --- [deliveryapp] [           main] .s.b.a.l.ConditionEvaluationReportLogger : 


============================
CONDITIONS EVALUATION REPORT
============================


Positive matches:
-----------------

   DataSourceAutoConfiguration matched:
      - @ConditionalOnClass found required classes 'javax.sql.DataSource', 'org.springframework.jdbc.datasource.embedded.EmbeddedDatabaseType' (OnClassCondition)
      - @ConditionalOnMissingBean (types: io.r2dbc.spi.ConnectionFactory; SearchStrategy: all) did not find any beans (OnBeanCondition)

   DataSourceAutoConfiguration.PooledDataSourceConfiguration matched:
      - AnyNestedCondition 1 matched 1 did not; NestedCondition on DataSourceAutoConfiguration.PooledDataSourceCondition.PooledDataSourceAvailable PooledDataSource found supported DataSource; NestedCondition on DataSourceAutoConfiguration.PooledDataSourceCondition.ExplicitType @ConditionalOnProperty (spring.datasource.type) did not find property 'type' (DataSourceAutoConfiguration.PooledDataSourceCondition)
      - @ConditionalOnMissingBean (types: javax.sql.DataSource,javax.sql.XADataSource; SearchStrategy: all) did not find any beans (OnBeanCondition)

   DataSourceAutoConfiguration.PooledDataSourceConfiguration#jdbcConnectionDetails matched:
      - @ConditionalOnMissingBean (types: org.springframework.boot.autoconfigure.jdbc.JdbcConnectionDetails; SearchStrategy: all) did not find any beans (OnBeanCondition)

   DataSourceConfiguration.Hikari matched:
      - @ConditionalOnClass found required class 'com.zaxxer.hikari.HikariDataSource' (OnClassCondition)
      - @ConditionalOnProperty (spring.datasource.type=com.zaxxer.hikari.HikariDataSource) matched (OnPropertyCondition)
      - @ConditionalOnMissingBean (types: javax.sql.DataSource; SearchStrategy: all) did not find any beans (OnBeanCondition)

   DataSourceInitializationConfiguration matched:
      - @ConditionalOnClass found required class 'org.springframework.jdbc.datasource.init.DatabasePopulator' (OnClassCondition)
      - @ConditionalOnSingleCandidate (types: javax.sql.DataSource; SearchStrategy: all) found a single bean 'dataSource'; @ConditionalOnMissingBean (types: org.springframework.boot.autoconfigure.sql.init.SqlDataSourceScriptDatabaseInitializer,org.springframework.boot.autoconfigure.sql.init.SqlR2dbcScriptDatabaseInitializer; SearchStrategy: all) did not find any beans (OnBeanCondition)

   DataSourcePoolMetadataProvidersConfiguration.HikariPoolDataSourceMetadataProviderConfiguration matched:
      - @ConditionalOnClass found required class 'com.zaxxer.hikari.HikariDataSource' (OnClassCondition)

   DataSourceTransactionManagerAutoConfiguration matched:
      - @ConditionalOnClass found required classes 'org.springframework.jdbc.core.JdbcTemplate', 'org.springframework.transaction.TransactionManager' (OnClassCondition)

   DataSourceTransactionManagerAutoConfiguration.JdbcTransactionManagerConfiguration matched:
      - @ConditionalOnSingleCandidate (types: javax.sql.DataSource; SearchStrategy: all) found a single bean 'dataSource' (OnBeanCondition)

   HibernateJpaAutoConfiguration matched:
      - @ConditionalOnClass found required classes 'org.springframework.orm.jpa.LocalContainerEntityManagerFactoryBean', 'jakarta.persistence.EntityManager', 'org.hibernate.engine.spi.SessionImplementor' (OnClassCondition)

   HibernateJpaConfiguration matched:
      - @ConditionalOnSingleCandidate (types: javax.sql.DataSource; SearchStrategy: all) found a single bean 'dataSource' (OnBeanCondition)

   JdbcClientAutoConfiguration matched:
      - @ConditionalOnSingleCandidate (types: org.springframework.jdbc.core.namedparam.NamedParameterJdbcTemplate; SearchStrategy: all) found a single bean 'namedParameterJdbcTemplate'; @ConditionalOnMissingBean (types: org.springframework.jdbc.core.simple.JdbcClient; SearchStrategy: all) did not find any beans (OnBeanCondition)

   JdbcTemplateAutoConfiguration matched:
      - @ConditionalOnClass found required classes 'javax.sql.DataSource', 'org.springframework.jdbc.core.JdbcTemplate' (OnClassCondition)
      - @ConditionalOnSingleCandidate (types: javax.sql.DataSource; SearchStrategy: all) found a single bean 'dataSource' (OnBeanCondition)

   JdbcTemplateConfiguration matched:
      - @ConditionalOnMissingBean (types: org.springframework.jdbc.core.JdbcOperations; SearchStrategy: all) did not find any beans (OnBeanCondition)

   JpaBaseConfiguration#entityManagerFactory matched:
      - @ConditionalOnMissingBean (types: org.springframework.orm.jpa.LocalContainerEntityManagerFactoryBean,jakarta.persistence.EntityManagerFactory; SearchStrategy: all) did not find any beans (OnBeanCondition)

   JpaBaseConfiguration#entityManagerFactoryBuilder matched:
      - @ConditionalOnMissingBean (types: org.springframework.boot.orm.jpa.EntityManagerFactoryBuilder; SearchStrategy: all) did not find any beans (OnBeanCondition)

   JpaBaseConfiguration#jpaVendorAdapter matched:
      - @ConditionalOnMissingBean (types: org.springframework.orm.jpa.JpaVendorAdapter; SearchStrategy: all) did not find any beans (OnBeanCondition)

   JpaBaseConfiguration#transactionManager matched:
      - @ConditionalOnMissingBean (types: org.springframework.transaction.TransactionManager; SearchStrategy: all) did not find any beans (OnBeanCondition)

   JpaBaseConfiguration.PersistenceManagedTypesConfiguration matched:
      - @ConditionalOnMissingBean (types: org.springframework.orm.jpa.LocalContainerEntityManagerFactoryBean,jakarta.persistence.EntityManagerFactory; SearchStrategy: all) did not find any beans (OnBeanCondition)

   JpaBaseConfiguration.PersistenceManagedTypesConfiguration#persistenceManagedTypes matched:
      - @ConditionalOnMissingBean (types: org.springframework.orm.jpa.persistenceunit.PersistenceManagedTypes; SearchStrategy: all) did not find any beans (OnBeanCondition)

   JpaRepositoriesAutoConfiguration matched:
      - @ConditionalOnClass found required class 'org.springframework.data.jpa.repository.JpaRepository' (OnClassCondition)
      - @ConditionalOnProperty (spring.data.jpa.repositories.enabled=true) matched (OnPropertyCondition)
      - @ConditionalOnBean (types: javax.sql.DataSource; SearchStrategy: all) found bean 'dataSource'; @ConditionalOnMissingBean (types: org.springframework.data.jpa.repository.support.JpaRepositoryFactoryBean,org.springframework.data.jpa.repository.config.JpaRepositoryConfigExtension; SearchStrategy: all) did not find any beans (OnBeanCondition)

   NamedParameterJdbcTemplateConfiguration matched:
      - @ConditionalOnSingleCandidate (types: org.springframework.jdbc.core.JdbcTemplate; SearchStrategy: all) found a single bean 'jdbcTemplate'; @ConditionalOnMissingBean (types: org.springframework.jdbc.core.namedparam.NamedParameterJdbcOperations; SearchStrategy: all) did not find any beans (OnBeanCondition)

   NoOpCacheConfiguration matched:
      - Cache org.springframework.boot.autoconfigure.cache.NoOpCacheConfiguration NONE cache type (CacheCondition)

   SqlInitializationAutoConfiguration matched:
      - @ConditionalOnProperty (spring.sql.init.enabled) matched (OnPropertyCondition)
      - NoneNestedConditions 0 matched 1 did not; NestedCondition on SqlInitializationAutoConfiguration.SqlInitializationModeCondition.ModeIsNever @ConditionalOnProperty (spring.sql.init.mode=never) did not find property 'mode' (SqlInitializationAutoConfiguration.SqlInitializationModeCondition)

   TestEntityManagerAutoConfiguration matched:
      - @ConditionalOnClass found required class 'jakarta.persistence.EntityManagerFactory' (OnClassCondition)

   TestEntityManagerAutoConfiguration#testEntityManager matched:
      - @ConditionalOnMissingBean (types: org.springframework.boot.test.autoconfigure.orm.jpa.TestEntityManager; SearchStrategy: all) did not find any beans (OnBeanCondition)

   TransactionAutoConfiguration matched:
      - @ConditionalOnClass found required class 'org.springframework.transaction.PlatformTransactionManager' (OnClassCondition)

   TransactionAutoConfiguration.EnableTransactionManagementConfiguration matched:
      - @ConditionalOnBean (types: org.springframework.transaction.TransactionManager; SearchStrategy: all) found bean 'transactionManager'; @ConditionalOnMissingBean (types: org.springframework.transaction.annotation.AbstractTransactionManagementConfiguration; SearchStrategy: all) did not find any beans (OnBeanCondition)

   TransactionAutoConfiguration.EnableTransactionManagementConfiguration.CglibAutoProxyConfiguration matched:
      - @ConditionalOnProperty (spring.aop.proxy-target-class=true) matched (OnPropertyCondition)

   TransactionAutoConfiguration.TransactionTemplateConfiguration matched:
      - @ConditionalOnSingleCandidate (types: org.springframework.transaction.PlatformTransactionManager; SearchStrategy: all) found a single bean 'transactionManager' (OnBeanCondition)

   TransactionAutoConfiguration.TransactionTemplateConfiguration#transactionTemplate matched:
      - @ConditionalOnMissingBean (types: org.springframework.transaction.support.TransactionOperations; SearchStrategy: all) did not find any beans (OnBeanCondition)


Negative matches:
-----------------

   Cache2kCacheConfiguration:
      Did not match:
         - @ConditionalOnClass did not find required class 'org.cache2k.Cache2kBuilder' (OnClassCondition)

   CacheAutoConfiguration:
      Did not match:
         - @ConditionalOnBean (types: org.springframework.cache.interceptor.CacheAspectSupport; SearchStrategy: all) did not find any beans of type org.springframework.cache.interceptor.CacheAspectSupport (OnBeanCondition)
      Matched:
         - @ConditionalOnClass found required class 'org.springframework.cache.CacheManager' (OnClassCondition)

   CacheAutoConfiguration.CacheManagerEntityManagerFactoryDependsOnPostProcessor:
      Did not match:
         - Ancestor org.springframework.boot.autoconfigure.cache.CacheAutoConfiguration did not match (ConditionEvaluationReport.AncestorsMatchedCondition)
      Matched:
         - @ConditionalOnClass found required class 'org.springframework.orm.jpa.LocalContainerEntityManagerFactoryBean' (OnClassCondition)

   CaffeineCacheConfiguration:
      Did not match:
         - @ConditionalOnClass did not find required class 'com.github.benmanes.caffeine.cache.Caffeine' (OnClassCondition)

   CouchbaseCacheConfiguration:
      Did not match:
         - @ConditionalOnClass did not find required class 'com.couchbase.client.java.Cluster' (OnClassCondition)

   DataSourceAutoConfiguration.EmbeddedDatabaseConfiguration:
      Did not match:
         - EmbeddedDataSource spring.datasource.url is set (DataSourceAutoConfiguration.EmbeddedDatabaseCondition)

   DataSourceCheckpointRestoreConfiguration:
      Did not match:
         - @ConditionalOnClass did not find required class 'org.crac.Resource' (OnClassCondition)

   DataSourceConfiguration.Dbcp2:
      Did not match:
         - @ConditionalOnClass did not find required class 'org.apache.commons.dbcp2.BasicDataSource' (OnClassCondition)

   DataSourceConfiguration.Generic:
      Did not match:
         - @ConditionalOnProperty (spring.datasource.type) did not find property 'spring.datasource.type' (OnPropertyCondition)

   DataSourceConfiguration.OracleUcp:
      Did not match:
         - @ConditionalOnClass did not find required class 'oracle.ucp.jdbc.PoolDataSourceImpl' (OnClassCondition)

   DataSourceConfiguration.Tomcat:
      Did not match:
         - @ConditionalOnClass did not find required class 'org.apache.tomcat.jdbc.pool.DataSource' (OnClassCondition)

   DataSourceJmxConfiguration:
      Did not match:
         - @ConditionalOnProperty (spring.jmx.enabled=true) found different value in property 'enabled' (OnPropertyCondition)

   DataSourcePoolMetadataProvidersConfiguration.CommonsDbcp2PoolDataSourceMetadataProviderConfiguration:
      Did not match:
         - @ConditionalOnClass did not find required class 'org.apache.commons.dbcp2.BasicDataSource' (OnClassCondition)

   DataSourcePoolMetadataProvidersConfiguration.OracleUcpPoolDataSourceMetadataProviderConfiguration:
      Did not match:
         - @ConditionalOnClass did not find required class 'oracle.ucp.jdbc.PoolDataSource' (OnClassCondition)

   DataSourcePoolMetadataProvidersConfiguration.TomcatDataSourcePoolMetadataProviderConfiguration:
      Did not match:
         - @ConditionalOnClass did not find required class 'org.apache.tomcat.jdbc.pool.DataSource' (OnClassCondition)

   DataSourceTransactionManagerAutoConfiguration.JdbcTransactionManagerConfiguration#transactionManager:
      Did not match:
         - @ConditionalOnMissingBean (types: org.springframework.transaction.TransactionManager; SearchStrategy: all) found beans of type 'org.springframework.transaction.TransactionManager' transactionManager (OnBeanCondition)

   FlywayAutoConfiguration:
      Did not match:
         - @ConditionalOnClass did not find required class 'org.flywaydb.core.Flyway' (OnClassCondition)

   GenericCacheConfiguration:
      Did not match:
         - Cache org.springframework.boot.autoconfigure.cache.GenericCacheConfiguration unknown cache type (CacheCondition)

   HazelcastCacheConfiguration:
      Did not match:
         - @ConditionalOnClass did not find required class 'com.hazelcast.core.HazelcastInstance' (OnClassCondition)

   InfinispanCacheConfiguration:
      Did not match:
         - @ConditionalOnClass did not find required class 'org.infinispan.spring.embedded.provider.SpringEmbeddedCacheManager' (OnClassCondition)

   JCacheCacheConfiguration:
      Did not match:
         - @ConditionalOnClass did not find required class 'javax.cache.Caching' (OnClassCondition)

   JpaBaseConfiguration.JpaWebConfiguration:
      Did not match:
         - not a servlet web application (OnWebApplicationCondition)
      Matched:
         - @ConditionalOnClass found required class 'org.springframework.web.servlet.config.annotation.WebMvcConfigurer' (OnClassCondition)

   JpaRepositoriesAutoConfiguration#entityManagerFactoryBootstrapExecutorCustomizer:
      Did not match:
         - AnyNestedCondition 0 matched 2 did not; NestedCondition on JpaRepositoriesAutoConfiguration.BootstrapExecutorCondition.LazyBootstrapMode @ConditionalOnProperty (spring.data.jpa.repositories.bootstrap-mode=lazy) found different value in property 'bootstrap-mode'; NestedCondition on JpaRepositoriesAutoConfiguration.BootstrapExecutorCondition.DeferredBootstrapMode @ConditionalOnProperty (spring.data.jpa.repositories.bootstrap-mode=deferred) found different value in property 'bootstrap-mode' (JpaRepositoriesAutoConfiguration.BootstrapExecutorCondition)

   LiquibaseAutoConfiguration:
      Did not match:
         - @ConditionalOnClass did not find required class 'liquibase.change.DatabaseChange' (OnClassCondition)

   R2dbcInitializationConfiguration:
      Did not match:
         - @ConditionalOnClass did not find required classes 'io.r2dbc.spi.ConnectionFactory', 'org.springframework.r2dbc.connection.init.DatabasePopulator' (OnClassCondition)

   RedisCacheConfiguration:
      Did not match:
         - @ConditionalOnClass did not find required class 'org.springframework.data.redis.connection.RedisConnectionFactory' (OnClassCondition)

   SimpleCacheConfiguration:
      Did not match:
         - Cache org.springframework.boot.autoconfigure.cache.SimpleCacheConfiguration unknown cache type (CacheCondition)

   TestDatabaseAutoConfiguration#dataSource:
      Did not match:
         - @ConditionalOnProperty (spring.test.database.replace=AUTO_CONFIGURED) found different value in property 'replace' (OnPropertyCondition)

   TestDatabaseAutoConfiguration#embeddedDataSourceBeanFactoryPostProcessor:
      Did not match:
         - @ConditionalOnProperty (spring.test.database.replace=ANY) found different value in property 'replace' (OnPropertyCondition)

   TransactionAutoConfiguration#transactionalOperator:
      Did not match:
         - @ConditionalOnSingleCandidate (types: org.springframework.transaction.ReactiveTransactionManager; SearchStrategy: all) did not find any beans (OnBeanCondition)

   TransactionAutoConfiguration.AspectJTransactionManagementConfiguration:
      Did not match:
         - @ConditionalOnBean (types: org.springframework.transaction.aspectj.AbstractTransactionAspect; SearchStrategy: all) did not find any beans of type org.springframework.transaction.aspectj.AbstractTransactionAspect (OnBeanCondition)

   TransactionAutoConfiguration.EnableTransactionManagementConfiguration.JdkDynamicAutoProxyConfiguration:
      Did not match:
         - @ConditionalOnProperty (spring.aop.proxy-target-class=false) did not find property 'proxy-target-class' (OnPropertyCondition)


Exclusions:
-----------

    None


Unconditional classes:
----------------------

    org.springframework.boot.test.autoconfigure.jdbc.TestDatabaseAutoConfiguration



2024-05-05T02:26:25.669-04:00  INFO 14250 --- [deliveryapp] [           main] c.e.D.repository.RegUsuRepositoryTest    : Started RegUsuRepositoryTest in 2.684 seconds (process running for 3.106)
2024-05-05T02:26:25.670-04:00 DEBUG 14250 --- [deliveryapp] [           main] o.s.boot.devtools.restart.Restarter      : Creating new Restarter for thread Thread[#1,main,5,main]
2024-05-05T02:26:25.671-04:00 DEBUG 14250 --- [deliveryapp] [           main] org.springframework.test.context.cache   : Spring test ApplicationContext cache statistics: [DefaultContextCache@260fffec size = 1, maxSize = 32, parentContextCount = 0, hitCount = 0, missCount = 1, failureCount = 0]
2024-05-05T02:26:25.673-04:00 DEBUG 14250 --- [deliveryapp] [           main] org.springframework.test.context.cache   : Spring test ApplicationContext cache statistics: [DefaultContextCache@260fffec size = 1, maxSize = 32, parentContextCount = 0, hitCount = 1, missCount = 1, failureCount = 0]
2024-05-05T02:26:25.675-04:00 DEBUG 14250 --- [deliveryapp] [           main] sContextBeforeModesTestExecutionListener : Before test method: class [RegUsuRepositoryTest], method [buscarUsuarioPorUsernameTest], class annotated with @DirtiesContext [false] with mode [null], method annotated with @DirtiesContext [false] with mode [null]
2024-05-05T02:26:25.678-04:00 DEBUG 14250 --- [deliveryapp] [           main] t.c.t.TransactionalTestExecutionListener : Explicit transaction definition [PROPAGATION_REQUIRED,ISOLATION_DEFAULT] found for test class [com.example.DeliveryApp.repository.RegUsuRepositoryTest] and test method [buscarUsuarioPorUsernameTest]
2024-05-05T02:26:25.678-04:00 DEBUG 14250 --- [deliveryapp] [           main] org.springframework.test.context.cache   : Spring test ApplicationContext cache statistics: [DefaultContextCache@260fffec size = 1, maxSize = 32, parentContextCount = 0, hitCount = 2, missCount = 1, failureCount = 0]
2024-05-05T02:26:25.678-04:00 DEBUG 14250 --- [deliveryapp] [           main] t.c.t.TransactionalTestExecutionListener : No method-level @Rollback override: using default rollback [true] for test method [public void com.example.DeliveryApp.repository.RegUsuRepositoryTest.buscarUsuarioPorUsernameTest()]
2024-05-05T02:26:25.679-04:00 DEBUG 14250 --- [deliveryapp] [           main] o.s.orm.jpa.JpaTransactionManager        : Creating new transaction with name [com.example.DeliveryApp.repository.RegUsuRepositoryTest.buscarUsuarioPorUsernameTest]: PROPAGATION_REQUIRED,ISOLATION_DEFAULT
2024-05-05T02:26:25.679-04:00 DEBUG 14250 --- [deliveryapp] [           main] o.s.orm.jpa.JpaTransactionManager        : Opened new EntityManager [SessionImpl(1671164933<open>)] for JPA transaction
2024-05-05T02:26:25.680-04:00 DEBUG 14250 --- [deliveryapp] [           main] o.h.e.t.internal.TransactionImpl         : On TransactionImpl creation, JpaCompliance#isJpaTransactionComplianceEnabled == false
2024-05-05T02:26:25.680-04:00 DEBUG 14250 --- [deliveryapp] [           main] o.h.e.t.internal.TransactionImpl         : begin
2024-05-05T02:26:25.698-04:00 DEBUG 14250 --- [deliveryapp] [           main] o.s.orm.jpa.JpaTransactionManager        : Exposing JPA transaction as JDBC [org.springframework.orm.jpa.vendor.HibernateJpaDialect$HibernateConnectionHandle@5a6d4dee]
2024-05-05T02:26:25.698-04:00 DEBUG 14250 --- [deliveryapp] [           main] o.s.t.c.transaction.TransactionContext   : Began transaction (1) for test class [com.example.DeliveryApp.repository.RegUsuRepositoryTest]; test method [buscarUsuarioPorUsernameTest]; transaction manager [org.springframework.orm.jpa.JpaTransactionManager@e2498a3]; rollback [true]
2024-05-05T02:26:25.698-04:00 DEBUG 14250 --- [deliveryapp] [           main] org.springframework.test.context.cache   : Spring test ApplicationContext cache statistics: [DefaultContextCache@260fffec size = 1, maxSize = 32, parentContextCount = 0, hitCount = 3, missCount = 1, failureCount = 0]
2024-05-05T02:26:25.699-04:00 DEBUG 14250 --- [deliveryapp] [           main] org.springframework.test.context.cache   : Spring test ApplicationContext cache statistics: [DefaultContextCache@260fffec size = 1, maxSize = 32, parentContextCount = 0, hitCount = 4, missCount = 1, failureCount = 0]
2024-05-05T02:26:26.006-04:00 DEBUG 14250 --- [deliveryapp] [           main] org.springframework.test.context.cache   : Spring test ApplicationContext cache statistics: [DefaultContextCache@260fffec size = 1, maxSize = 32, parentContextCount = 0, hitCount = 5, missCount = 1, failureCount = 0]
2024-05-05T02:26:26.012-04:00 DEBUG 14250 --- [deliveryapp] [           main] o.s.orm.jpa.JpaTransactionManager        : Found thread-bound EntityManager [SessionImpl(1671164933<open>)] for JPA transaction
2024-05-05T02:26:26.012-04:00 DEBUG 14250 --- [deliveryapp] [           main] o.s.orm.jpa.JpaTransactionManager        : Participating in existing transaction
2024-05-05T02:26:26.014-04:00 DEBUG 14250 --- [deliveryapp] [           main] o.h.j.internal.PersistenceUnitUtilImpl   : jakarta.persistence.PersistenceUnitUtil.getIdentifier is only intended to work with enhanced entities (although Hibernate also adapts this support to its proxies); however the passed entity was not enhanced (nor a proxy).. may not be able to read identifier
2024-05-05T02:26:26.020-04:00 DEBUG 14250 --- [deliveryapp] [           main] org.hibernate.engine.spi.ActionQueue     : Executing identity-insert immediately
2024-05-05T02:26:26.032-04:00 DEBUG 14250 --- [deliveryapp] [           main] org.hibernate.SQL                        : insert into usuarios (password,username,id) values (?,?,default)
Hibernate: insert into usuarios (password,username,id) values (?,?,default)
2024-05-05T02:26:26.085-04:00 DEBUG 14250 --- [deliveryapp] [           main] o.h.id.IdentifierGeneratorHelper         : Natively generated identity (com.example.DeliveryApp.model.Usuario) : 29
2024-05-05T02:26:26.118-04:00 DEBUG 14250 --- [deliveryapp] [           main] org.hibernate.orm.sql.ast.create         : Created new SQL alias : u1_0
2024-05-05T02:26:26.118-04:00 DEBUG 14250 --- [deliveryapp] [           main] org.hibernate.orm.sql.ast.create         : Registration of TableGroup [StandardTableGroup(com.example.DeliveryApp.model.Usuario(108870718931541))] with identifierForTableGroup [com.example.DeliveryApp.model.Usuario] for NavigablePath [com.example.DeliveryApp.model.Usuario] 
2024-05-05T02:26:26.122-04:00 DEBUG 14250 --- [deliveryapp] [           main] o.h.q.sqm.sql.BaseSqmToSqlAstConverter   : Determining mapping-model type for SqmParameter : org.hibernate.query.sqm.tree.expression.SqmJpaCriteriaParameterWrapper@7baea18b
2024-05-05T02:26:26.122-04:00 DEBUG 14250 --- [deliveryapp] [           main] o.h.q.sqm.sql.BaseSqmToSqlAstConverter   : Determining mapping-model type for SqmPath : SqmBasicValuedSimplePath(com.example.DeliveryApp.model.Usuario(108870718931541).username) 
2024-05-05T02:26:26.124-04:00 DEBUG 14250 --- [deliveryapp] [           main] org.hibernate.orm.results.graph.AST      : DomainResult Graph:
 \-EntityResultImpl [com.example.DeliveryApp.model.Usuario(108870718931541)]
 |  +-DelayedCollectionFetch [com.example.DeliveryApp.model.Usuario(108870718931541).despachos]
 |  +-BasicFetch [com.example.DeliveryApp.model.Usuario(108870718931541).password]
 |  +-DelayedCollectionFetch [com.example.DeliveryApp.model.Usuario(108870718931541).roles]
 |  \-BasicFetch [com.example.DeliveryApp.model.Usuario(108870718931541).username]

2024-05-05T02:26:26.124-04:00 DEBUG 14250 --- [deliveryapp] [           main] org.hibernate.orm.sql.ast.tree           : SQL AST Tree:
    SelectStatement {
      FromClause {
        StandardTableGroup (u1 : com.example.DeliveryApp.model.Usuario(108870718931541)) {
          primaryTableReference : usuarios as u1_0
        }
      }
    }

2024-05-05T02:26:26.126-04:00 DEBUG 14250 --- [deliveryapp] [           main] o.h.e.i.AbstractFlushingEventListener    : Processing flush-time cascades
2024-05-05T02:26:26.126-04:00 DEBUG 14250 --- [deliveryapp] [           main] o.h.e.i.AbstractFlushingEventListener    : Dirty checking collections
2024-05-05T02:26:26.128-04:00 DEBUG 14250 --- [deliveryapp] [           main] o.h.e.i.AbstractFlushingEventListener    : Flushed: 0 insertions, 0 updates, 0 deletions to 1 objects
2024-05-05T02:26:26.128-04:00 DEBUG 14250 --- [deliveryapp] [           main] o.h.e.i.AbstractFlushingEventListener    : Flushed: 0 (re)creations, 0 updates, 0 removals to 0 collections
2024-05-05T02:26:26.128-04:00 DEBUG 14250 --- [deliveryapp] [           main] o.hibernate.internal.util.EntityPrinter  : Listing entities:
2024-05-05T02:26:26.128-04:00 DEBUG 14250 --- [deliveryapp] [           main] o.hibernate.internal.util.EntityPrinter  : com.example.DeliveryApp.model.Usuario{password=password_prueba, roles=null, id=29, despachos=null, username=usuario_prueba}
2024-05-05T02:26:26.131-04:00 DEBUG 14250 --- [deliveryapp] [           main] org.hibernate.orm.sql.exec               : Skipping reading Query result cache data: cache-enabled = false, cache-mode = NORMAL
2024-05-05T02:26:26.137-04:00 DEBUG 14250 --- [deliveryapp] [           main] org.hibernate.orm.results                : Initializer list:
	  com.example.DeliveryApp.model.Usuario(108870718931541) -> EntityResultInitializer(com.example.DeliveryApp.model.Usuario(108870718931541))@1826145139 (SingleTableEntityPersister(com.example.DeliveryApp.model.Usuario))
	  com.example.DeliveryApp.model.Usuario(108870718931541).roles -> DelayedCollectionInitializer(com.example.DeliveryApp.model.Usuario(108870718931541).roles)@1151309352 (PluralAttribute(com.example.DeliveryApp.model.Usuario.roles))
	  com.example.DeliveryApp.model.Usuario(108870718931541).despachos -> DelayedCollectionInitializer(com.example.DeliveryApp.model.Usuario(108870718931541).despachos)@1922191129 (PluralAttribute(com.example.DeliveryApp.model.Usuario.despachos))

2024-05-05T02:26:26.138-04:00 DEBUG 14250 --- [deliveryapp] [           main] org.hibernate.SQL                        : select u1_0.id,u1_0.password,u1_0.username from usuarios u1_0 where u1_0.username=?
Hibernate: select u1_0.id,u1_0.password,u1_0.username from usuarios u1_0 where u1_0.username=?
2024-05-05T02:26:26.157-04:00 DEBUG 14250 --- [deliveryapp] [           main] org.hibernate.orm.results                : Extracted JDBC value [0] - [29]
2024-05-05T02:26:26.157-04:00 DEBUG 14250 --- [deliveryapp] [           main] o.hibernate.orm.results.loading.entity   : (EntityResultInitializer) Hydrated EntityKey (com.example.DeliveryApp.model.Usuario(108870718931541)): 29
2024-05-05T02:26:26.157-04:00 DEBUG 14250 --- [deliveryapp] [           main] org.hibernate.orm.results                : Extracted JDBC value [0] - [29]
2024-05-05T02:26:26.157-04:00 DEBUG 14250 --- [deliveryapp] [           main] o.h.o.r.l.o.h.o.r.loading.collection     : (DelayedCollectionInitializer) Current row collection key : com.example.DeliveryApp.model.Usuario(108870718931541).despachos#29
2024-05-05T02:26:26.157-04:00 DEBUG 14250 --- [deliveryapp] [           main] org.hibernate.orm.results                : Extracted JDBC value [0] - [29]
2024-05-05T02:26:26.157-04:00 DEBUG 14250 --- [deliveryapp] [           main] o.h.o.r.l.o.h.o.r.loading.collection     : (DelayedCollectionInitializer) Current row collection key : com.example.DeliveryApp.model.Usuario(108870718931541).roles#29
2024-05-05T02:26:26.157-04:00 DEBUG 14250 --- [deliveryapp] [           main] org.hibernate.orm.results.loading        : Calling top-level assembler (0 / 1) : org.hibernate.sql.results.graph.entity.internal.EntityAssembler@251db193
2024-05-05T02:26:26.161-04:00 DEBUG 14250 --- [deliveryapp] [           main] org.springframework.test.context.cache   : Spring test ApplicationContext cache statistics: [DefaultContextCache@260fffec size = 1, maxSize = 32, parentContextCount = 0, hitCount = 6, missCount = 1, failureCount = 0]
2024-05-05T02:26:26.161-04:00 DEBUG 14250 --- [deliveryapp] [           main] org.springframework.test.context.cache   : Spring test ApplicationContext cache statistics: [DefaultContextCache@260fffec size = 1, maxSize = 32, parentContextCount = 0, hitCount = 7, missCount = 1, failureCount = 0]
2024-05-05T02:26:26.161-04:00 DEBUG 14250 --- [deliveryapp] [           main] org.springframework.test.context.cache   : Spring test ApplicationContext cache statistics: [DefaultContextCache@260fffec size = 1, maxSize = 32, parentContextCount = 0, hitCount = 8, missCount = 1, failureCount = 0]
2024-05-05T02:26:26.162-04:00 DEBUG 14250 --- [deliveryapp] [           main] org.springframework.test.context.cache   : Spring test ApplicationContext cache statistics: [DefaultContextCache@260fffec size = 1, maxSize = 32, parentContextCount = 0, hitCount = 9, missCount = 1, failureCount = 0]
2024-05-05T02:26:26.162-04:00 DEBUG 14250 --- [deliveryapp] [           main] org.springframework.test.context.cache   : Spring test ApplicationContext cache statistics: [DefaultContextCache@260fffec size = 1, maxSize = 32, parentContextCount = 0, hitCount = 10, missCount = 1, failureCount = 0]
2024-05-05T02:26:26.162-04:00 DEBUG 14250 --- [deliveryapp] [           main] org.springframework.test.context.cache   : Spring test ApplicationContext cache statistics: [DefaultContextCache@260fffec size = 1, maxSize = 32, parentContextCount = 0, hitCount = 11, missCount = 1, failureCount = 0]
2024-05-05T02:26:26.163-04:00 DEBUG 14250 --- [deliveryapp] [           main] o.s.orm.jpa.JpaTransactionManager        : Initiating transaction rollback
2024-05-05T02:26:26.163-04:00 DEBUG 14250 --- [deliveryapp] [           main] o.s.orm.jpa.JpaTransactionManager        : Rolling back JPA transaction on EntityManager [SessionImpl(1671164933<open>)]
2024-05-05T02:26:26.163-04:00 DEBUG 14250 --- [deliveryapp] [           main] o.h.e.t.internal.TransactionImpl         : rolling back
2024-05-05T02:26:26.182-04:00 DEBUG 14250 --- [deliveryapp] [           main] o.s.orm.jpa.JpaTransactionManager        : Closing JPA EntityManager [SessionImpl(1671164933<open>)] after transaction
2024-05-05T02:26:26.182-04:00 DEBUG 14250 --- [deliveryapp] [           main] o.s.t.c.transaction.TransactionContext   : Rolled back transaction (1) for test class [com.example.DeliveryApp.repository.RegUsuRepositoryTest]; test method [buscarUsuarioPorUsernameTest]
2024-05-05T02:26:26.182-04:00 DEBUG 14250 --- [deliveryapp] [           main] .c.s.DirtiesContextTestExecutionListener : After test method: class [RegUsuRepositoryTest], method [buscarUsuarioPorUsernameTest], class annotated with @DirtiesContext [false] with mode [null], method annotated with @DirtiesContext [false] with mode [null]
]]></system-out>
    <system-err><![CDATA[WARNING: A Java agent has been loaded dynamically (/Users/pablojavier/.m2/repository/net/bytebuddy/byte-buddy-agent/1.14.12/byte-buddy-agent-1.14.12.jar)
WARNING: If a serviceability tool is in use, please run with -XX:+EnableDynamicAgentLoading to hide this warning
WARNING: If a serviceability tool is not in use, please run with -Djdk.instrument.traceUsage for more information
WARNING: Dynamic loading of agents will be disallowed by default in a future release
]]></system-err>
  </testcase>
  <testcase name="guardarUsuarioTest" classname="com.example.DeliveryApp.repository.RegUsuRepositoryTest" time="0.056">
    <system-out><![CDATA[2024-05-05T02:26:26.185-04:00 DEBUG 14250 --- [deliveryapp] [           main] DependencyInjectionTestExecutionListener : Performing dependency injection for test class com.example.DeliveryApp.repository.RegUsuRepositoryTest
2024-05-05T02:26:26.185-04:00 DEBUG 14250 --- [deliveryapp] [           main] org.springframework.test.context.cache   : Spring test ApplicationContext cache statistics: [DefaultContextCache@260fffec size = 1, maxSize = 32, parentContextCount = 0, hitCount = 12, missCount = 1, failureCount = 0]
2024-05-05T02:26:26.185-04:00 DEBUG 14250 --- [deliveryapp] [           main] org.springframework.test.context.cache   : Spring test ApplicationContext cache statistics: [DefaultContextCache@260fffec size = 1, maxSize = 32, parentContextCount = 0, hitCount = 13, missCount = 1, failureCount = 0]
2024-05-05T02:26:26.186-04:00 DEBUG 14250 --- [deliveryapp] [           main] sContextBeforeModesTestExecutionListener : Before test method: class [RegUsuRepositoryTest], method [guardarUsuarioTest], class annotated with @DirtiesContext [false] with mode [null], method annotated with @DirtiesContext [false] with mode [null]
2024-05-05T02:26:26.186-04:00 DEBUG 14250 --- [deliveryapp] [           main] t.c.t.TransactionalTestExecutionListener : Explicit transaction definition [PROPAGATION_REQUIRED,ISOLATION_DEFAULT] found for test class [com.example.DeliveryApp.repository.RegUsuRepositoryTest] and test method [guardarUsuarioTest]
2024-05-05T02:26:26.186-04:00 DEBUG 14250 --- [deliveryapp] [           main] org.springframework.test.context.cache   : Spring test ApplicationContext cache statistics: [DefaultContextCache@260fffec size = 1, maxSize = 32, parentContextCount = 0, hitCount = 14, missCount = 1, failureCount = 0]
2024-05-05T02:26:26.186-04:00 DEBUG 14250 --- [deliveryapp] [           main] t.c.t.TransactionalTestExecutionListener : No method-level @Rollback override: using default rollback [true] for test method [public void com.example.DeliveryApp.repository.RegUsuRepositoryTest.guardarUsuarioTest()]
2024-05-05T02:26:26.186-04:00 DEBUG 14250 --- [deliveryapp] [           main] o.s.orm.jpa.JpaTransactionManager        : Creating new transaction with name [com.example.DeliveryApp.repository.RegUsuRepositoryTest.guardarUsuarioTest]: PROPAGATION_REQUIRED,ISOLATION_DEFAULT
2024-05-05T02:26:26.186-04:00 DEBUG 14250 --- [deliveryapp] [           main] o.s.orm.jpa.JpaTransactionManager        : Opened new EntityManager [SessionImpl(1830305819<open>)] for JPA transaction
2024-05-05T02:26:26.186-04:00 DEBUG 14250 --- [deliveryapp] [           main] o.h.e.t.internal.TransactionImpl         : On TransactionImpl creation, JpaCompliance#isJpaTransactionComplianceEnabled == false
2024-05-05T02:26:26.186-04:00 DEBUG 14250 --- [deliveryapp] [           main] o.h.e.t.internal.TransactionImpl         : begin
2024-05-05T02:26:26.186-04:00 DEBUG 14250 --- [deliveryapp] [           main] o.s.orm.jpa.JpaTransactionManager        : Exposing JPA transaction as JDBC [org.springframework.orm.jpa.vendor.HibernateJpaDialect$HibernateConnectionHandle@1ebcfcf1]
2024-05-05T02:26:26.186-04:00 DEBUG 14250 --- [deliveryapp] [           main] o.s.t.c.transaction.TransactionContext   : Began transaction (1) for test class [com.example.DeliveryApp.repository.RegUsuRepositoryTest]; test method [guardarUsuarioTest]; transaction manager [org.springframework.orm.jpa.JpaTransactionManager@e2498a3]; rollback [true]
2024-05-05T02:26:26.186-04:00 DEBUG 14250 --- [deliveryapp] [           main] org.springframework.test.context.cache   : Spring test ApplicationContext cache statistics: [DefaultContextCache@260fffec size = 1, maxSize = 32, parentContextCount = 0, hitCount = 15, missCount = 1, failureCount = 0]
2024-05-05T02:26:26.186-04:00 DEBUG 14250 --- [deliveryapp] [           main] org.springframework.test.context.cache   : Spring test ApplicationContext cache statistics: [DefaultContextCache@260fffec size = 1, maxSize = 32, parentContextCount = 0, hitCount = 16, missCount = 1, failureCount = 0]
2024-05-05T02:26:26.187-04:00 DEBUG 14250 --- [deliveryapp] [           main] org.springframework.test.context.cache   : Spring test ApplicationContext cache statistics: [DefaultContextCache@260fffec size = 1, maxSize = 32, parentContextCount = 0, hitCount = 17, missCount = 1, failureCount = 0]
2024-05-05T02:26:26.187-04:00 DEBUG 14250 --- [deliveryapp] [           main] o.s.orm.jpa.JpaTransactionManager        : Found thread-bound EntityManager [SessionImpl(1830305819<open>)] for JPA transaction
2024-05-05T02:26:26.187-04:00 DEBUG 14250 --- [deliveryapp] [           main] o.s.orm.jpa.JpaTransactionManager        : Participating in existing transaction
2024-05-05T02:26:26.187-04:00 DEBUG 14250 --- [deliveryapp] [           main] o.h.j.internal.PersistenceUnitUtilImpl   : jakarta.persistence.PersistenceUnitUtil.getIdentifier is only intended to work with enhanced entities (although Hibernate also adapts this support to its proxies); however the passed entity was not enhanced (nor a proxy).. may not be able to read identifier
2024-05-05T02:26:26.187-04:00 DEBUG 14250 --- [deliveryapp] [           main] org.hibernate.engine.spi.ActionQueue     : Executing identity-insert immediately
2024-05-05T02:26:26.188-04:00 DEBUG 14250 --- [deliveryapp] [           main] org.hibernate.SQL                        : insert into usuarios (password,username,id) values (?,?,default)
Hibernate: insert into usuarios (password,username,id) values (?,?,default)
2024-05-05T02:26:26.223-04:00 DEBUG 14250 --- [deliveryapp] [           main] o.h.id.IdentifierGeneratorHelper         : Natively generated identity (com.example.DeliveryApp.model.Usuario) : 30
2024-05-05T02:26:26.223-04:00 DEBUG 14250 --- [deliveryapp] [           main] org.springframework.test.context.cache   : Spring test ApplicationContext cache statistics: [DefaultContextCache@260fffec size = 1, maxSize = 32, parentContextCount = 0, hitCount = 18, missCount = 1, failureCount = 0]
2024-05-05T02:26:26.223-04:00 DEBUG 14250 --- [deliveryapp] [           main] org.springframework.test.context.cache   : Spring test ApplicationContext cache statistics: [DefaultContextCache@260fffec size = 1, maxSize = 32, parentContextCount = 0, hitCount = 19, missCount = 1, failureCount = 0]
2024-05-05T02:26:26.223-04:00 DEBUG 14250 --- [deliveryapp] [           main] org.springframework.test.context.cache   : Spring test ApplicationContext cache statistics: [DefaultContextCache@260fffec size = 1, maxSize = 32, parentContextCount = 0, hitCount = 20, missCount = 1, failureCount = 0]
2024-05-05T02:26:26.223-04:00 DEBUG 14250 --- [deliveryapp] [           main] org.springframework.test.context.cache   : Spring test ApplicationContext cache statistics: [DefaultContextCache@260fffec size = 1, maxSize = 32, parentContextCount = 0, hitCount = 21, missCount = 1, failureCount = 0]
2024-05-05T02:26:26.223-04:00 DEBUG 14250 --- [deliveryapp] [           main] org.springframework.test.context.cache   : Spring test ApplicationContext cache statistics: [DefaultContextCache@260fffec size = 1, maxSize = 32, parentContextCount = 0, hitCount = 22, missCount = 1, failureCount = 0]
2024-05-05T02:26:26.224-04:00 DEBUG 14250 --- [deliveryapp] [           main] org.springframework.test.context.cache   : Spring test ApplicationContext cache statistics: [DefaultContextCache@260fffec size = 1, maxSize = 32, parentContextCount = 0, hitCount = 23, missCount = 1, failureCount = 0]
2024-05-05T02:26:26.224-04:00 DEBUG 14250 --- [deliveryapp] [           main] o.s.orm.jpa.JpaTransactionManager        : Initiating transaction rollback
2024-05-05T02:26:26.224-04:00 DEBUG 14250 --- [deliveryapp] [           main] o.s.orm.jpa.JpaTransactionManager        : Rolling back JPA transaction on EntityManager [SessionImpl(1830305819<open>)]
2024-05-05T02:26:26.224-04:00 DEBUG 14250 --- [deliveryapp] [           main] o.h.e.t.internal.TransactionImpl         : rolling back
2024-05-05T02:26:26.241-04:00 DEBUG 14250 --- [deliveryapp] [           main] o.s.orm.jpa.JpaTransactionManager        : Closing JPA EntityManager [SessionImpl(1830305819<open>)] after transaction
2024-05-05T02:26:26.241-04:00 DEBUG 14250 --- [deliveryapp] [           main] o.s.t.c.transaction.TransactionContext   : Rolled back transaction (1) for test class [com.example.DeliveryApp.repository.RegUsuRepositoryTest]; test method [guardarUsuarioTest]
2024-05-05T02:26:26.241-04:00 DEBUG 14250 --- [deliveryapp] [           main] .c.s.DirtiesContextTestExecutionListener : After test method: class [RegUsuRepositoryTest], method [guardarUsuarioTest], class annotated with @DirtiesContext [false] with mode [null], method annotated with @DirtiesContext [false] with mode [null]
]]></system-out>
  </testcase>
</testsuite>